[0.133s] DEBUG:colcon:Command line arguments: ['/usr/bin/colcon', 'build', '--symlink-install']
[0.133s] DEBUG:colcon:Parsed command line arguments: Namespace(log_base=None, log_level=None, verb_name='build', build_base='build', install_base='install', merge_install=False, symlink_install=True, test_result_base=None, continue_on_error=False, executor='parallel', parallel_workers=16, event_handlers=None, ignore_user_meta=False, metas=['./colcon.meta'], base_paths=['.'], packages_ignore=None, packages_ignore_regex=None, paths=None, packages_up_to=None, packages_up_to_regex=None, packages_above=None, packages_above_and_dependencies=None, packages_above_depth=None, packages_select_by_dep=None, packages_skip_by_dep=None, packages_skip_up_to=None, packages_select_build_failed=False, packages_skip_build_finished=False, packages_select_test_failures=False, packages_skip_test_passed=False, packages_select=None, packages_skip=None, packages_select_regex=None, packages_skip_regex=None, packages_start=None, packages_end=None, allow_overriding=[], cmake_args=None, cmake_target=None, cmake_target_skip_unavailable=False, cmake_clean_cache=False, cmake_clean_first=False, cmake_force_configure=False, ament_cmake_args=None, catkin_cmake_args=None, catkin_skip_building_tests=False, verb_parser=<colcon_defaults.argument_parser.defaults.DefaultArgumentsDecorator object at 0x74b0cd529600>, verb_extension=<colcon_core.verb.build.BuildVerb object at 0x74b0cd5290c0>, main=<bound method BuildVerb.main of <colcon_core.verb.build.BuildVerb object at 0x74b0cd5290c0>>)
[0.186s] Level 1:colcon.colcon_core.package_discovery:discover_packages(colcon_meta) check parameters
[0.187s] Level 1:colcon.colcon_core.package_discovery:discover_packages(recursive) check parameters
[0.187s] Level 1:colcon.colcon_core.package_discovery:discover_packages(ignore) check parameters
[0.187s] Level 1:colcon.colcon_core.package_discovery:discover_packages(path) check parameters
[0.187s] Level 1:colcon.colcon_core.package_discovery:discover_packages(colcon_meta) discover
[0.187s] Level 1:colcon.colcon_core.package_discovery:discover_packages(recursive) discover
[0.187s] INFO:colcon.colcon_core.package_discovery:Crawling recursively for packages in '/home/yoo/final_project/ugv_ws'
[0.187s] Level 1:colcon.colcon_core.package_identification:_identify(.) by extensions ['ignore', 'ignore_ament_install']
[0.187s] Level 1:colcon.colcon_core.package_identification:_identify(.) by extension 'ignore'
[0.188s] Level 1:colcon.colcon_core.package_identification:_identify(.) by extension 'ignore_ament_install'
[0.188s] Level 1:colcon.colcon_core.package_identification:_identify(.) by extensions ['colcon_pkg']
[0.188s] Level 1:colcon.colcon_core.package_identification:_identify(.) by extension 'colcon_pkg'
[0.188s] Level 1:colcon.colcon_core.package_identification:_identify(.) by extensions ['colcon_meta']
[0.188s] Level 1:colcon.colcon_core.package_identification:_identify(.) by extension 'colcon_meta'
[0.188s] Level 1:colcon.colcon_core.package_identification:_identify(.) by extensions ['ros']
[0.188s] Level 1:colcon.colcon_core.package_identification:_identify(.) by extension 'ros'
[0.208s] Level 1:colcon.colcon_core.package_identification:_identify(.) by extensions ['cmake', 'python']
[0.209s] Level 1:colcon.colcon_core.package_identification:_identify(.) by extension 'cmake'
[0.209s] Level 1:colcon.colcon_core.package_identification:_identify(.) by extension 'python'
[0.209s] Level 1:colcon.colcon_core.package_identification:_identify(.) by extensions ['python_setup_py']
[0.209s] Level 1:colcon.colcon_core.package_identification:_identify(.) by extension 'python_setup_py'
[0.209s] Level 1:colcon.colcon_core.package_identification:_identify(build) by extensions ['ignore', 'ignore_ament_install']
[0.209s] Level 1:colcon.colcon_core.package_identification:_identify(build) by extension 'ignore'
[0.209s] Level 1:colcon.colcon_core.package_identification:_identify(build) ignored
[0.210s] Level 1:colcon.colcon_core.package_identification:_identify(install) by extensions ['ignore', 'ignore_ament_install']
[0.210s] Level 1:colcon.colcon_core.package_identification:_identify(install) by extension 'ignore'
[0.210s] Level 1:colcon.colcon_core.package_identification:_identify(install) ignored
[0.210s] Level 1:colcon.colcon_core.package_identification:_identify(log) by extensions ['ignore', 'ignore_ament_install']
[0.210s] Level 1:colcon.colcon_core.package_identification:_identify(log) by extension 'ignore'
[0.210s] Level 1:colcon.colcon_core.package_identification:_identify(log) ignored
[0.210s] Level 1:colcon.colcon_core.package_identification:_identify(src) by extensions ['ignore', 'ignore_ament_install']
[0.210s] Level 1:colcon.colcon_core.package_identification:_identify(src) by extension 'ignore'
[0.210s] Level 1:colcon.colcon_core.package_identification:_identify(src) by extension 'ignore_ament_install'
[0.210s] Level 1:colcon.colcon_core.package_identification:_identify(src) by extensions ['colcon_pkg']
[0.211s] Level 1:colcon.colcon_core.package_identification:_identify(src) by extension 'colcon_pkg'
[0.211s] Level 1:colcon.colcon_core.package_identification:_identify(src) by extensions ['colcon_meta']
[0.211s] Level 1:colcon.colcon_core.package_identification:_identify(src) by extension 'colcon_meta'
[0.211s] Level 1:colcon.colcon_core.package_identification:_identify(src) by extensions ['ros']
[0.211s] Level 1:colcon.colcon_core.package_identification:_identify(src) by extension 'ros'
[0.211s] Level 1:colcon.colcon_core.package_identification:_identify(src) by extensions ['cmake', 'python']
[0.211s] Level 1:colcon.colcon_core.package_identification:_identify(src) by extension 'cmake'
[0.211s] Level 1:colcon.colcon_core.package_identification:_identify(src) by extension 'python'
[0.211s] Level 1:colcon.colcon_core.package_identification:_identify(src) by extensions ['python_setup_py']
[0.211s] Level 1:colcon.colcon_core.package_identification:_identify(src) by extension 'python_setup_py'
[0.211s] Level 1:colcon.colcon_core.package_identification:_identify(src/gazebo_env_setup) by extensions ['ignore', 'ignore_ament_install']
[0.212s] Level 1:colcon.colcon_core.package_identification:_identify(src/gazebo_env_setup) by extension 'ignore'
[0.212s] Level 1:colcon.colcon_core.package_identification:_identify(src/gazebo_env_setup) by extension 'ignore_ament_install'
[0.212s] Level 1:colcon.colcon_core.package_identification:_identify(src/gazebo_env_setup) by extensions ['colcon_pkg']
[0.212s] Level 1:colcon.colcon_core.package_identification:_identify(src/gazebo_env_setup) by extension 'colcon_pkg'
[0.212s] Level 1:colcon.colcon_core.package_identification:_identify(src/gazebo_env_setup) by extensions ['colcon_meta']
[0.212s] Level 1:colcon.colcon_core.package_identification:_identify(src/gazebo_env_setup) by extension 'colcon_meta'
[0.212s] Level 1:colcon.colcon_core.package_identification:_identify(src/gazebo_env_setup) by extensions ['ros']
[0.212s] Level 1:colcon.colcon_core.package_identification:_identify(src/gazebo_env_setup) by extension 'ros'
[0.216s] DEBUG:colcon.colcon_core.package_identification:Package 'src/gazebo_env_setup' with type 'ros.ament_cmake' and name 'gazebo_env_setup'
[0.216s] Level 1:colcon.colcon_core.package_identification:_identify(src/ugv_controller) by extensions ['ignore', 'ignore_ament_install']
[0.216s] Level 1:colcon.colcon_core.package_identification:_identify(src/ugv_controller) by extension 'ignore'
[0.217s] Level 1:colcon.colcon_core.package_identification:_identify(src/ugv_controller) by extension 'ignore_ament_install'
[0.217s] Level 1:colcon.colcon_core.package_identification:_identify(src/ugv_controller) by extensions ['colcon_pkg']
[0.217s] Level 1:colcon.colcon_core.package_identification:_identify(src/ugv_controller) by extension 'colcon_pkg'
[0.217s] Level 1:colcon.colcon_core.package_identification:_identify(src/ugv_controller) by extensions ['colcon_meta']
[0.217s] Level 1:colcon.colcon_core.package_identification:_identify(src/ugv_controller) by extension 'colcon_meta'
[0.217s] Level 1:colcon.colcon_core.package_identification:_identify(src/ugv_controller) by extensions ['ros']
[0.217s] Level 1:colcon.colcon_core.package_identification:_identify(src/ugv_controller) by extension 'ros'
[0.218s] DEBUG:colcon.colcon_core.package_identification:Package 'src/ugv_controller' with type 'ros.ament_cmake' and name 'ugv_controller'
[0.218s] Level 1:colcon.colcon_core.package_discovery:discover_packages(recursive) using defaults
[0.218s] Level 1:colcon.colcon_core.package_discovery:discover_packages(ignore) discover
[0.218s] Level 1:colcon.colcon_core.package_discovery:discover_packages(ignore) using defaults
[0.218s] Level 1:colcon.colcon_core.package_discovery:discover_packages(path) discover
[0.218s] Level 1:colcon.colcon_core.package_discovery:discover_packages(path) using defaults
[0.247s] Level 1:colcon.colcon_core.package_discovery:discover_packages(prefix_path) check parameters
[0.247s] Level 1:colcon.colcon_core.package_discovery:discover_packages(prefix_path) discover
[0.250s] DEBUG:colcon.colcon_installed_package_information.package_discovery:Found 2 installed packages in /home/yoo/final_project/ugv_ws/install
[0.252s] DEBUG:colcon.colcon_installed_package_information.package_discovery:Found 285 installed packages in /opt/ros/humble
[0.254s] Level 1:colcon.colcon_core.package_discovery:discover_packages(prefix_path) using defaults
[0.298s] Level 5:colcon.colcon_core.verb:set package 'gazebo_env_setup' build argument 'cmake_args' from command line to 'None'
[0.299s] Level 5:colcon.colcon_core.verb:set package 'gazebo_env_setup' build argument 'cmake_target' from command line to 'None'
[0.299s] Level 5:colcon.colcon_core.verb:set package 'gazebo_env_setup' build argument 'cmake_target_skip_unavailable' from command line to 'False'
[0.299s] Level 5:colcon.colcon_core.verb:set package 'gazebo_env_setup' build argument 'cmake_clean_cache' from command line to 'False'
[0.299s] Level 5:colcon.colcon_core.verb:set package 'gazebo_env_setup' build argument 'cmake_clean_first' from command line to 'False'
[0.299s] Level 5:colcon.colcon_core.verb:set package 'gazebo_env_setup' build argument 'cmake_force_configure' from command line to 'False'
[0.299s] Level 5:colcon.colcon_core.verb:set package 'gazebo_env_setup' build argument 'ament_cmake_args' from command line to 'None'
[0.299s] Level 5:colcon.colcon_core.verb:set package 'gazebo_env_setup' build argument 'catkin_cmake_args' from command line to 'None'
[0.299s] Level 5:colcon.colcon_core.verb:set package 'gazebo_env_setup' build argument 'catkin_skip_building_tests' from command line to 'False'
[0.299s] DEBUG:colcon.colcon_core.verb:Building package 'gazebo_env_setup' with the following arguments: {'ament_cmake_args': None, 'build_base': '/home/yoo/final_project/ugv_ws/build/gazebo_env_setup', 'catkin_cmake_args': None, 'catkin_skip_building_tests': False, 'cmake_args': None, 'cmake_clean_cache': False, 'cmake_clean_first': False, 'cmake_force_configure': False, 'cmake_target': None, 'cmake_target_skip_unavailable': False, 'install_base': '/home/yoo/final_project/ugv_ws/install/gazebo_env_setup', 'merge_install': False, 'path': '/home/yoo/final_project/ugv_ws/src/gazebo_env_setup', 'symlink_install': True, 'test_result_base': None}
[0.300s] Level 5:colcon.colcon_core.verb:set package 'ugv_controller' build argument 'cmake_args' from command line to 'None'
[0.300s] Level 5:colcon.colcon_core.verb:set package 'ugv_controller' build argument 'cmake_target' from command line to 'None'
[0.300s] Level 5:colcon.colcon_core.verb:set package 'ugv_controller' build argument 'cmake_target_skip_unavailable' from command line to 'False'
[0.300s] Level 5:colcon.colcon_core.verb:set package 'ugv_controller' build argument 'cmake_clean_cache' from command line to 'False'
[0.300s] Level 5:colcon.colcon_core.verb:set package 'ugv_controller' build argument 'cmake_clean_first' from command line to 'False'
[0.300s] Level 5:colcon.colcon_core.verb:set package 'ugv_controller' build argument 'cmake_force_configure' from command line to 'False'
[0.300s] Level 5:colcon.colcon_core.verb:set package 'ugv_controller' build argument 'ament_cmake_args' from command line to 'None'
[0.300s] Level 5:colcon.colcon_core.verb:set package 'ugv_controller' build argument 'catkin_cmake_args' from command line to 'None'
[0.300s] Level 5:colcon.colcon_core.verb:set package 'ugv_controller' build argument 'catkin_skip_building_tests' from command line to 'False'
[0.300s] DEBUG:colcon.colcon_core.verb:Building package 'ugv_controller' with the following arguments: {'ament_cmake_args': None, 'build_base': '/home/yoo/final_project/ugv_ws/build/ugv_controller', 'catkin_cmake_args': None, 'catkin_skip_building_tests': False, 'cmake_args': None, 'cmake_clean_cache': False, 'cmake_clean_first': False, 'cmake_force_configure': False, 'cmake_target': None, 'cmake_target_skip_unavailable': False, 'install_base': '/home/yoo/final_project/ugv_ws/install/ugv_controller', 'merge_install': False, 'path': '/home/yoo/final_project/ugv_ws/src/ugv_controller', 'symlink_install': True, 'test_result_base': None}
[0.300s] INFO:colcon.colcon_core.executor:Executing jobs using 'parallel' executor
[0.302s] DEBUG:colcon.colcon_parallel_executor.executor.parallel:run_until_complete
[0.302s] INFO:colcon.colcon_ros.task.ament_cmake.build:Building ROS package in '/home/yoo/final_project/ugv_ws/src/gazebo_env_setup' with build type 'ament_cmake'
[0.303s] INFO:colcon.colcon_cmake.task.cmake.build:Building CMake package in '/home/yoo/final_project/ugv_ws/src/gazebo_env_setup'
[0.306s] INFO:colcon.colcon_core.plugin_system:Skipping extension 'colcon_core.shell.bat': Not used on non-Windows systems
[0.307s] INFO:colcon.colcon_core.shell:Skip shell extension 'powershell' for command environment: Not usable outside of PowerShell
[0.307s] DEBUG:colcon.colcon_core.shell:Skip shell extension 'dsv' for command environment
[0.311s] INFO:colcon.colcon_ros.task.ament_cmake.build:Building ROS package in '/home/yoo/final_project/ugv_ws/src/ugv_controller' with build type 'ament_cmake'
[0.311s] INFO:colcon.colcon_cmake.task.cmake.build:Building CMake package in '/home/yoo/final_project/ugv_ws/src/ugv_controller'
[0.312s] INFO:colcon.colcon_core.shell:Skip shell extension 'powershell' for command environment: Not usable outside of PowerShell
[0.312s] DEBUG:colcon.colcon_core.shell:Skip shell extension 'dsv' for command environment
[0.323s] DEBUG:colcon.colcon_core.event_handler.log_command:Invoking command in '/home/yoo/final_project/ugv_ws/build/gazebo_env_setup': CMAKE_PREFIX_PATH=${CMAKE_PREFIX_PATH}:/opt/ros/humble /usr/bin/cmake --build /home/yoo/final_project/ugv_ws/build/gazebo_env_setup -- -j16 -l16
[0.330s] DEBUG:colcon.colcon_core.event_handler.log_command:Invoking command in '/home/yoo/final_project/ugv_ws/build/ugv_controller': CMAKE_PREFIX_PATH=${CMAKE_PREFIX_PATH}:/opt/ros/humble /usr/bin/cmake --build /home/yoo/final_project/ugv_ws/build/ugv_controller -- -j16 -l16
[0.435s] DEBUG:colcon.colcon_core.event_handler.log_command:Invoked command in '/home/yoo/final_project/ugv_ws/build/gazebo_env_setup' returned '0': CMAKE_PREFIX_PATH=${CMAKE_PREFIX_PATH}:/opt/ros/humble /usr/bin/cmake --build /home/yoo/final_project/ugv_ws/build/gazebo_env_setup -- -j16 -l16
[0.456s] DEBUG:colcon.colcon_core.event_handler.log_command:Invoking command in '/home/yoo/final_project/ugv_ws/build/gazebo_env_setup': CMAKE_PREFIX_PATH=${CMAKE_PREFIX_PATH}:/opt/ros/humble /usr/bin/cmake --install /home/yoo/final_project/ugv_ws/build/gazebo_env_setup
[0.459s] DEBUG:colcon.colcon_core.event_handler.log_command:Invoked command in '/home/yoo/final_project/ugv_ws/build/ugv_controller' returned '0': CMAKE_PREFIX_PATH=${CMAKE_PREFIX_PATH}:/opt/ros/humble /usr/bin/cmake --build /home/yoo/final_project/ugv_ws/build/ugv_controller -- -j16 -l16
[0.461s] DEBUG:colcon.colcon_core.event_handler.log_command:Invoking command in '/home/yoo/final_project/ugv_ws/build/ugv_controller': CMAKE_PREFIX_PATH=${CMAKE_PREFIX_PATH}:/opt/ros/humble /usr/bin/cmake --install /home/yoo/final_project/ugv_ws/build/ugv_controller
[0.491s] Level 1:colcon.colcon_core.environment:create_environment_scripts_only(gazebo_env_setup)
[0.492s] DEBUG:colcon.colcon_core.event_handler.log_command:Invoked command in '/home/yoo/final_project/ugv_ws/build/gazebo_env_setup' returned '0': CMAKE_PREFIX_PATH=${CMAKE_PREFIX_PATH}:/opt/ros/humble /usr/bin/cmake --install /home/yoo/final_project/ugv_ws/build/gazebo_env_setup
[0.495s] Level 1:colcon.colcon_core.environment:checking '/home/yoo/final_project/ugv_ws/install/gazebo_env_setup' for CMake module files
[0.496s] Level 1:colcon.colcon_core.environment:checking '/home/yoo/final_project/ugv_ws/install/gazebo_env_setup' for CMake config files
[0.497s] Level 1:colcon.colcon_core.shell:create_environment_hook('gazebo_env_setup', 'cmake_prefix_path')
[0.497s] INFO:colcon.colcon_core.shell:Creating environment hook '/home/yoo/final_project/ugv_ws/install/gazebo_env_setup/share/gazebo_env_setup/hook/cmake_prefix_path.ps1'
[0.498s] INFO:colcon.colcon_core.shell:Creating environment descriptor '/home/yoo/final_project/ugv_ws/install/gazebo_env_setup/share/gazebo_env_setup/hook/cmake_prefix_path.dsv'
[0.498s] INFO:colcon.colcon_core.shell:Creating environment hook '/home/yoo/final_project/ugv_ws/install/gazebo_env_setup/share/gazebo_env_setup/hook/cmake_prefix_path.sh'
[0.500s] Level 1:colcon.colcon_core.environment:checking '/home/yoo/final_project/ugv_ws/install/gazebo_env_setup/lib'
[0.500s] Level 1:colcon.colcon_core.environment:checking '/home/yoo/final_project/ugv_ws/install/gazebo_env_setup/bin'
[0.500s] Level 1:colcon.colcon_core.environment:checking '/home/yoo/final_project/ugv_ws/install/gazebo_env_setup/lib/pkgconfig/gazebo_env_setup.pc'
[0.500s] Level 1:colcon.colcon_core.environment:checking '/home/yoo/final_project/ugv_ws/install/gazebo_env_setup/lib/python3.10/site-packages'
[0.501s] Level 1:colcon.colcon_core.environment:checking '/home/yoo/final_project/ugv_ws/install/gazebo_env_setup/bin'
[0.501s] INFO:colcon.colcon_core.shell:Creating package script '/home/yoo/final_project/ugv_ws/install/gazebo_env_setup/share/gazebo_env_setup/package.ps1'
[0.503s] INFO:colcon.colcon_core.shell:Creating package descriptor '/home/yoo/final_project/ugv_ws/install/gazebo_env_setup/share/gazebo_env_setup/package.dsv'
[0.504s] INFO:colcon.colcon_core.shell:Creating package script '/home/yoo/final_project/ugv_ws/install/gazebo_env_setup/share/gazebo_env_setup/package.sh'
[0.505s] INFO:colcon.colcon_core.shell:Creating package script '/home/yoo/final_project/ugv_ws/install/gazebo_env_setup/share/gazebo_env_setup/package.bash'
[0.506s] INFO:colcon.colcon_core.shell:Creating package script '/home/yoo/final_project/ugv_ws/install/gazebo_env_setup/share/gazebo_env_setup/package.zsh'
[0.508s] Level 1:colcon.colcon_core.environment:create_file_with_runtime_dependencies(/home/yoo/final_project/ugv_ws/install/gazebo_env_setup/share/colcon-core/packages/gazebo_env_setup)
[0.510s] Level 1:colcon.colcon_core.environment:create_environment_scripts_only(gazebo_env_setup)
[0.510s] Level 1:colcon.colcon_core.environment:checking '/home/yoo/final_project/ugv_ws/install/gazebo_env_setup' for CMake module files
[0.511s] Level 1:colcon.colcon_core.environment:checking '/home/yoo/final_project/ugv_ws/install/gazebo_env_setup' for CMake config files
[0.512s] Level 1:colcon.colcon_core.shell:create_environment_hook('gazebo_env_setup', 'cmake_prefix_path')
[0.512s] INFO:colcon.colcon_core.shell:Creating environment hook '/home/yoo/final_project/ugv_ws/install/gazebo_env_setup/share/gazebo_env_setup/hook/cmake_prefix_path.ps1'
[0.513s] INFO:colcon.colcon_core.shell:Creating environment descriptor '/home/yoo/final_project/ugv_ws/install/gazebo_env_setup/share/gazebo_env_setup/hook/cmake_prefix_path.dsv'
[0.514s] INFO:colcon.colcon_core.shell:Creating environment hook '/home/yoo/final_project/ugv_ws/install/gazebo_env_setup/share/gazebo_env_setup/hook/cmake_prefix_path.sh'
[0.515s] Level 1:colcon.colcon_core.environment:checking '/home/yoo/final_project/ugv_ws/install/gazebo_env_setup/lib'
[0.515s] Level 1:colcon.colcon_core.environment:checking '/home/yoo/final_project/ugv_ws/install/gazebo_env_setup/bin'
[0.515s] Level 1:colcon.colcon_core.environment:checking '/home/yoo/final_project/ugv_ws/install/gazebo_env_setup/lib/pkgconfig/gazebo_env_setup.pc'
[0.515s] Level 1:colcon.colcon_core.environment:checking '/home/yoo/final_project/ugv_ws/install/gazebo_env_setup/lib/python3.10/site-packages'
[0.516s] Level 1:colcon.colcon_core.environment:checking '/home/yoo/final_project/ugv_ws/install/gazebo_env_setup/bin'
[0.516s] INFO:colcon.colcon_core.shell:Creating package script '/home/yoo/final_project/ugv_ws/install/gazebo_env_setup/share/gazebo_env_setup/package.ps1'
[0.517s] INFO:colcon.colcon_core.shell:Creating package descriptor '/home/yoo/final_project/ugv_ws/install/gazebo_env_setup/share/gazebo_env_setup/package.dsv'
[0.517s] INFO:colcon.colcon_core.shell:Creating package script '/home/yoo/final_project/ugv_ws/install/gazebo_env_setup/share/gazebo_env_setup/package.sh'
[0.518s] INFO:colcon.colcon_core.shell:Creating package script '/home/yoo/final_project/ugv_ws/install/gazebo_env_setup/share/gazebo_env_setup/package.bash'
[0.519s] INFO:colcon.colcon_core.shell:Creating package script '/home/yoo/final_project/ugv_ws/install/gazebo_env_setup/share/gazebo_env_setup/package.zsh'
[0.519s] Level 1:colcon.colcon_core.environment:create_file_with_runtime_dependencies(/home/yoo/final_project/ugv_ws/install/gazebo_env_setup/share/colcon-core/packages/gazebo_env_setup)
[0.521s] Level 1:colcon.colcon_core.environment:create_environment_scripts_only(ugv_controller)
[0.521s] Level 1:colcon.colcon_core.environment:checking '/home/yoo/final_project/ugv_ws/install/ugv_controller' for CMake module files
[0.522s] DEBUG:colcon.colcon_core.event_handler.log_command:Invoked command in '/home/yoo/final_project/ugv_ws/build/ugv_controller' returned '0': CMAKE_PREFIX_PATH=${CMAKE_PREFIX_PATH}:/opt/ros/humble /usr/bin/cmake --install /home/yoo/final_project/ugv_ws/build/ugv_controller
[0.522s] Level 1:colcon.colcon_core.environment:checking '/home/yoo/final_project/ugv_ws/install/ugv_controller' for CMake config files
[0.523s] Level 1:colcon.colcon_core.shell:create_environment_hook('ugv_controller', 'cmake_prefix_path')
[0.523s] INFO:colcon.colcon_core.shell:Creating environment hook '/home/yoo/final_project/ugv_ws/install/ugv_controller/share/ugv_controller/hook/cmake_prefix_path.ps1'
[0.523s] INFO:colcon.colcon_core.shell:Creating environment descriptor '/home/yoo/final_project/ugv_ws/install/ugv_controller/share/ugv_controller/hook/cmake_prefix_path.dsv'
[0.524s] INFO:colcon.colcon_core.shell:Creating environment hook '/home/yoo/final_project/ugv_ws/install/ugv_controller/share/ugv_controller/hook/cmake_prefix_path.sh'
[0.524s] Level 1:colcon.colcon_core.environment:checking '/home/yoo/final_project/ugv_ws/install/ugv_controller/lib'
[0.524s] Level 1:colcon.colcon_core.environment:checking '/home/yoo/final_project/ugv_ws/install/ugv_controller/bin'
[0.524s] Level 1:colcon.colcon_core.environment:checking '/home/yoo/final_project/ugv_ws/install/ugv_controller/lib/pkgconfig/ugv_controller.pc'
[0.525s] Level 1:colcon.colcon_core.environment:checking '/home/yoo/final_project/ugv_ws/install/ugv_controller/lib/python3.10/site-packages'
[0.525s] Level 1:colcon.colcon_core.environment:checking '/home/yoo/final_project/ugv_ws/install/ugv_controller/bin'
[0.525s] INFO:colcon.colcon_core.shell:Creating package script '/home/yoo/final_project/ugv_ws/install/ugv_controller/share/ugv_controller/package.ps1'
[0.526s] INFO:colcon.colcon_core.shell:Creating package descriptor '/home/yoo/final_project/ugv_ws/install/ugv_controller/share/ugv_controller/package.dsv'
[0.526s] INFO:colcon.colcon_core.shell:Creating package script '/home/yoo/final_project/ugv_ws/install/ugv_controller/share/ugv_controller/package.sh'
[0.527s] INFO:colcon.colcon_core.shell:Creating package script '/home/yoo/final_project/ugv_ws/install/ugv_controller/share/ugv_controller/package.bash'
[0.527s] INFO:colcon.colcon_core.shell:Creating package script '/home/yoo/final_project/ugv_ws/install/ugv_controller/share/ugv_controller/package.zsh'
[0.528s] Level 1:colcon.colcon_core.environment:create_file_with_runtime_dependencies(/home/yoo/final_project/ugv_ws/install/ugv_controller/share/colcon-core/packages/ugv_controller)
[0.529s] Level 1:colcon.colcon_core.environment:create_environment_scripts_only(ugv_controller)
[0.529s] Level 1:colcon.colcon_core.environment:checking '/home/yoo/final_project/ugv_ws/install/ugv_controller' for CMake module files
[0.530s] Level 1:colcon.colcon_core.environment:checking '/home/yoo/final_project/ugv_ws/install/ugv_controller' for CMake config files
[0.530s] Level 1:colcon.colcon_core.shell:create_environment_hook('ugv_controller', 'cmake_prefix_path')
[0.530s] INFO:colcon.colcon_core.shell:Creating environment hook '/home/yoo/final_project/ugv_ws/install/ugv_controller/share/ugv_controller/hook/cmake_prefix_path.ps1'
[0.531s] INFO:colcon.colcon_core.shell:Creating environment descriptor '/home/yoo/final_project/ugv_ws/install/ugv_controller/share/ugv_controller/hook/cmake_prefix_path.dsv'
[0.532s] INFO:colcon.colcon_core.shell:Creating environment hook '/home/yoo/final_project/ugv_ws/install/ugv_controller/share/ugv_controller/hook/cmake_prefix_path.sh'
[0.532s] Level 1:colcon.colcon_core.environment:checking '/home/yoo/final_project/ugv_ws/install/ugv_controller/lib'
[0.532s] Level 1:colcon.colcon_core.environment:checking '/home/yoo/final_project/ugv_ws/install/ugv_controller/bin'
[0.532s] Level 1:colcon.colcon_core.environment:checking '/home/yoo/final_project/ugv_ws/install/ugv_controller/lib/pkgconfig/ugv_controller.pc'
[0.533s] Level 1:colcon.colcon_core.environment:checking '/home/yoo/final_project/ugv_ws/install/ugv_controller/lib/python3.10/site-packages'
[0.533s] Level 1:colcon.colcon_core.environment:checking '/home/yoo/final_project/ugv_ws/install/ugv_controller/bin'
[0.533s] INFO:colcon.colcon_core.shell:Creating package script '/home/yoo/final_project/ugv_ws/install/ugv_controller/share/ugv_controller/package.ps1'
[0.533s] INFO:colcon.colcon_core.shell:Creating package descriptor '/home/yoo/final_project/ugv_ws/install/ugv_controller/share/ugv_controller/package.dsv'
[0.534s] INFO:colcon.colcon_core.shell:Creating package script '/home/yoo/final_project/ugv_ws/install/ugv_controller/share/ugv_controller/package.sh'
[0.534s] INFO:colcon.colcon_core.shell:Creating package script '/home/yoo/final_project/ugv_ws/install/ugv_controller/share/ugv_controller/package.bash'
[0.534s] INFO:colcon.colcon_core.shell:Creating package script '/home/yoo/final_project/ugv_ws/install/ugv_controller/share/ugv_controller/package.zsh'
[0.535s] Level 1:colcon.colcon_core.environment:create_file_with_runtime_dependencies(/home/yoo/final_project/ugv_ws/install/ugv_controller/share/colcon-core/packages/ugv_controller)
[0.535s] DEBUG:colcon.colcon_parallel_executor.executor.parallel:closing loop
[0.536s] DEBUG:colcon.colcon_parallel_executor.executor.parallel:loop closed
[0.536s] DEBUG:colcon.colcon_parallel_executor.executor.parallel:run_until_complete finished with '0'
[0.536s] DEBUG:colcon.colcon_core.event_reactor:joining thread
[0.543s] INFO:colcon.colcon_core.plugin_system:Skipping extension 'colcon_notification.desktop_notification.terminal_notifier': Not used on non-Darwin systems
[0.544s] INFO:colcon.colcon_core.plugin_system:Skipping extension 'colcon_notification.desktop_notification.win32': Not used on non-Windows systems
[0.544s] INFO:colcon.colcon_notification.desktop_notification:Sending desktop notification using 'notify2'
[0.559s] DEBUG:colcon.colcon_core.event_reactor:joined thread
[0.560s] INFO:colcon.colcon_core.shell:Creating prefix script '/home/yoo/final_project/ugv_ws/install/local_setup.ps1'
[0.563s] INFO:colcon.colcon_core.shell:Creating prefix util module '/home/yoo/final_project/ugv_ws/install/_local_setup_util_ps1.py'
[0.565s] INFO:colcon.colcon_core.shell:Creating prefix chain script '/home/yoo/final_project/ugv_ws/install/setup.ps1'
[0.567s] INFO:colcon.colcon_core.shell:Creating prefix script '/home/yoo/final_project/ugv_ws/install/local_setup.sh'
[0.567s] INFO:colcon.colcon_core.shell:Creating prefix util module '/home/yoo/final_project/ugv_ws/install/_local_setup_util_sh.py'
[0.568s] INFO:colcon.colcon_core.shell:Creating prefix chain script '/home/yoo/final_project/ugv_ws/install/setup.sh'
[0.569s] INFO:colcon.colcon_core.shell:Creating prefix script '/home/yoo/final_project/ugv_ws/install/local_setup.bash'
[0.570s] INFO:colcon.colcon_core.shell:Creating prefix chain script '/home/yoo/final_project/ugv_ws/install/setup.bash'
[0.571s] INFO:colcon.colcon_core.shell:Creating prefix script '/home/yoo/final_project/ugv_ws/install/local_setup.zsh'
[0.572s] INFO:colcon.colcon_core.shell:Creating prefix chain script '/home/yoo/final_project/ugv_ws/install/setup.zsh'
