[0.006s] Invoking command in '/home/jmj/ws_all/ws_px4_controls/build/px4_ros_com': AMENT_PREFIX_PATH=/home/jmj/ws_all/ws_px4_controls/install/px4_msgs:${AMENT_PREFIX_PATH} CMAKE_PREFIX_PATH=/home/jmj/ws_all/ws_px4_controls/install/px4_msgs:/opt/ros/humble LD_LIBRARY_PATH=/home/jmj/ws_all/ws_px4_controls/install/px4_msgs/lib:${LD_LIBRARY_PATH} PYTHONPATH=/home/jmj/ws_all/ws_px4_controls/install/px4_msgs/local/lib/python3.10/dist-packages:${PYTHONPATH} /usr/bin/cmake /home/jmj/ws_all/ws_px4_controls/src/px4_ros_com -DCMAKE_INSTALL_PREFIX=/home/jmj/ws_all/ws_px4_controls/install/px4_ros_com
[0.048s] -- The C compiler identification is GNU 11.4.0
[0.090s] -- The CXX compiler identification is GNU 11.4.0
[0.096s] -- Detecting C compiler ABI info
[0.142s] -- Detecting C compiler ABI info - done
[0.147s] -- Check for working C compiler: /usr/lib/ccache/gcc - skipped
[0.147s] -- Detecting C compile features
[0.147s] -- Detecting C compile features - done
[0.149s] -- Detecting CXX compiler ABI info
[0.203s] -- Detecting CXX compiler ABI info - done
[0.208s] -- Check for working CXX compiler: /usr/lib/ccache/g++ - skipped
[0.208s] -- Detecting CXX compile features
[0.208s] -- Detecting CXX compile features - done
[0.210s] -- Found ament_cmake: 1.3.11 (/opt/ros/humble/share/ament_cmake/cmake)
[0.345s] -- Found Python3: /usr/bin/python3 (found version "3.10.12") found components: Interpreter 
[0.408s] -- Found builtin_interfaces: 1.2.1 (/opt/ros/humble/share/builtin_interfaces/cmake)
[0.435s] -- Found rosidl_generator_c: 3.1.6 (/opt/ros/humble/share/rosidl_generator_c/cmake)
[0.439s] -- Found rosidl_adapter: 3.1.6 (/opt/ros/humble/share/rosidl_adapter/cmake)
[0.444s] -- Found rosidl_generator_cpp: 3.1.6 (/opt/ros/humble/share/rosidl_generator_cpp/cmake)
[0.452s] -- Using all available rosidl_typesupport_c: rosidl_typesupport_fastrtps_c;rosidl_typesupport_introspection_c
[0.461s] -- Using all available rosidl_typesupport_cpp: rosidl_typesupport_fastrtps_cpp;rosidl_typesupport_introspection_cpp
[0.470s] -- Found eigen3_cmake_module: 0.1.1 (/opt/ros/humble/share/eigen3_cmake_module/cmake)
[0.475s] -- Found Eigen3: TRUE (found version "3.4.0") 
[0.475s] -- Found geometry_msgs: 4.8.0 (/opt/ros/humble/share/geometry_msgs/cmake)
[0.492s] -- Found px4_msgs: 2.0.1 (/home/jmj/ws_all/ws_px4_controls/install/px4_msgs/share/px4_msgs/cmake)
[0.500s] -- Found rclcpp: 16.0.12 (/opt/ros/humble/share/rclcpp/cmake)
[0.522s] -- Found rmw_implementation_cmake: 6.1.2 (/opt/ros/humble/share/rmw_implementation_cmake/cmake)
[0.523s] -- Found rmw_fastrtps_cpp: 6.2.7 (/opt/ros/humble/share/rmw_fastrtps_cpp/cmake)
[0.590s] -- Found OpenSSL: /usr/lib/x86_64-linux-gnu/libcrypto.so (found version "3.0.2")  
[0.610s] -- Found FastRTPS: /opt/ros/humble/include  
[0.640s] -- Using RMW implementation 'rmw_fastrtps_cpp' as default
[0.645s] -- Looking for pthread.h
[0.725s] -- Looking for pthread.h - found
[0.725s] -- Performing Test CMAKE_HAVE_LIBC_PTHREAD
[0.796s] -- Performing Test CMAKE_HAVE_LIBC_PTHREAD - Success
[0.797s] -- Found Threads: TRUE  
[0.821s] -- Found sensor_msgs: 4.8.0 (/opt/ros/humble/share/sensor_msgs/cmake)
[0.832s] -- Found rclpy: 3.3.16 (/opt/ros/humble/share/rclpy/cmake)
[0.839s] -- Found ament_lint_auto: 0.12.12 (/opt/ros/humble/share/ament_lint_auto/cmake)
[0.909s] -- Added test 'copyright' to check source files copyright and LICENSE
[0.910s] -- Added test 'cppcheck' to perform static code analysis on C / C++ code
[0.911s] -- Configured cppcheck include dirs: /home/jmj/ws_all/ws_px4_controls/src/px4_ros_com/include;$<BUILD_INTERFACE:/home/jmj/ws_all/ws_px4_controls/src/px4_ros_com/include/px4_ros_com>
[0.911s] -- Configured cppcheck exclude dirs and/or files: 
[0.912s] -- Added test 'cpplint' to check C / C++ code against the Google style
[0.912s] -- Configured cpplint exclude dirs and/or files: 
[0.912s] -- Added test 'flake8' to check Python code syntax and style conventions
[0.912s] -- Added test 'lint_cmake' to check CMake code style
[0.913s] -- Added test 'pep257' to check Python code against some of the docstring style conventions in PEP 257
[0.914s] -- Added test 'uncrustify' to check C / C++ code style
[0.914s] -- Configured uncrustify additional arguments: 
[0.914s] -- Added test 'xmllint' to check XML markup files
[0.915s] -- Configuring done
[0.931s] -- Generating done
[0.938s] -- Build files have been written to: /home/jmj/ws_all/ws_px4_controls/build/px4_ros_com
[0.947s] Invoked command in '/home/jmj/ws_all/ws_px4_controls/build/px4_ros_com' returned '0': AMENT_PREFIX_PATH=/home/jmj/ws_all/ws_px4_controls/install/px4_msgs:${AMENT_PREFIX_PATH} CMAKE_PREFIX_PATH=/home/jmj/ws_all/ws_px4_controls/install/px4_msgs:/opt/ros/humble LD_LIBRARY_PATH=/home/jmj/ws_all/ws_px4_controls/install/px4_msgs/lib:${LD_LIBRARY_PATH} PYTHONPATH=/home/jmj/ws_all/ws_px4_controls/install/px4_msgs/local/lib/python3.10/dist-packages:${PYTHONPATH} /usr/bin/cmake /home/jmj/ws_all/ws_px4_controls/src/px4_ros_com -DCMAKE_INSTALL_PREFIX=/home/jmj/ws_all/ws_px4_controls/install/px4_ros_com
[0.948s] Invoking command in '/home/jmj/ws_all/ws_px4_controls/build/px4_ros_com': AMENT_PREFIX_PATH=/home/jmj/ws_all/ws_px4_controls/install/px4_msgs:${AMENT_PREFIX_PATH} CMAKE_PREFIX_PATH=/home/jmj/ws_all/ws_px4_controls/install/px4_msgs:/opt/ros/humble LD_LIBRARY_PATH=/home/jmj/ws_all/ws_px4_controls/install/px4_msgs/lib:${LD_LIBRARY_PATH} PYTHONPATH=/home/jmj/ws_all/ws_px4_controls/install/px4_msgs/local/lib/python3.10/dist-packages:${PYTHONPATH} /usr/bin/cmake --build /home/jmj/ws_all/ws_px4_controls/build/px4_ros_com -- -j20 -l20
[0.985s] [ 16%] [32mBuilding CXX object CMakeFiles/frame_transforms.dir/src/lib/frame_transforms.cpp.o[0m
[0.985s] [ 16%] [32mBuilding CXX object CMakeFiles/vehicle_gps_position_listener.dir/src/examples/listeners/vehicle_gps_position_listener.cpp.o[0m
[0.985s] [ 25%] [32mBuilding CXX object CMakeFiles/offboard_control.dir/src/examples/offboard/offboard_control.cpp.o[0m
[0.985s] [ 33%] [32mBuilding CXX object CMakeFiles/offboard_control_srv.dir/src/examples/offboard/offboard_control_srv.cpp.o[0m
[0.986s] [ 41%] [32mBuilding CXX object CMakeFiles/sensor_combined_listener.dir/src/examples/listeners/sensor_combined_listener.cpp.o[0m
[0.990s] [ 50%] [32mBuilding CXX object CMakeFiles/debug_vect_advertiser.dir/src/examples/advertisers/debug_vect_advertiser.cpp.o[0m
[0.992s] [ 50%] Built target ament_cmake_python_copy_px4_ros_com
[1.180s] running egg_info
[1.181s] creating px4_ros_com.egg-info
[1.181s] writing px4_ros_com.egg-info/PKG-INFO
[1.181s] writing dependency_links to px4_ros_com.egg-info/dependency_links.txt
[1.181s] writing top-level names to px4_ros_com.egg-info/top_level.txt
[1.182s] writing manifest file 'px4_ros_com.egg-info/SOURCES.txt'
[1.183s] reading manifest file 'px4_ros_com.egg-info/SOURCES.txt'
[1.184s] writing manifest file 'px4_ros_com.egg-info/SOURCES.txt'
[1.209s] [ 50%] Built target ament_cmake_python_build_px4_ros_com_egg
[4.799s] [ 58%] [32m[1mLinking CXX executable debug_vect_advertiser[0m
[5.001s] [ 58%] Built target debug_vect_advertiser
[5.432s] [ 66%] [32m[1mLinking CXX executable offboard_control[0m
[5.638s] [ 66%] Built target offboard_control
[5.914s] [ 75%] [32m[1mLinking CXX executable offboard_control_srv[0m
[6.109s] [ 75%] Built target offboard_control_srv
[6.988s] [ 83%] [32m[1mLinking CXX shared library libframe_transforms.so[0m
[7.186s] [ 83%] Built target frame_transforms
[7.686s] [ 91%] [32m[1mLinking CXX executable sensor_combined_listener[0m
[7.872s] [100%] [32m[1mLinking CXX executable vehicle_gps_position_listener[0m
[7.962s] [100%] Built target sensor_combined_listener
[8.131s] [100%] Built target vehicle_gps_position_listener
[8.139s] Invoked command in '/home/jmj/ws_all/ws_px4_controls/build/px4_ros_com' returned '0': AMENT_PREFIX_PATH=/home/jmj/ws_all/ws_px4_controls/install/px4_msgs:${AMENT_PREFIX_PATH} CMAKE_PREFIX_PATH=/home/jmj/ws_all/ws_px4_controls/install/px4_msgs:/opt/ros/humble LD_LIBRARY_PATH=/home/jmj/ws_all/ws_px4_controls/install/px4_msgs/lib:${LD_LIBRARY_PATH} PYTHONPATH=/home/jmj/ws_all/ws_px4_controls/install/px4_msgs/local/lib/python3.10/dist-packages:${PYTHONPATH} /usr/bin/cmake --build /home/jmj/ws_all/ws_px4_controls/build/px4_ros_com -- -j20 -l20
[8.141s] Invoking command in '/home/jmj/ws_all/ws_px4_controls/build/px4_ros_com': AMENT_PREFIX_PATH=/home/jmj/ws_all/ws_px4_controls/install/px4_msgs:${AMENT_PREFIX_PATH} CMAKE_PREFIX_PATH=/home/jmj/ws_all/ws_px4_controls/install/px4_msgs:/opt/ros/humble LD_LIBRARY_PATH=/home/jmj/ws_all/ws_px4_controls/install/px4_msgs/lib:${LD_LIBRARY_PATH} PYTHONPATH=/home/jmj/ws_all/ws_px4_controls/install/px4_msgs/local/lib/python3.10/dist-packages:${PYTHONPATH} /usr/bin/cmake --install /home/jmj/ws_all/ws_px4_controls/build/px4_ros_com
[8.145s] -- Install configuration: ""
[8.145s] -- Installing: /home/jmj/ws_all/ws_px4_controls/install/px4_ros_com/lib/px4_ros_com/sensor_combined_listener
[8.147s] -- Set runtime path of "/home/jmj/ws_all/ws_px4_controls/install/px4_ros_com/lib/px4_ros_com/sensor_combined_listener" to ""
[8.147s] -- Installing: /home/jmj/ws_all/ws_px4_controls/install/px4_ros_com/lib/px4_ros_com/vehicle_gps_position_listener
[8.150s] -- Set runtime path of "/home/jmj/ws_all/ws_px4_controls/install/px4_ros_com/lib/px4_ros_com/vehicle_gps_position_listener" to ""
[8.150s] -- Installing: /home/jmj/ws_all/ws_px4_controls/install/px4_ros_com/lib/px4_ros_com/debug_vect_advertiser
[8.150s] -- Set runtime path of "/home/jmj/ws_all/ws_px4_controls/install/px4_ros_com/lib/px4_ros_com/debug_vect_advertiser" to ""
[8.151s] -- Installing: /home/jmj/ws_all/ws_px4_controls/install/px4_ros_com/lib/px4_ros_com/offboard_control
[8.151s] -- Set runtime path of "/home/jmj/ws_all/ws_px4_controls/install/px4_ros_com/lib/px4_ros_com/offboard_control" to ""
[8.151s] -- Installing: /home/jmj/ws_all/ws_px4_controls/install/px4_ros_com/lib/px4_ros_com/offboard_control_srv
[8.152s] -- Set runtime path of "/home/jmj/ws_all/ws_px4_controls/install/px4_ros_com/lib/px4_ros_com/offboard_control_srv" to ""
[8.152s] -- Installing: /home/jmj/ws_all/ws_px4_controls/install/px4_ros_com/share/px4_ros_com/environment/library_path.sh
[8.153s] -- Installing: /home/jmj/ws_all/ws_px4_controls/install/px4_ros_com/share/px4_ros_com/environment/library_path.dsv
[8.153s] -- Installing: /home/jmj/ws_all/ws_px4_controls/install/px4_ros_com/include/px4_ros_com
[8.153s] -- Installing: /home/jmj/ws_all/ws_px4_controls/install/px4_ros_com/include/px4_ros_com/frame_transforms.h
[8.153s] -- Installing: /home/jmj/ws_all/ws_px4_controls/install/px4_ros_com/lib/libframe_transforms.so
[8.156s] -- Set runtime path of "/home/jmj/ws_all/ws_px4_controls/install/px4_ros_com/lib/libframe_transforms.so" to ""
[8.156s] -- Installing: /home/jmj/ws_all/ws_px4_controls/install/px4_ros_com/share/px4_ros_com//launch
[8.156s] -- Installing: /home/jmj/ws_all/ws_px4_controls/install/px4_ros_com/share/px4_ros_com//launch/sensor_combined_listener.launch.py
[8.156s] -- Installing: /home/jmj/ws_all/ws_px4_controls/install/px4_ros_com/share/px4_ros_com//launch/offboard_control_launch.yaml
[8.156s] -- Installing: /home/jmj/ws_all/ws_px4_controls/install/px4_ros_com/share/px4_ros_com//test
[8.156s] -- Installing: /home/jmj/ws_all/ws_px4_controls/install/px4_ros_com/share/px4_ros_com//test/test_input.py
[8.156s] -- Installing: /home/jmj/ws_all/ws_px4_controls/install/px4_ros_com/share/px4_ros_com//test/__init__.py
[8.156s] -- Installing: /home/jmj/ws_all/ws_px4_controls/install/px4_ros_com/share/px4_ros_com//test/test_output.py
[8.156s] -- Installing: /home/jmj/ws_all/ws_px4_controls/install/px4_ros_com/share/px4_ros_com//test/pipeline_io_test.py
[8.156s] -- Installing: /home/jmj/ws_all/ws_px4_controls/install/px4_ros_com/share/px4_ros_com/environment/pythonpath.sh
[8.156s] -- Installing: /home/jmj/ws_all/ws_px4_controls/install/px4_ros_com/share/px4_ros_com/environment/pythonpath.dsv
[8.156s] -- Installing: /home/jmj/ws_all/ws_px4_controls/install/px4_ros_com/local/lib/python3.10/dist-packages/px4_ros_com-0.1.0-py3.10.egg-info
[8.157s] -- Installing: /home/jmj/ws_all/ws_px4_controls/install/px4_ros_com/local/lib/python3.10/dist-packages/px4_ros_com-0.1.0-py3.10.egg-info/dependency_links.txt
[8.157s] -- Installing: /home/jmj/ws_all/ws_px4_controls/install/px4_ros_com/local/lib/python3.10/dist-packages/px4_ros_com-0.1.0-py3.10.egg-info/top_level.txt
[8.157s] -- Installing: /home/jmj/ws_all/ws_px4_controls/install/px4_ros_com/local/lib/python3.10/dist-packages/px4_ros_com-0.1.0-py3.10.egg-info/PKG-INFO
[8.157s] -- Installing: /home/jmj/ws_all/ws_px4_controls/install/px4_ros_com/local/lib/python3.10/dist-packages/px4_ros_com-0.1.0-py3.10.egg-info/SOURCES.txt
[8.157s] -- Installing: /home/jmj/ws_all/ws_px4_controls/install/px4_ros_com/local/lib/python3.10/dist-packages/px4_ros_com
[8.157s] -- Installing: /home/jmj/ws_all/ws_px4_controls/install/px4_ros_com/local/lib/python3.10/dist-packages/px4_ros_com/__init__.py
[8.157s] -- Installing: /home/jmj/ws_all/ws_px4_controls/install/px4_ros_com/local/lib/python3.10/dist-packages/px4_ros_com/module_to_import.py
[8.193s] Listing '/home/jmj/ws_all/ws_px4_controls/install/px4_ros_com/local/lib/python3.10/dist-packages/px4_ros_com'...
[8.193s] Compiling '/home/jmj/ws_all/ws_px4_controls/install/px4_ros_com/local/lib/python3.10/dist-packages/px4_ros_com/__init__.py'...
[8.193s] Compiling '/home/jmj/ws_all/ws_px4_controls/install/px4_ros_com/local/lib/python3.10/dist-packages/px4_ros_com/module_to_import.py'...
[8.196s] -- Installing: /home/jmj/ws_all/ws_px4_controls/install/px4_ros_com/lib/px4_ros_com/offboard_control.py
[8.196s] -- Installing: /home/jmj/ws_all/ws_px4_controls/install/px4_ros_com/share/ament_index/resource_index/package_run_dependencies/px4_ros_com
[8.196s] -- Installing: /home/jmj/ws_all/ws_px4_controls/install/px4_ros_com/share/ament_index/resource_index/parent_prefix_path/px4_ros_com
[8.196s] -- Installing: /home/jmj/ws_all/ws_px4_controls/install/px4_ros_com/share/px4_ros_com/environment/ament_prefix_path.sh
[8.197s] -- Installing: /home/jmj/ws_all/ws_px4_controls/install/px4_ros_com/share/px4_ros_com/environment/ament_prefix_path.dsv
[8.197s] -- Installing: /home/jmj/ws_all/ws_px4_controls/install/px4_ros_com/share/px4_ros_com/environment/path.sh
[8.197s] -- Installing: /home/jmj/ws_all/ws_px4_controls/install/px4_ros_com/share/px4_ros_com/environment/path.dsv
[8.197s] -- Installing: /home/jmj/ws_all/ws_px4_controls/install/px4_ros_com/share/px4_ros_com/local_setup.bash
[8.197s] -- Installing: /home/jmj/ws_all/ws_px4_controls/install/px4_ros_com/share/px4_ros_com/local_setup.sh
[8.197s] -- Installing: /home/jmj/ws_all/ws_px4_controls/install/px4_ros_com/share/px4_ros_com/local_setup.zsh
[8.197s] -- Installing: /home/jmj/ws_all/ws_px4_controls/install/px4_ros_com/share/px4_ros_com/local_setup.dsv
[8.197s] -- Installing: /home/jmj/ws_all/ws_px4_controls/install/px4_ros_com/share/px4_ros_com/package.dsv
[8.198s] -- Installing: /home/jmj/ws_all/ws_px4_controls/install/px4_ros_com/share/ament_index/resource_index/packages/px4_ros_com
[8.198s] -- Installing: /home/jmj/ws_all/ws_px4_controls/install/px4_ros_com/share/px4_ros_com/cmake/export_frame_transformsExport.cmake
[8.198s] -- Installing: /home/jmj/ws_all/ws_px4_controls/install/px4_ros_com/share/px4_ros_com/cmake/export_frame_transformsExport-noconfig.cmake
[8.198s] -- Installing: /home/jmj/ws_all/ws_px4_controls/install/px4_ros_com/share/px4_ros_com/cmake/ament_cmake_export_dependencies-extras.cmake
[8.198s] -- Installing: /home/jmj/ws_all/ws_px4_controls/install/px4_ros_com/share/px4_ros_com/cmake/ament_cmake_export_targets-extras.cmake
[8.198s] -- Installing: /home/jmj/ws_all/ws_px4_controls/install/px4_ros_com/share/px4_ros_com/cmake/ament_cmake_export_include_directories-extras.cmake
[8.198s] -- Installing: /home/jmj/ws_all/ws_px4_controls/install/px4_ros_com/share/px4_ros_com/cmake/ament_cmake_export_libraries-extras.cmake
[8.198s] -- Installing: /home/jmj/ws_all/ws_px4_controls/install/px4_ros_com/share/px4_ros_com/cmake/px4_ros_comConfig.cmake
[8.198s] -- Installing: /home/jmj/ws_all/ws_px4_controls/install/px4_ros_com/share/px4_ros_com/cmake/px4_ros_comConfig-version.cmake
[8.198s] -- Installing: /home/jmj/ws_all/ws_px4_controls/install/px4_ros_com/share/px4_ros_com/package.xml
[8.200s] Invoked command in '/home/jmj/ws_all/ws_px4_controls/build/px4_ros_com' returned '0': AMENT_PREFIX_PATH=/home/jmj/ws_all/ws_px4_controls/install/px4_msgs:${AMENT_PREFIX_PATH} CMAKE_PREFIX_PATH=/home/jmj/ws_all/ws_px4_controls/install/px4_msgs:/opt/ros/humble LD_LIBRARY_PATH=/home/jmj/ws_all/ws_px4_controls/install/px4_msgs/lib:${LD_LIBRARY_PATH} PYTHONPATH=/home/jmj/ws_all/ws_px4_controls/install/px4_msgs/local/lib/python3.10/dist-packages:${PYTHONPATH} /usr/bin/cmake --install /home/jmj/ws_all/ws_px4_controls/build/px4_ros_com
