[0.011s] Invoking command in '/home/yoo/final_project/ugv_ws/build/ugv_controller': CMAKE_PREFIX_PATH=${CMAKE_PREFIX_PATH}:/opt/ros/humble /usr/bin/cmake --build /home/yoo/final_project/ugv_ws/build/ugv_controller -- -j16 -l16
[0.083s] [ 75%] [32mBuilding CXX object CMakeFiles/path_follower_node.dir/src/path_follower_node.cpp.o[0m
[0.083s] [ 75%] Built target manual_path_logger_node
[6.717s] [100%] [32m[1mLinking CXX executable path_follower_node[0m
[7.037s] [100%] Built target path_follower_node
[7.052s] Invoked command in '/home/yoo/final_project/ugv_ws/build/ugv_controller' returned '0': CMAKE_PREFIX_PATH=${CMAKE_PREFIX_PATH}:/opt/ros/humble /usr/bin/cmake --build /home/yoo/final_project/ugv_ws/build/ugv_controller -- -j16 -l16
[7.054s] Invoking command in '/home/yoo/final_project/ugv_ws/build/ugv_controller': CMAKE_PREFIX_PATH=${CMAKE_PREFIX_PATH}:/opt/ros/humble /usr/bin/cmake --install /home/yoo/final_project/ugv_ws/build/ugv_controller
[7.065s] -- Install configuration: ""
[7.066s] -- Execute custom install script
[7.066s] -- Up-to-date symlink: /home/yoo/final_project/ugv_ws/install/ugv_controller/lib/ugv_controller/path_follower_node
[7.066s] -- Up-to-date symlink: /home/yoo/final_project/ugv_ws/install/ugv_controller/lib/ugv_controller/manual_path_logger_node
[7.067s] -- Up-to-date symlink: /home/yoo/final_project/ugv_ws/install/ugv_controller/share/ugv_controller/launch/path_follower.launch.py
[7.067s] -- Up-to-date symlink: /home/yoo/final_project/ugv_ws/install/ugv_controller/share/ugv_controller/mission1.csv
[7.067s] -- Up-to-date symlink: /home/yoo/final_project/ugv_ws/install/ugv_controller/share/ament_index/resource_index/package_run_dependencies/ugv_controller
[7.067s] -- Up-to-date symlink: /home/yoo/final_project/ugv_ws/install/ugv_controller/share/ament_index/resource_index/parent_prefix_path/ugv_controller
[7.067s] -- Up-to-date symlink: /home/yoo/final_project/ugv_ws/install/ugv_controller/share/ugv_controller/environment/ament_prefix_path.sh
[7.068s] -- Up-to-date symlink: /home/yoo/final_project/ugv_ws/install/ugv_controller/share/ugv_controller/environment/ament_prefix_path.dsv
[7.068s] -- Up-to-date symlink: /home/yoo/final_project/ugv_ws/install/ugv_controller/share/ugv_controller/environment/path.sh
[7.068s] -- Up-to-date symlink: /home/yoo/final_project/ugv_ws/install/ugv_controller/share/ugv_controller/environment/path.dsv
[7.068s] -- Up-to-date symlink: /home/yoo/final_project/ugv_ws/install/ugv_controller/share/ugv_controller/local_setup.bash
[7.068s] -- Up-to-date symlink: /home/yoo/final_project/ugv_ws/install/ugv_controller/share/ugv_controller/local_setup.sh
[7.068s] -- Up-to-date symlink: /home/yoo/final_project/ugv_ws/install/ugv_controller/share/ugv_controller/local_setup.zsh
[7.068s] -- Up-to-date symlink: /home/yoo/final_project/ugv_ws/install/ugv_controller/share/ugv_controller/local_setup.dsv
[7.068s] -- Symlinking: /home/yoo/final_project/ugv_ws/install/ugv_controller/share/ugv_controller/package.dsv
[7.084s] -- Up-to-date symlink: /home/yoo/final_project/ugv_ws/install/ugv_controller/share/ament_index/resource_index/packages/ugv_controller
[7.084s] -- Up-to-date symlink: /home/yoo/final_project/ugv_ws/install/ugv_controller/share/ugv_controller/cmake/ugv_controllerConfig.cmake
[7.084s] -- Up-to-date symlink: /home/yoo/final_project/ugv_ws/install/ugv_controller/share/ugv_controller/cmake/ugv_controllerConfig-version.cmake
[7.084s] -- Up-to-date symlink: /home/yoo/final_project/ugv_ws/install/ugv_controller/share/ugv_controller/package.xml
[7.086s] Invoked command in '/home/yoo/final_project/ugv_ws/build/ugv_controller' returned '0': CMAKE_PREFIX_PATH=${CMAKE_PREFIX_PATH}:/opt/ros/humble /usr/bin/cmake --install /home/yoo/final_project/ugv_ws/build/ugv_controller
