[0.110s] DEBUG:colcon:Command line arguments: ['/usr/bin/colcon', 'build', '--symlink-install']
[0.110s] DEBUG:colcon:Parsed command line arguments: Namespace(log_base=None, log_level=None, verb_name='build', build_base='build', install_base='install', merge_install=False, symlink_install=True, test_result_base=None, continue_on_error=False, executor='parallel', parallel_workers=16, event_handlers=None, ignore_user_meta=False, metas=['./colcon.meta'], base_paths=['.'], packages_ignore=None, packages_ignore_regex=None, paths=None, packages_up_to=None, packages_up_to_regex=None, packages_above=None, packages_above_and_dependencies=None, packages_above_depth=None, packages_select_by_dep=None, packages_skip_by_dep=None, packages_skip_up_to=None, packages_select_build_failed=False, packages_skip_build_finished=False, packages_select_test_failures=False, packages_skip_test_passed=False, packages_select=None, packages_skip=None, packages_select_regex=None, packages_skip_regex=None, packages_start=None, packages_end=None, allow_overriding=[], cmake_args=None, cmake_target=None, cmake_target_skip_unavailable=False, cmake_clean_cache=False, cmake_clean_first=False, cmake_force_configure=False, ament_cmake_args=None, catkin_cmake_args=None, catkin_skip_building_tests=False, verb_parser=<colcon_defaults.argument_parser.defaults.DefaultArgumentsDecorator object at 0x769f4a8c9660>, verb_extension=<colcon_core.verb.build.BuildVerb object at 0x769f4a8c9120>, main=<bound method BuildVerb.main of <colcon_core.verb.build.BuildVerb object at 0x769f4a8c9120>>)
[0.157s] Level 1:colcon.colcon_core.package_discovery:discover_packages(colcon_meta) check parameters
[0.157s] Level 1:colcon.colcon_core.package_discovery:discover_packages(recursive) check parameters
[0.157s] Level 1:colcon.colcon_core.package_discovery:discover_packages(ignore) check parameters
[0.157s] Level 1:colcon.colcon_core.package_discovery:discover_packages(path) check parameters
[0.157s] Level 1:colcon.colcon_core.package_discovery:discover_packages(colcon_meta) discover
[0.157s] Level 1:colcon.colcon_core.package_discovery:discover_packages(recursive) discover
[0.157s] INFO:colcon.colcon_core.package_discovery:Crawling recursively for packages in '/home/yoo/final_project/ugv_ws'
[0.157s] Level 1:colcon.colcon_core.package_identification:_identify(.) by extensions ['ignore', 'ignore_ament_install']
[0.157s] Level 1:colcon.colcon_core.package_identification:_identify(.) by extension 'ignore'
[0.157s] Level 1:colcon.colcon_core.package_identification:_identify(.) by extension 'ignore_ament_install'
[0.157s] Level 1:colcon.colcon_core.package_identification:_identify(.) by extensions ['colcon_pkg']
[0.157s] Level 1:colcon.colcon_core.package_identification:_identify(.) by extension 'colcon_pkg'
[0.157s] Level 1:colcon.colcon_core.package_identification:_identify(.) by extensions ['colcon_meta']
[0.157s] Level 1:colcon.colcon_core.package_identification:_identify(.) by extension 'colcon_meta'
[0.157s] Level 1:colcon.colcon_core.package_identification:_identify(.) by extensions ['ros']
[0.157s] Level 1:colcon.colcon_core.package_identification:_identify(.) by extension 'ros'
[0.172s] Level 1:colcon.colcon_core.package_identification:_identify(.) by extensions ['cmake', 'python']
[0.172s] Level 1:colcon.colcon_core.package_identification:_identify(.) by extension 'cmake'
[0.172s] Level 1:colcon.colcon_core.package_identification:_identify(.) by extension 'python'
[0.172s] Level 1:colcon.colcon_core.package_identification:_identify(.) by extensions ['python_setup_py']
[0.172s] Level 1:colcon.colcon_core.package_identification:_identify(.) by extension 'python_setup_py'
[0.172s] Level 1:colcon.colcon_core.package_identification:_identify(build) by extensions ['ignore', 'ignore_ament_install']
[0.173s] Level 1:colcon.colcon_core.package_identification:_identify(build) by extension 'ignore'
[0.173s] Level 1:colcon.colcon_core.package_identification:_identify(build) ignored
[0.173s] Level 1:colcon.colcon_core.package_identification:_identify(install) by extensions ['ignore', 'ignore_ament_install']
[0.173s] Level 1:colcon.colcon_core.package_identification:_identify(install) by extension 'ignore'
[0.173s] Level 1:colcon.colcon_core.package_identification:_identify(install) ignored
[0.173s] Level 1:colcon.colcon_core.package_identification:_identify(log) by extensions ['ignore', 'ignore_ament_install']
[0.173s] Level 1:colcon.colcon_core.package_identification:_identify(log) by extension 'ignore'
[0.173s] Level 1:colcon.colcon_core.package_identification:_identify(log) ignored
[0.173s] Level 1:colcon.colcon_core.package_identification:_identify(src) by extensions ['ignore', 'ignore_ament_install']
[0.173s] Level 1:colcon.colcon_core.package_identification:_identify(src) by extension 'ignore'
[0.173s] Level 1:colcon.colcon_core.package_identification:_identify(src) by extension 'ignore_ament_install'
[0.173s] Level 1:colcon.colcon_core.package_identification:_identify(src) by extensions ['colcon_pkg']
[0.173s] Level 1:colcon.colcon_core.package_identification:_identify(src) by extension 'colcon_pkg'
[0.173s] Level 1:colcon.colcon_core.package_identification:_identify(src) by extensions ['colcon_meta']
[0.174s] Level 1:colcon.colcon_core.package_identification:_identify(src) by extension 'colcon_meta'
[0.174s] Level 1:colcon.colcon_core.package_identification:_identify(src) by extensions ['ros']
[0.174s] Level 1:colcon.colcon_core.package_identification:_identify(src) by extension 'ros'
[0.174s] Level 1:colcon.colcon_core.package_identification:_identify(src) by extensions ['cmake', 'python']
[0.174s] Level 1:colcon.colcon_core.package_identification:_identify(src) by extension 'cmake'
[0.174s] Level 1:colcon.colcon_core.package_identification:_identify(src) by extension 'python'
[0.174s] Level 1:colcon.colcon_core.package_identification:_identify(src) by extensions ['python_setup_py']
[0.174s] Level 1:colcon.colcon_core.package_identification:_identify(src) by extension 'python_setup_py'
[0.174s] Level 1:colcon.colcon_core.package_identification:_identify(src/gazebo_env_setup) by extensions ['ignore', 'ignore_ament_install']
[0.174s] Level 1:colcon.colcon_core.package_identification:_identify(src/gazebo_env_setup) by extension 'ignore'
[0.174s] Level 1:colcon.colcon_core.package_identification:_identify(src/gazebo_env_setup) by extension 'ignore_ament_install'
[0.174s] Level 1:colcon.colcon_core.package_identification:_identify(src/gazebo_env_setup) by extensions ['colcon_pkg']
[0.174s] Level 1:colcon.colcon_core.package_identification:_identify(src/gazebo_env_setup) by extension 'colcon_pkg'
[0.174s] Level 1:colcon.colcon_core.package_identification:_identify(src/gazebo_env_setup) by extensions ['colcon_meta']
[0.174s] Level 1:colcon.colcon_core.package_identification:_identify(src/gazebo_env_setup) by extension 'colcon_meta'
[0.174s] Level 1:colcon.colcon_core.package_identification:_identify(src/gazebo_env_setup) by extensions ['ros']
[0.174s] Level 1:colcon.colcon_core.package_identification:_identify(src/gazebo_env_setup) by extension 'ros'
[0.179s] DEBUG:colcon.colcon_core.package_identification:Package 'src/gazebo_env_setup' with type 'ros.ament_cmake' and name 'gazebo_env_setup'
[0.179s] Level 1:colcon.colcon_core.package_identification:_identify(src/ugv_controller) by extensions ['ignore', 'ignore_ament_install']
[0.180s] Level 1:colcon.colcon_core.package_identification:_identify(src/ugv_controller) by extension 'ignore'
[0.180s] Level 1:colcon.colcon_core.package_identification:_identify(src/ugv_controller) by extension 'ignore_ament_install'
[0.180s] Level 1:colcon.colcon_core.package_identification:_identify(src/ugv_controller) by extensions ['colcon_pkg']
[0.180s] Level 1:colcon.colcon_core.package_identification:_identify(src/ugv_controller) by extension 'colcon_pkg'
[0.180s] Level 1:colcon.colcon_core.package_identification:_identify(src/ugv_controller) by extensions ['colcon_meta']
[0.180s] Level 1:colcon.colcon_core.package_identification:_identify(src/ugv_controller) by extension 'colcon_meta'
[0.180s] Level 1:colcon.colcon_core.package_identification:_identify(src/ugv_controller) by extensions ['ros']
[0.180s] Level 1:colcon.colcon_core.package_identification:_identify(src/ugv_controller) by extension 'ros'
[0.181s] DEBUG:colcon.colcon_core.package_identification:Package 'src/ugv_controller' with type 'ros.ament_cmake' and name 'ugv_controller'
[0.181s] Level 1:colcon.colcon_core.package_discovery:discover_packages(recursive) using defaults
[0.181s] Level 1:colcon.colcon_core.package_discovery:discover_packages(ignore) discover
[0.181s] Level 1:colcon.colcon_core.package_discovery:discover_packages(ignore) using defaults
[0.181s] Level 1:colcon.colcon_core.package_discovery:discover_packages(path) discover
[0.182s] Level 1:colcon.colcon_core.package_discovery:discover_packages(path) using defaults
[0.203s] Level 1:colcon.colcon_core.package_discovery:discover_packages(prefix_path) check parameters
[0.203s] Level 1:colcon.colcon_core.package_discovery:discover_packages(prefix_path) discover
[0.205s] DEBUG:colcon.colcon_installed_package_information.package_discovery:Found 2 installed packages in /home/yoo/final_project/ugv_ws/install
[0.206s] DEBUG:colcon.colcon_installed_package_information.package_discovery:Found 285 installed packages in /opt/ros/humble
[0.207s] Level 1:colcon.colcon_core.package_discovery:discover_packages(prefix_path) using defaults
[0.245s] Level 5:colcon.colcon_core.verb:set package 'gazebo_env_setup' build argument 'cmake_args' from command line to 'None'
[0.245s] Level 5:colcon.colcon_core.verb:set package 'gazebo_env_setup' build argument 'cmake_target' from command line to 'None'
[0.245s] Level 5:colcon.colcon_core.verb:set package 'gazebo_env_setup' build argument 'cmake_target_skip_unavailable' from command line to 'False'
[0.245s] Level 5:colcon.colcon_core.verb:set package 'gazebo_env_setup' build argument 'cmake_clean_cache' from command line to 'False'
[0.245s] Level 5:colcon.colcon_core.verb:set package 'gazebo_env_setup' build argument 'cmake_clean_first' from command line to 'False'
[0.245s] Level 5:colcon.colcon_core.verb:set package 'gazebo_env_setup' build argument 'cmake_force_configure' from command line to 'False'
[0.245s] Level 5:colcon.colcon_core.verb:set package 'gazebo_env_setup' build argument 'ament_cmake_args' from command line to 'None'
[0.245s] Level 5:colcon.colcon_core.verb:set package 'gazebo_env_setup' build argument 'catkin_cmake_args' from command line to 'None'
[0.245s] Level 5:colcon.colcon_core.verb:set package 'gazebo_env_setup' build argument 'catkin_skip_building_tests' from command line to 'False'
[0.246s] DEBUG:colcon.colcon_core.verb:Building package 'gazebo_env_setup' with the following arguments: {'ament_cmake_args': None, 'build_base': '/home/yoo/final_project/ugv_ws/build/gazebo_env_setup', 'catkin_cmake_args': None, 'catkin_skip_building_tests': False, 'cmake_args': None, 'cmake_clean_cache': False, 'cmake_clean_first': False, 'cmake_force_configure': False, 'cmake_target': None, 'cmake_target_skip_unavailable': False, 'install_base': '/home/yoo/final_project/ugv_ws/install/gazebo_env_setup', 'merge_install': False, 'path': '/home/yoo/final_project/ugv_ws/src/gazebo_env_setup', 'symlink_install': True, 'test_result_base': None}
[0.246s] Level 5:colcon.colcon_core.verb:set package 'ugv_controller' build argument 'cmake_args' from command line to 'None'
[0.246s] Level 5:colcon.colcon_core.verb:set package 'ugv_controller' build argument 'cmake_target' from command line to 'None'
[0.246s] Level 5:colcon.colcon_core.verb:set package 'ugv_controller' build argument 'cmake_target_skip_unavailable' from command line to 'False'
[0.246s] Level 5:colcon.colcon_core.verb:set package 'ugv_controller' build argument 'cmake_clean_cache' from command line to 'False'
[0.246s] Level 5:colcon.colcon_core.verb:set package 'ugv_controller' build argument 'cmake_clean_first' from command line to 'False'
[0.246s] Level 5:colcon.colcon_core.verb:set package 'ugv_controller' build argument 'cmake_force_configure' from command line to 'False'
[0.246s] Level 5:colcon.colcon_core.verb:set package 'ugv_controller' build argument 'ament_cmake_args' from command line to 'None'
[0.246s] Level 5:colcon.colcon_core.verb:set package 'ugv_controller' build argument 'catkin_cmake_args' from command line to 'None'
[0.246s] Level 5:colcon.colcon_core.verb:set package 'ugv_controller' build argument 'catkin_skip_building_tests' from command line to 'False'
[0.246s] DEBUG:colcon.colcon_core.verb:Building package 'ugv_controller' with the following arguments: {'ament_cmake_args': None, 'build_base': '/home/yoo/final_project/ugv_ws/build/ugv_controller', 'catkin_cmake_args': None, 'catkin_skip_building_tests': False, 'cmake_args': None, 'cmake_clean_cache': False, 'cmake_clean_first': False, 'cmake_force_configure': False, 'cmake_target': None, 'cmake_target_skip_unavailable': False, 'install_base': '/home/yoo/final_project/ugv_ws/install/ugv_controller', 'merge_install': False, 'path': '/home/yoo/final_project/ugv_ws/src/ugv_controller', 'symlink_install': True, 'test_result_base': None}
[0.246s] INFO:colcon.colcon_core.executor:Executing jobs using 'parallel' executor
[0.247s] DEBUG:colcon.colcon_parallel_executor.executor.parallel:run_until_complete
[0.248s] INFO:colcon.colcon_ros.task.ament_cmake.build:Building ROS package in '/home/yoo/final_project/ugv_ws/src/gazebo_env_setup' with build type 'ament_cmake'
[0.248s] INFO:colcon.colcon_cmake.task.cmake.build:Building CMake package in '/home/yoo/final_project/ugv_ws/src/gazebo_env_setup'
[0.250s] INFO:colcon.colcon_core.plugin_system:Skipping extension 'colcon_core.shell.bat': Not used on non-Windows systems
[0.250s] INFO:colcon.colcon_core.shell:Skip shell extension 'powershell' for command environment: Not usable outside of PowerShell
[0.250s] DEBUG:colcon.colcon_core.shell:Skip shell extension 'dsv' for command environment
[0.253s] INFO:colcon.colcon_ros.task.ament_cmake.build:Building ROS package in '/home/yoo/final_project/ugv_ws/src/ugv_controller' with build type 'ament_cmake'
[0.253s] INFO:colcon.colcon_cmake.task.cmake.build:Building CMake package in '/home/yoo/final_project/ugv_ws/src/ugv_controller'
[0.254s] INFO:colcon.colcon_core.shell:Skip shell extension 'powershell' for command environment: Not usable outside of PowerShell
[0.254s] DEBUG:colcon.colcon_core.shell:Skip shell extension 'dsv' for command environment
[0.260s] DEBUG:colcon.colcon_core.event_handler.log_command:Invoking command in '/home/yoo/final_project/ugv_ws/build/gazebo_env_setup': CMAKE_PREFIX_PATH=${CMAKE_PREFIX_PATH}:/opt/ros/humble /usr/bin/cmake --build /home/yoo/final_project/ugv_ws/build/gazebo_env_setup -- -j16 -l16
[0.265s] DEBUG:colcon.colcon_core.event_handler.log_command:Invoking command in '/home/yoo/final_project/ugv_ws/build/ugv_controller': CMAKE_PREFIX_PATH=${CMAKE_PREFIX_PATH}:/opt/ros/humble /usr/bin/cmake --build /home/yoo/final_project/ugv_ws/build/ugv_controller -- -j16 -l16
[0.355s] DEBUG:colcon.colcon_core.event_handler.log_command:Invoked command in '/home/yoo/final_project/ugv_ws/build/gazebo_env_setup' returned '0': CMAKE_PREFIX_PATH=${CMAKE_PREFIX_PATH}:/opt/ros/humble /usr/bin/cmake --build /home/yoo/final_project/ugv_ws/build/gazebo_env_setup -- -j16 -l16
[0.367s] DEBUG:colcon.colcon_core.event_handler.log_command:Invoking command in '/home/yoo/final_project/ugv_ws/build/gazebo_env_setup': CMAKE_PREFIX_PATH=${CMAKE_PREFIX_PATH}:/opt/ros/humble /usr/bin/cmake --install /home/yoo/final_project/ugv_ws/build/gazebo_env_setup
[0.401s] Level 1:colcon.colcon_core.environment:create_environment_scripts_only(gazebo_env_setup)
[0.402s] DEBUG:colcon.colcon_core.event_handler.log_command:Invoked command in '/home/yoo/final_project/ugv_ws/build/gazebo_env_setup' returned '0': CMAKE_PREFIX_PATH=${CMAKE_PREFIX_PATH}:/opt/ros/humble /usr/bin/cmake --install /home/yoo/final_project/ugv_ws/build/gazebo_env_setup
[0.404s] Level 1:colcon.colcon_core.environment:checking '/home/yoo/final_project/ugv_ws/install/gazebo_env_setup' for CMake module files
[0.405s] Level 1:colcon.colcon_core.environment:checking '/home/yoo/final_project/ugv_ws/install/gazebo_env_setup' for CMake config files
[0.405s] Level 1:colcon.colcon_core.shell:create_environment_hook('gazebo_env_setup', 'cmake_prefix_path')
[0.405s] INFO:colcon.colcon_core.shell:Creating environment hook '/home/yoo/final_project/ugv_ws/install/gazebo_env_setup/share/gazebo_env_setup/hook/cmake_prefix_path.ps1'
[0.406s] INFO:colcon.colcon_core.shell:Creating environment descriptor '/home/yoo/final_project/ugv_ws/install/gazebo_env_setup/share/gazebo_env_setup/hook/cmake_prefix_path.dsv'
[0.406s] INFO:colcon.colcon_core.shell:Creating environment hook '/home/yoo/final_project/ugv_ws/install/gazebo_env_setup/share/gazebo_env_setup/hook/cmake_prefix_path.sh'
[0.407s] Level 1:colcon.colcon_core.environment:checking '/home/yoo/final_project/ugv_ws/install/gazebo_env_setup/lib'
[0.407s] Level 1:colcon.colcon_core.environment:checking '/home/yoo/final_project/ugv_ws/install/gazebo_env_setup/bin'
[0.407s] Level 1:colcon.colcon_core.environment:checking '/home/yoo/final_project/ugv_ws/install/gazebo_env_setup/lib/pkgconfig/gazebo_env_setup.pc'
[0.407s] Level 1:colcon.colcon_core.environment:checking '/home/yoo/final_project/ugv_ws/install/gazebo_env_setup/lib/python3.10/site-packages'
[0.408s] Level 1:colcon.colcon_core.environment:checking '/home/yoo/final_project/ugv_ws/install/gazebo_env_setup/bin'
[0.408s] INFO:colcon.colcon_core.shell:Creating package script '/home/yoo/final_project/ugv_ws/install/gazebo_env_setup/share/gazebo_env_setup/package.ps1'
[0.409s] INFO:colcon.colcon_core.shell:Creating package descriptor '/home/yoo/final_project/ugv_ws/install/gazebo_env_setup/share/gazebo_env_setup/package.dsv'
[0.409s] INFO:colcon.colcon_core.shell:Creating package script '/home/yoo/final_project/ugv_ws/install/gazebo_env_setup/share/gazebo_env_setup/package.sh'
[0.409s] INFO:colcon.colcon_core.shell:Creating package script '/home/yoo/final_project/ugv_ws/install/gazebo_env_setup/share/gazebo_env_setup/package.bash'
[0.410s] INFO:colcon.colcon_core.shell:Creating package script '/home/yoo/final_project/ugv_ws/install/gazebo_env_setup/share/gazebo_env_setup/package.zsh'
[0.411s] Level 1:colcon.colcon_core.environment:create_file_with_runtime_dependencies(/home/yoo/final_project/ugv_ws/install/gazebo_env_setup/share/colcon-core/packages/gazebo_env_setup)
[0.411s] Level 1:colcon.colcon_core.environment:create_environment_scripts_only(gazebo_env_setup)
[0.412s] Level 1:colcon.colcon_core.environment:checking '/home/yoo/final_project/ugv_ws/install/gazebo_env_setup' for CMake module files
[0.412s] Level 1:colcon.colcon_core.environment:checking '/home/yoo/final_project/ugv_ws/install/gazebo_env_setup' for CMake config files
[0.412s] Level 1:colcon.colcon_core.shell:create_environment_hook('gazebo_env_setup', 'cmake_prefix_path')
[0.413s] INFO:colcon.colcon_core.shell:Creating environment hook '/home/yoo/final_project/ugv_ws/install/gazebo_env_setup/share/gazebo_env_setup/hook/cmake_prefix_path.ps1'
[0.413s] INFO:colcon.colcon_core.shell:Creating environment descriptor '/home/yoo/final_project/ugv_ws/install/gazebo_env_setup/share/gazebo_env_setup/hook/cmake_prefix_path.dsv'
[0.413s] INFO:colcon.colcon_core.shell:Creating environment hook '/home/yoo/final_project/ugv_ws/install/gazebo_env_setup/share/gazebo_env_setup/hook/cmake_prefix_path.sh'
[0.414s] Level 1:colcon.colcon_core.environment:checking '/home/yoo/final_project/ugv_ws/install/gazebo_env_setup/lib'
[0.414s] Level 1:colcon.colcon_core.environment:checking '/home/yoo/final_project/ugv_ws/install/gazebo_env_setup/bin'
[0.414s] Level 1:colcon.colcon_core.environment:checking '/home/yoo/final_project/ugv_ws/install/gazebo_env_setup/lib/pkgconfig/gazebo_env_setup.pc'
[0.415s] Level 1:colcon.colcon_core.environment:checking '/home/yoo/final_project/ugv_ws/install/gazebo_env_setup/lib/python3.10/site-packages'
[0.415s] Level 1:colcon.colcon_core.environment:checking '/home/yoo/final_project/ugv_ws/install/gazebo_env_setup/bin'
[0.415s] INFO:colcon.colcon_core.shell:Creating package script '/home/yoo/final_project/ugv_ws/install/gazebo_env_setup/share/gazebo_env_setup/package.ps1'
[0.416s] INFO:colcon.colcon_core.shell:Creating package descriptor '/home/yoo/final_project/ugv_ws/install/gazebo_env_setup/share/gazebo_env_setup/package.dsv'
[0.416s] INFO:colcon.colcon_core.shell:Creating package script '/home/yoo/final_project/ugv_ws/install/gazebo_env_setup/share/gazebo_env_setup/package.sh'
[0.417s] INFO:colcon.colcon_core.shell:Creating package script '/home/yoo/final_project/ugv_ws/install/gazebo_env_setup/share/gazebo_env_setup/package.bash'
[0.417s] INFO:colcon.colcon_core.shell:Creating package script '/home/yoo/final_project/ugv_ws/install/gazebo_env_setup/share/gazebo_env_setup/package.zsh'
[0.417s] Level 1:colcon.colcon_core.environment:create_file_with_runtime_dependencies(/home/yoo/final_project/ugv_ws/install/gazebo_env_setup/share/colcon-core/packages/gazebo_env_setup)
[7.306s] DEBUG:colcon.colcon_core.event_handler.log_command:Invoked command in '/home/yoo/final_project/ugv_ws/build/ugv_controller' returned '0': CMAKE_PREFIX_PATH=${CMAKE_PREFIX_PATH}:/opt/ros/humble /usr/bin/cmake --build /home/yoo/final_project/ugv_ws/build/ugv_controller -- -j16 -l16
[7.308s] DEBUG:colcon.colcon_core.event_handler.log_command:Invoking command in '/home/yoo/final_project/ugv_ws/build/ugv_controller': CMAKE_PREFIX_PATH=${CMAKE_PREFIX_PATH}:/opt/ros/humble /usr/bin/cmake --install /home/yoo/final_project/ugv_ws/build/ugv_controller
[7.339s] Level 1:colcon.colcon_core.environment:create_environment_scripts_only(ugv_controller)
[7.340s] Level 1:colcon.colcon_core.environment:checking '/home/yoo/final_project/ugv_ws/install/ugv_controller' for CMake module files
[7.340s] DEBUG:colcon.colcon_core.event_handler.log_command:Invoked command in '/home/yoo/final_project/ugv_ws/build/ugv_controller' returned '0': CMAKE_PREFIX_PATH=${CMAKE_PREFIX_PATH}:/opt/ros/humble /usr/bin/cmake --install /home/yoo/final_project/ugv_ws/build/ugv_controller
[7.340s] Level 1:colcon.colcon_core.environment:checking '/home/yoo/final_project/ugv_ws/install/ugv_controller' for CMake config files
[7.341s] Level 1:colcon.colcon_core.shell:create_environment_hook('ugv_controller', 'cmake_prefix_path')
[7.341s] INFO:colcon.colcon_core.shell:Creating environment hook '/home/yoo/final_project/ugv_ws/install/ugv_controller/share/ugv_controller/hook/cmake_prefix_path.ps1'
[7.341s] INFO:colcon.colcon_core.shell:Creating environment descriptor '/home/yoo/final_project/ugv_ws/install/ugv_controller/share/ugv_controller/hook/cmake_prefix_path.dsv'
[7.342s] INFO:colcon.colcon_core.shell:Creating environment hook '/home/yoo/final_project/ugv_ws/install/ugv_controller/share/ugv_controller/hook/cmake_prefix_path.sh'
[7.342s] Level 1:colcon.colcon_core.environment:checking '/home/yoo/final_project/ugv_ws/install/ugv_controller/lib'
[7.342s] Level 1:colcon.colcon_core.environment:checking '/home/yoo/final_project/ugv_ws/install/ugv_controller/bin'
[7.342s] Level 1:colcon.colcon_core.environment:checking '/home/yoo/final_project/ugv_ws/install/ugv_controller/lib/pkgconfig/ugv_controller.pc'
[7.342s] Level 1:colcon.colcon_core.environment:checking '/home/yoo/final_project/ugv_ws/install/ugv_controller/lib/python3.10/site-packages'
[7.342s] Level 1:colcon.colcon_core.environment:checking '/home/yoo/final_project/ugv_ws/install/ugv_controller/bin'
[7.343s] INFO:colcon.colcon_core.shell:Creating package script '/home/yoo/final_project/ugv_ws/install/ugv_controller/share/ugv_controller/package.ps1'
[7.343s] INFO:colcon.colcon_core.shell:Creating package descriptor '/home/yoo/final_project/ugv_ws/install/ugv_controller/share/ugv_controller/package.dsv'
[7.343s] INFO:colcon.colcon_core.shell:Creating package script '/home/yoo/final_project/ugv_ws/install/ugv_controller/share/ugv_controller/package.sh'
[7.344s] INFO:colcon.colcon_core.shell:Creating package script '/home/yoo/final_project/ugv_ws/install/ugv_controller/share/ugv_controller/package.bash'
[7.344s] INFO:colcon.colcon_core.shell:Creating package script '/home/yoo/final_project/ugv_ws/install/ugv_controller/share/ugv_controller/package.zsh'
[7.344s] Level 1:colcon.colcon_core.environment:create_file_with_runtime_dependencies(/home/yoo/final_project/ugv_ws/install/ugv_controller/share/colcon-core/packages/ugv_controller)
[7.345s] Level 1:colcon.colcon_core.environment:create_environment_scripts_only(ugv_controller)
[7.345s] Level 1:colcon.colcon_core.environment:checking '/home/yoo/final_project/ugv_ws/install/ugv_controller' for CMake module files
[7.346s] Level 1:colcon.colcon_core.environment:checking '/home/yoo/final_project/ugv_ws/install/ugv_controller' for CMake config files
[7.346s] Level 1:colcon.colcon_core.shell:create_environment_hook('ugv_controller', 'cmake_prefix_path')
[7.346s] INFO:colcon.colcon_core.shell:Creating environment hook '/home/yoo/final_project/ugv_ws/install/ugv_controller/share/ugv_controller/hook/cmake_prefix_path.ps1'
[7.347s] INFO:colcon.colcon_core.shell:Creating environment descriptor '/home/yoo/final_project/ugv_ws/install/ugv_controller/share/ugv_controller/hook/cmake_prefix_path.dsv'
[7.347s] INFO:colcon.colcon_core.shell:Creating environment hook '/home/yoo/final_project/ugv_ws/install/ugv_controller/share/ugv_controller/hook/cmake_prefix_path.sh'
[7.348s] Level 1:colcon.colcon_core.environment:checking '/home/yoo/final_project/ugv_ws/install/ugv_controller/lib'
[7.348s] Level 1:colcon.colcon_core.environment:checking '/home/yoo/final_project/ugv_ws/install/ugv_controller/bin'
[7.348s] Level 1:colcon.colcon_core.environment:checking '/home/yoo/final_project/ugv_ws/install/ugv_controller/lib/pkgconfig/ugv_controller.pc'
[7.348s] Level 1:colcon.colcon_core.environment:checking '/home/yoo/final_project/ugv_ws/install/ugv_controller/lib/python3.10/site-packages'
[7.348s] Level 1:colcon.colcon_core.environment:checking '/home/yoo/final_project/ugv_ws/install/ugv_controller/bin'
[7.349s] INFO:colcon.colcon_core.shell:Creating package script '/home/yoo/final_project/ugv_ws/install/ugv_controller/share/ugv_controller/package.ps1'
[7.349s] INFO:colcon.colcon_core.shell:Creating package descriptor '/home/yoo/final_project/ugv_ws/install/ugv_controller/share/ugv_controller/package.dsv'
[7.350s] INFO:colcon.colcon_core.shell:Creating package script '/home/yoo/final_project/ugv_ws/install/ugv_controller/share/ugv_controller/package.sh'
[7.350s] INFO:colcon.colcon_core.shell:Creating package script '/home/yoo/final_project/ugv_ws/install/ugv_controller/share/ugv_controller/package.bash'
[7.350s] INFO:colcon.colcon_core.shell:Creating package script '/home/yoo/final_project/ugv_ws/install/ugv_controller/share/ugv_controller/package.zsh'
[7.351s] Level 1:colcon.colcon_core.environment:create_file_with_runtime_dependencies(/home/yoo/final_project/ugv_ws/install/ugv_controller/share/colcon-core/packages/ugv_controller)
[7.351s] DEBUG:colcon.colcon_parallel_executor.executor.parallel:closing loop
[7.352s] DEBUG:colcon.colcon_parallel_executor.executor.parallel:loop closed
[7.352s] DEBUG:colcon.colcon_parallel_executor.executor.parallel:run_until_complete finished with '0'
[7.352s] DEBUG:colcon.colcon_core.event_reactor:joining thread
[7.358s] INFO:colcon.colcon_core.plugin_system:Skipping extension 'colcon_notification.desktop_notification.terminal_notifier': Not used on non-Darwin systems
[7.358s] INFO:colcon.colcon_core.plugin_system:Skipping extension 'colcon_notification.desktop_notification.win32': Not used on non-Windows systems
[7.358s] INFO:colcon.colcon_notification.desktop_notification:Sending desktop notification using 'notify2'
[7.373s] DEBUG:colcon.colcon_core.event_reactor:joined thread
[7.373s] INFO:colcon.colcon_core.shell:Creating prefix script '/home/yoo/final_project/ugv_ws/install/local_setup.ps1'
[7.374s] INFO:colcon.colcon_core.shell:Creating prefix util module '/home/yoo/final_project/ugv_ws/install/_local_setup_util_ps1.py'
[7.376s] INFO:colcon.colcon_core.shell:Creating prefix chain script '/home/yoo/final_project/ugv_ws/install/setup.ps1'
[7.377s] INFO:colcon.colcon_core.shell:Creating prefix script '/home/yoo/final_project/ugv_ws/install/local_setup.sh'
[7.377s] INFO:colcon.colcon_core.shell:Creating prefix util module '/home/yoo/final_project/ugv_ws/install/_local_setup_util_sh.py'
[7.378s] INFO:colcon.colcon_core.shell:Creating prefix chain script '/home/yoo/final_project/ugv_ws/install/setup.sh'
[7.379s] INFO:colcon.colcon_core.shell:Creating prefix script '/home/yoo/final_project/ugv_ws/install/local_setup.bash'
[7.380s] INFO:colcon.colcon_core.shell:Creating prefix chain script '/home/yoo/final_project/ugv_ws/install/setup.bash'
[7.381s] INFO:colcon.colcon_core.shell:Creating prefix script '/home/yoo/final_project/ugv_ws/install/local_setup.zsh'
[7.382s] INFO:colcon.colcon_core.shell:Creating prefix chain script '/home/yoo/final_project/ugv_ws/install/setup.zsh'
