[0.103s] DEBUG:colcon:Command line arguments: ['/usr/bin/colcon', 'build']
[0.103s] DEBUG:colcon:Parsed command line arguments: Namespace(log_base=None, log_level=None, verb_name='build', build_base='build', install_base='install', merge_install=False, symlink_install=False, test_result_base=None, continue_on_error=False, executor='parallel', parallel_workers=20, event_handlers=None, ignore_user_meta=False, metas=['./colcon.meta'], base_paths=['.'], packages_ignore=None, packages_ignore_regex=None, paths=None, packages_up_to=None, packages_up_to_regex=None, packages_above=None, packages_above_and_dependencies=None, packages_above_depth=None, packages_select_by_dep=None, packages_skip_by_dep=None, packages_skip_up_to=None, packages_select_build_failed=False, packages_skip_build_finished=False, packages_select_test_failures=False, packages_skip_test_passed=False, packages_select=None, packages_skip=None, packages_select_regex=None, packages_skip_regex=None, packages_start=None, packages_end=None, allow_overriding=[], cmake_args=None, cmake_target=None, cmake_target_skip_unavailable=False, cmake_clean_cache=False, cmake_clean_first=False, cmake_force_configure=False, ament_cmake_args=None, catkin_cmake_args=None, catkin_skip_building_tests=False, mixin_files=None, mixin=None, verb_parser=<colcon_mixin.mixin.mixin_argument.MixinArgumentDecorator object at 0x715a6391cf40>, verb_extension=<colcon_core.verb.build.BuildVerb object at 0x715a63a28250>, main=<bound method BuildVerb.main of <colcon_core.verb.build.BuildVerb object at 0x715a63a28250>>, mixin_verb=('build',))
[0.232s] Level 1:colcon.colcon_core.package_discovery:discover_packages(colcon_meta) check parameters
[0.232s] Level 1:colcon.colcon_core.package_discovery:discover_packages(recursive) check parameters
[0.232s] Level 1:colcon.colcon_core.package_discovery:discover_packages(ignore) check parameters
[0.232s] Level 1:colcon.colcon_core.package_discovery:discover_packages(path) check parameters
[0.232s] Level 1:colcon.colcon_core.package_discovery:discover_packages(colcon_meta) discover
[0.232s] Level 1:colcon.colcon_core.package_discovery:discover_packages(recursive) discover
[0.232s] INFO:colcon.colcon_core.package_discovery:Crawling recursively for packages in '/home/jmj/ws_all/ws_px4_controls'
[0.232s] Level 1:colcon.colcon_core.package_identification:_identify(.) by extensions ['ignore', 'ignore_ament_install']
[0.232s] Level 1:colcon.colcon_core.package_identification:_identify(.) by extension 'ignore'
[0.232s] Level 1:colcon.colcon_core.package_identification:_identify(.) by extension 'ignore_ament_install'
[0.232s] Level 1:colcon.colcon_core.package_identification:_identify(.) by extensions ['colcon_pkg']
[0.232s] Level 1:colcon.colcon_core.package_identification:_identify(.) by extension 'colcon_pkg'
[0.232s] Level 1:colcon.colcon_core.package_identification:_identify(.) by extensions ['colcon_meta']
[0.232s] Level 1:colcon.colcon_core.package_identification:_identify(.) by extension 'colcon_meta'
[0.232s] Level 1:colcon.colcon_core.package_identification:_identify(.) by extensions ['ros']
[0.232s] Level 1:colcon.colcon_core.package_identification:_identify(.) by extension 'ros'
[0.245s] Level 1:colcon.colcon_core.package_identification:_identify(.) by extensions ['cmake', 'python']
[0.245s] Level 1:colcon.colcon_core.package_identification:_identify(.) by extension 'cmake'
[0.245s] Level 1:colcon.colcon_core.package_identification:_identify(.) by extension 'python'
[0.245s] Level 1:colcon.colcon_core.package_identification:_identify(.) by extensions ['python_setup_py']
[0.245s] Level 1:colcon.colcon_core.package_identification:_identify(.) by extension 'python_setup_py'
[0.246s] Level 1:colcon.colcon_core.package_identification:_identify(build) by extensions ['ignore', 'ignore_ament_install']
[0.246s] Level 1:colcon.colcon_core.package_identification:_identify(build) by extension 'ignore'
[0.246s] Level 1:colcon.colcon_core.package_identification:_identify(build) ignored
[0.246s] Level 1:colcon.colcon_core.package_identification:_identify(install) by extensions ['ignore', 'ignore_ament_install']
[0.246s] Level 1:colcon.colcon_core.package_identification:_identify(install) by extension 'ignore'
[0.246s] Level 1:colcon.colcon_core.package_identification:_identify(install) ignored
[0.246s] Level 1:colcon.colcon_core.package_identification:_identify(log) by extensions ['ignore', 'ignore_ament_install']
[0.246s] Level 1:colcon.colcon_core.package_identification:_identify(log) by extension 'ignore'
[0.246s] Level 1:colcon.colcon_core.package_identification:_identify(log) ignored
[0.246s] Level 1:colcon.colcon_core.package_identification:_identify(src) by extensions ['ignore', 'ignore_ament_install']
[0.246s] Level 1:colcon.colcon_core.package_identification:_identify(src) by extension 'ignore'
[0.246s] Level 1:colcon.colcon_core.package_identification:_identify(src) by extension 'ignore_ament_install'
[0.246s] Level 1:colcon.colcon_core.package_identification:_identify(src) by extensions ['colcon_pkg']
[0.246s] Level 1:colcon.colcon_core.package_identification:_identify(src) by extension 'colcon_pkg'
[0.246s] Level 1:colcon.colcon_core.package_identification:_identify(src) by extensions ['colcon_meta']
[0.246s] Level 1:colcon.colcon_core.package_identification:_identify(src) by extension 'colcon_meta'
[0.246s] Level 1:colcon.colcon_core.package_identification:_identify(src) by extensions ['ros']
[0.246s] Level 1:colcon.colcon_core.package_identification:_identify(src) by extension 'ros'
[0.246s] Level 1:colcon.colcon_core.package_identification:_identify(src) by extensions ['cmake', 'python']
[0.246s] Level 1:colcon.colcon_core.package_identification:_identify(src) by extension 'cmake'
[0.246s] Level 1:colcon.colcon_core.package_identification:_identify(src) by extension 'python'
[0.246s] Level 1:colcon.colcon_core.package_identification:_identify(src) by extensions ['python_setup_py']
[0.246s] Level 1:colcon.colcon_core.package_identification:_identify(src) by extension 'python_setup_py'
[0.246s] Level 1:colcon.colcon_core.package_identification:_identify(src/px4_msgs) by extensions ['ignore', 'ignore_ament_install']
[0.247s] Level 1:colcon.colcon_core.package_identification:_identify(src/px4_msgs) by extension 'ignore'
[0.247s] Level 1:colcon.colcon_core.package_identification:_identify(src/px4_msgs) by extension 'ignore_ament_install'
[0.247s] Level 1:colcon.colcon_core.package_identification:_identify(src/px4_msgs) by extensions ['colcon_pkg']
[0.247s] Level 1:colcon.colcon_core.package_identification:_identify(src/px4_msgs) by extension 'colcon_pkg'
[0.247s] Level 1:colcon.colcon_core.package_identification:_identify(src/px4_msgs) by extensions ['colcon_meta']
[0.247s] Level 1:colcon.colcon_core.package_identification:_identify(src/px4_msgs) by extension 'colcon_meta'
[0.247s] Level 1:colcon.colcon_core.package_identification:_identify(src/px4_msgs) by extensions ['ros']
[0.247s] Level 1:colcon.colcon_core.package_identification:_identify(src/px4_msgs) by extension 'ros'
[0.249s] DEBUG:colcon.colcon_core.package_identification:Package 'src/px4_msgs' with type 'ros.ament_cmake' and name 'px4_msgs'
[0.249s] Level 1:colcon.colcon_core.package_identification:_identify(src/px4_ros_com) by extensions ['ignore', 'ignore_ament_install']
[0.249s] Level 1:colcon.colcon_core.package_identification:_identify(src/px4_ros_com) by extension 'ignore'
[0.249s] Level 1:colcon.colcon_core.package_identification:_identify(src/px4_ros_com) by extension 'ignore_ament_install'
[0.249s] Level 1:colcon.colcon_core.package_identification:_identify(src/px4_ros_com) by extensions ['colcon_pkg']
[0.249s] Level 1:colcon.colcon_core.package_identification:_identify(src/px4_ros_com) by extension 'colcon_pkg'
[0.249s] Level 1:colcon.colcon_core.package_identification:_identify(src/px4_ros_com) by extensions ['colcon_meta']
[0.249s] Level 1:colcon.colcon_core.package_identification:_identify(src/px4_ros_com) by extension 'colcon_meta'
[0.249s] Level 1:colcon.colcon_core.package_identification:_identify(src/px4_ros_com) by extensions ['ros']
[0.249s] Level 1:colcon.colcon_core.package_identification:_identify(src/px4_ros_com) by extension 'ros'
[0.250s] DEBUG:colcon.colcon_core.package_identification:Package 'src/px4_ros_com' with type 'ros.ament_cmake' and name 'px4_ros_com'
[0.250s] Level 1:colcon.colcon_core.package_identification:_identify(src/uav_controller_pkg) by extensions ['ignore', 'ignore_ament_install']
[0.250s] Level 1:colcon.colcon_core.package_identification:_identify(src/uav_controller_pkg) by extension 'ignore'
[0.250s] Level 1:colcon.colcon_core.package_identification:_identify(src/uav_controller_pkg) by extension 'ignore_ament_install'
[0.250s] Level 1:colcon.colcon_core.package_identification:_identify(src/uav_controller_pkg) by extensions ['colcon_pkg']
[0.250s] Level 1:colcon.colcon_core.package_identification:_identify(src/uav_controller_pkg) by extension 'colcon_pkg'
[0.250s] Level 1:colcon.colcon_core.package_identification:_identify(src/uav_controller_pkg) by extensions ['colcon_meta']
[0.250s] Level 1:colcon.colcon_core.package_identification:_identify(src/uav_controller_pkg) by extension 'colcon_meta'
[0.250s] Level 1:colcon.colcon_core.package_identification:_identify(src/uav_controller_pkg) by extensions ['ros']
[0.250s] Level 1:colcon.colcon_core.package_identification:_identify(src/uav_controller_pkg) by extension 'ros'
[0.250s] DEBUG:colcon.colcon_core.package_identification:Package 'src/uav_controller_pkg' with type 'ros.ament_cmake' and name 'uav_controller_pkg'
[0.250s] Level 1:colcon.colcon_core.package_discovery:discover_packages(recursive) using defaults
[0.250s] Level 1:colcon.colcon_core.package_discovery:discover_packages(ignore) discover
[0.250s] Level 1:colcon.colcon_core.package_discovery:discover_packages(ignore) using defaults
[0.251s] Level 1:colcon.colcon_core.package_discovery:discover_packages(path) discover
[0.251s] Level 1:colcon.colcon_core.package_discovery:discover_packages(path) using defaults
[0.268s] Level 1:colcon.colcon_core.package_discovery:discover_packages(prefix_path) check parameters
[0.268s] Level 1:colcon.colcon_core.package_discovery:discover_packages(prefix_path) discover
[0.270s] DEBUG:colcon.colcon_installed_package_information.package_discovery:Found 367 installed packages in /opt/ros/humble
[0.272s] Level 1:colcon.colcon_core.package_discovery:discover_packages(prefix_path) using defaults
[0.296s] Level 5:colcon.colcon_core.verb:set package 'px4_msgs' build argument 'cmake_args' from command line to 'None'
[0.296s] Level 5:colcon.colcon_core.verb:set package 'px4_msgs' build argument 'cmake_target' from command line to 'None'
[0.296s] Level 5:colcon.colcon_core.verb:set package 'px4_msgs' build argument 'cmake_target_skip_unavailable' from command line to 'False'
[0.296s] Level 5:colcon.colcon_core.verb:set package 'px4_msgs' build argument 'cmake_clean_cache' from command line to 'False'
[0.296s] Level 5:colcon.colcon_core.verb:set package 'px4_msgs' build argument 'cmake_clean_first' from command line to 'False'
[0.296s] Level 5:colcon.colcon_core.verb:set package 'px4_msgs' build argument 'cmake_force_configure' from command line to 'False'
[0.296s] Level 5:colcon.colcon_core.verb:set package 'px4_msgs' build argument 'ament_cmake_args' from command line to 'None'
[0.296s] Level 5:colcon.colcon_core.verb:set package 'px4_msgs' build argument 'catkin_cmake_args' from command line to 'None'
[0.296s] Level 5:colcon.colcon_core.verb:set package 'px4_msgs' build argument 'catkin_skip_building_tests' from command line to 'False'
[0.296s] DEBUG:colcon.colcon_core.verb:Building package 'px4_msgs' with the following arguments: {'ament_cmake_args': None, 'build_base': '/home/jmj/ws_all/ws_px4_controls/build/px4_msgs', 'catkin_cmake_args': None, 'catkin_skip_building_tests': False, 'cmake_args': None, 'cmake_clean_cache': False, 'cmake_clean_first': False, 'cmake_force_configure': False, 'cmake_target': None, 'cmake_target_skip_unavailable': False, 'install_base': '/home/jmj/ws_all/ws_px4_controls/install/px4_msgs', 'merge_install': False, 'path': '/home/jmj/ws_all/ws_px4_controls/src/px4_msgs', 'symlink_install': False, 'test_result_base': None}
[0.297s] Level 5:colcon.colcon_core.verb:set package 'px4_ros_com' build argument 'cmake_args' from command line to 'None'
[0.297s] Level 5:colcon.colcon_core.verb:set package 'px4_ros_com' build argument 'cmake_target' from command line to 'None'
[0.297s] Level 5:colcon.colcon_core.verb:set package 'px4_ros_com' build argument 'cmake_target_skip_unavailable' from command line to 'False'
[0.297s] Level 5:colcon.colcon_core.verb:set package 'px4_ros_com' build argument 'cmake_clean_cache' from command line to 'False'
[0.297s] Level 5:colcon.colcon_core.verb:set package 'px4_ros_com' build argument 'cmake_clean_first' from command line to 'False'
[0.297s] Level 5:colcon.colcon_core.verb:set package 'px4_ros_com' build argument 'cmake_force_configure' from command line to 'False'
[0.297s] Level 5:colcon.colcon_core.verb:set package 'px4_ros_com' build argument 'ament_cmake_args' from command line to 'None'
[0.297s] Level 5:colcon.colcon_core.verb:set package 'px4_ros_com' build argument 'catkin_cmake_args' from command line to 'None'
[0.297s] Level 5:colcon.colcon_core.verb:set package 'px4_ros_com' build argument 'catkin_skip_building_tests' from command line to 'False'
[0.297s] DEBUG:colcon.colcon_core.verb:Building package 'px4_ros_com' with the following arguments: {'ament_cmake_args': None, 'build_base': '/home/jmj/ws_all/ws_px4_controls/build/px4_ros_com', 'catkin_cmake_args': None, 'catkin_skip_building_tests': False, 'cmake_args': None, 'cmake_clean_cache': False, 'cmake_clean_first': False, 'cmake_force_configure': False, 'cmake_target': None, 'cmake_target_skip_unavailable': False, 'install_base': '/home/jmj/ws_all/ws_px4_controls/install/px4_ros_com', 'merge_install': False, 'path': '/home/jmj/ws_all/ws_px4_controls/src/px4_ros_com', 'symlink_install': False, 'test_result_base': None}
[0.297s] Level 5:colcon.colcon_core.verb:set package 'uav_controller_pkg' build argument 'cmake_args' from command line to 'None'
[0.297s] Level 5:colcon.colcon_core.verb:set package 'uav_controller_pkg' build argument 'cmake_target' from command line to 'None'
[0.297s] Level 5:colcon.colcon_core.verb:set package 'uav_controller_pkg' build argument 'cmake_target_skip_unavailable' from command line to 'False'
[0.297s] Level 5:colcon.colcon_core.verb:set package 'uav_controller_pkg' build argument 'cmake_clean_cache' from command line to 'False'
[0.297s] Level 5:colcon.colcon_core.verb:set package 'uav_controller_pkg' build argument 'cmake_clean_first' from command line to 'False'
[0.297s] Level 5:colcon.colcon_core.verb:set package 'uav_controller_pkg' build argument 'cmake_force_configure' from command line to 'False'
[0.297s] Level 5:colcon.colcon_core.verb:set package 'uav_controller_pkg' build argument 'ament_cmake_args' from command line to 'None'
[0.297s] Level 5:colcon.colcon_core.verb:set package 'uav_controller_pkg' build argument 'catkin_cmake_args' from command line to 'None'
[0.297s] Level 5:colcon.colcon_core.verb:set package 'uav_controller_pkg' build argument 'catkin_skip_building_tests' from command line to 'False'
[0.297s] DEBUG:colcon.colcon_core.verb:Building package 'uav_controller_pkg' with the following arguments: {'ament_cmake_args': None, 'build_base': '/home/jmj/ws_all/ws_px4_controls/build/uav_controller_pkg', 'catkin_cmake_args': None, 'catkin_skip_building_tests': False, 'cmake_args': None, 'cmake_clean_cache': False, 'cmake_clean_first': False, 'cmake_force_configure': False, 'cmake_target': None, 'cmake_target_skip_unavailable': False, 'install_base': '/home/jmj/ws_all/ws_px4_controls/install/uav_controller_pkg', 'merge_install': False, 'path': '/home/jmj/ws_all/ws_px4_controls/src/uav_controller_pkg', 'symlink_install': False, 'test_result_base': None}
[0.297s] INFO:colcon.colcon_core.executor:Executing jobs using 'parallel' executor
[0.298s] DEBUG:colcon.colcon_parallel_executor.executor.parallel:run_until_complete
[0.298s] INFO:colcon.colcon_ros.task.ament_cmake.build:Building ROS package in '/home/jmj/ws_all/ws_px4_controls/src/px4_msgs' with build type 'ament_cmake'
[0.298s] INFO:colcon.colcon_cmake.task.cmake.build:Building CMake package in '/home/jmj/ws_all/ws_px4_controls/src/px4_msgs'
[0.300s] INFO:colcon.colcon_core.plugin_system:Skipping extension 'colcon_core.shell.bat': Not used on non-Windows systems
[0.300s] INFO:colcon.colcon_core.shell:Skip shell extension 'powershell' for command environment: Not usable outside of PowerShell
[0.300s] DEBUG:colcon.colcon_core.shell:Skip shell extension 'dsv' for command environment
[0.309s] DEBUG:colcon.colcon_core.event_handler.log_command:Invoking command in '/home/jmj/ws_all/ws_px4_controls/build/px4_msgs': CMAKE_PREFIX_PATH=/opt/ros/humble /usr/bin/cmake /home/jmj/ws_all/ws_px4_controls/src/px4_msgs -DCMAKE_INSTALL_PREFIX=/home/jmj/ws_all/ws_px4_controls/install/px4_msgs
[2.803s] DEBUG:colcon.colcon_core.event_handler.log_command:Invoked command in '/home/jmj/ws_all/ws_px4_controls/build/px4_msgs' returned '0': CMAKE_PREFIX_PATH=/opt/ros/humble /usr/bin/cmake /home/jmj/ws_all/ws_px4_controls/src/px4_msgs -DCMAKE_INSTALL_PREFIX=/home/jmj/ws_all/ws_px4_controls/install/px4_msgs
[2.804s] DEBUG:colcon.colcon_core.event_handler.log_command:Invoking command in '/home/jmj/ws_all/ws_px4_controls/build/px4_msgs': CMAKE_PREFIX_PATH=/opt/ros/humble /usr/bin/cmake --build /home/jmj/ws_all/ws_px4_controls/build/px4_msgs -- -j20 -l20
[123.477s] DEBUG:colcon.colcon_core.event_handler.log_command:Invoked command in '/home/jmj/ws_all/ws_px4_controls/build/px4_msgs' returned '0': CMAKE_PREFIX_PATH=/opt/ros/humble /usr/bin/cmake --build /home/jmj/ws_all/ws_px4_controls/build/px4_msgs -- -j20 -l20
[123.484s] DEBUG:colcon.colcon_core.event_handler.log_command:Invoking command in '/home/jmj/ws_all/ws_px4_controls/build/px4_msgs': CMAKE_PREFIX_PATH=/opt/ros/humble /usr/bin/cmake --install /home/jmj/ws_all/ws_px4_controls/build/px4_msgs
[124.166s] Level 1:colcon.colcon_core.environment:create_environment_scripts_only(px4_msgs)
[124.166s] DEBUG:colcon.colcon_core.event_handler.log_command:Invoked command in '/home/jmj/ws_all/ws_px4_controls/build/px4_msgs' returned '0': CMAKE_PREFIX_PATH=/opt/ros/humble /usr/bin/cmake --install /home/jmj/ws_all/ws_px4_controls/build/px4_msgs
[124.169s] Level 1:colcon.colcon_core.environment:checking '/home/jmj/ws_all/ws_px4_controls/install/px4_msgs' for CMake module files
[124.169s] Level 1:colcon.colcon_core.environment:checking '/home/jmj/ws_all/ws_px4_controls/install/px4_msgs' for CMake config files
[124.172s] Level 1:colcon.colcon_core.shell:create_environment_hook('px4_msgs', 'cmake_prefix_path')
[124.172s] INFO:colcon.colcon_core.shell:Creating environment hook '/home/jmj/ws_all/ws_px4_controls/install/px4_msgs/share/px4_msgs/hook/cmake_prefix_path.ps1'
[124.174s] INFO:colcon.colcon_core.shell:Creating environment descriptor '/home/jmj/ws_all/ws_px4_controls/install/px4_msgs/share/px4_msgs/hook/cmake_prefix_path.dsv'
[124.175s] INFO:colcon.colcon_core.shell:Creating environment hook '/home/jmj/ws_all/ws_px4_controls/install/px4_msgs/share/px4_msgs/hook/cmake_prefix_path.sh'
[124.176s] Level 1:colcon.colcon_core.environment:checking '/home/jmj/ws_all/ws_px4_controls/install/px4_msgs/lib'
[124.176s] Level 1:colcon.colcon_core.shell:create_environment_hook('px4_msgs', 'ld_library_path_lib')
[124.177s] INFO:colcon.colcon_core.shell:Creating environment hook '/home/jmj/ws_all/ws_px4_controls/install/px4_msgs/share/px4_msgs/hook/ld_library_path_lib.ps1'
[124.177s] INFO:colcon.colcon_core.shell:Creating environment descriptor '/home/jmj/ws_all/ws_px4_controls/install/px4_msgs/share/px4_msgs/hook/ld_library_path_lib.dsv'
[124.177s] INFO:colcon.colcon_core.shell:Creating environment hook '/home/jmj/ws_all/ws_px4_controls/install/px4_msgs/share/px4_msgs/hook/ld_library_path_lib.sh'
[124.178s] Level 1:colcon.colcon_core.environment:checking '/home/jmj/ws_all/ws_px4_controls/install/px4_msgs/bin'
[124.178s] Level 1:colcon.colcon_core.environment:checking '/home/jmj/ws_all/ws_px4_controls/install/px4_msgs/lib/pkgconfig/px4_msgs.pc'
[124.178s] Level 1:colcon.colcon_core.environment:checking '/home/jmj/ws_all/ws_px4_controls/install/px4_msgs/lib/python3.10/site-packages'
[124.178s] Level 1:colcon.colcon_core.environment:checking '/home/jmj/ws_all/ws_px4_controls/install/px4_msgs/bin'
[124.179s] INFO:colcon.colcon_core.shell:Creating package script '/home/jmj/ws_all/ws_px4_controls/install/px4_msgs/share/px4_msgs/package.ps1'
[124.179s] INFO:colcon.colcon_core.shell:Creating package descriptor '/home/jmj/ws_all/ws_px4_controls/install/px4_msgs/share/px4_msgs/package.dsv'
[124.179s] INFO:colcon.colcon_core.shell:Creating package script '/home/jmj/ws_all/ws_px4_controls/install/px4_msgs/share/px4_msgs/package.sh'
[124.180s] INFO:colcon.colcon_core.shell:Creating package script '/home/jmj/ws_all/ws_px4_controls/install/px4_msgs/share/px4_msgs/package.bash'
[124.181s] INFO:colcon.colcon_core.shell:Creating package script '/home/jmj/ws_all/ws_px4_controls/install/px4_msgs/share/px4_msgs/package.zsh'
[124.181s] Level 1:colcon.colcon_core.environment:create_file_with_runtime_dependencies(/home/jmj/ws_all/ws_px4_controls/install/px4_msgs/share/colcon-core/packages/px4_msgs)
[124.181s] Level 1:colcon.colcon_core.environment:create_environment_scripts_only(px4_msgs)
[124.181s] Level 1:colcon.colcon_core.environment:checking '/home/jmj/ws_all/ws_px4_controls/install/px4_msgs' for CMake module files
[124.182s] Level 1:colcon.colcon_core.environment:checking '/home/jmj/ws_all/ws_px4_controls/install/px4_msgs' for CMake config files
[124.184s] Level 1:colcon.colcon_core.shell:create_environment_hook('px4_msgs', 'cmake_prefix_path')
[124.184s] INFO:colcon.colcon_core.shell:Creating environment hook '/home/jmj/ws_all/ws_px4_controls/install/px4_msgs/share/px4_msgs/hook/cmake_prefix_path.ps1'
[124.185s] INFO:colcon.colcon_core.shell:Creating environment descriptor '/home/jmj/ws_all/ws_px4_controls/install/px4_msgs/share/px4_msgs/hook/cmake_prefix_path.dsv'
[124.185s] INFO:colcon.colcon_core.shell:Creating environment hook '/home/jmj/ws_all/ws_px4_controls/install/px4_msgs/share/px4_msgs/hook/cmake_prefix_path.sh'
[124.185s] Level 1:colcon.colcon_core.environment:checking '/home/jmj/ws_all/ws_px4_controls/install/px4_msgs/lib'
[124.185s] Level 1:colcon.colcon_core.shell:create_environment_hook('px4_msgs', 'ld_library_path_lib')
[124.185s] INFO:colcon.colcon_core.shell:Creating environment hook '/home/jmj/ws_all/ws_px4_controls/install/px4_msgs/share/px4_msgs/hook/ld_library_path_lib.ps1'
[124.186s] INFO:colcon.colcon_core.shell:Creating environment descriptor '/home/jmj/ws_all/ws_px4_controls/install/px4_msgs/share/px4_msgs/hook/ld_library_path_lib.dsv'
[124.186s] INFO:colcon.colcon_core.shell:Creating environment hook '/home/jmj/ws_all/ws_px4_controls/install/px4_msgs/share/px4_msgs/hook/ld_library_path_lib.sh'
[124.186s] Level 1:colcon.colcon_core.environment:checking '/home/jmj/ws_all/ws_px4_controls/install/px4_msgs/bin'
[124.186s] Level 1:colcon.colcon_core.environment:checking '/home/jmj/ws_all/ws_px4_controls/install/px4_msgs/lib/pkgconfig/px4_msgs.pc'
[124.186s] Level 1:colcon.colcon_core.environment:checking '/home/jmj/ws_all/ws_px4_controls/install/px4_msgs/lib/python3.10/site-packages'
[124.186s] Level 1:colcon.colcon_core.environment:checking '/home/jmj/ws_all/ws_px4_controls/install/px4_msgs/bin'
[124.186s] INFO:colcon.colcon_core.shell:Creating package script '/home/jmj/ws_all/ws_px4_controls/install/px4_msgs/share/px4_msgs/package.ps1'
[124.187s] INFO:colcon.colcon_core.shell:Creating package descriptor '/home/jmj/ws_all/ws_px4_controls/install/px4_msgs/share/px4_msgs/package.dsv'
[124.187s] INFO:colcon.colcon_core.shell:Creating package script '/home/jmj/ws_all/ws_px4_controls/install/px4_msgs/share/px4_msgs/package.sh'
[124.187s] INFO:colcon.colcon_core.shell:Creating package script '/home/jmj/ws_all/ws_px4_controls/install/px4_msgs/share/px4_msgs/package.bash'
[124.188s] INFO:colcon.colcon_core.shell:Creating package script '/home/jmj/ws_all/ws_px4_controls/install/px4_msgs/share/px4_msgs/package.zsh'
[124.188s] Level 1:colcon.colcon_core.environment:create_file_with_runtime_dependencies(/home/jmj/ws_all/ws_px4_controls/install/px4_msgs/share/colcon-core/packages/px4_msgs)
[124.188s] INFO:colcon.colcon_ros.task.ament_cmake.build:Building ROS package in '/home/jmj/ws_all/ws_px4_controls/src/px4_ros_com' with build type 'ament_cmake'
[124.188s] INFO:colcon.colcon_cmake.task.cmake.build:Building CMake package in '/home/jmj/ws_all/ws_px4_controls/src/px4_ros_com'
[124.188s] INFO:colcon.colcon_core.shell:Skip shell extension 'powershell' for command environment: Not usable outside of PowerShell
[124.188s] DEBUG:colcon.colcon_core.shell:Skip shell extension 'dsv' for command environment
[124.191s] INFO:colcon.colcon_ros.task.ament_cmake.build:Building ROS package in '/home/jmj/ws_all/ws_px4_controls/src/uav_controller_pkg' with build type 'ament_cmake'
[124.191s] INFO:colcon.colcon_cmake.task.cmake.build:Building CMake package in '/home/jmj/ws_all/ws_px4_controls/src/uav_controller_pkg'
[124.191s] INFO:colcon.colcon_core.shell:Skip shell extension 'powershell' for command environment: Not usable outside of PowerShell
[124.191s] DEBUG:colcon.colcon_core.shell:Skip shell extension 'dsv' for command environment
[124.196s] DEBUG:colcon.colcon_core.event_handler.log_command:Invoking command in '/home/jmj/ws_all/ws_px4_controls/build/px4_ros_com': AMENT_PREFIX_PATH=/home/jmj/ws_all/ws_px4_controls/install/px4_msgs:${AMENT_PREFIX_PATH} CMAKE_PREFIX_PATH=/home/jmj/ws_all/ws_px4_controls/install/px4_msgs:/opt/ros/humble LD_LIBRARY_PATH=/home/jmj/ws_all/ws_px4_controls/install/px4_msgs/lib:${LD_LIBRARY_PATH} PYTHONPATH=/home/jmj/ws_all/ws_px4_controls/install/px4_msgs/local/lib/python3.10/dist-packages:${PYTHONPATH} /usr/bin/cmake /home/jmj/ws_all/ws_px4_controls/src/px4_ros_com -DCMAKE_INSTALL_PREFIX=/home/jmj/ws_all/ws_px4_controls/install/px4_ros_com
[124.197s] DEBUG:colcon.colcon_core.event_handler.log_command:Invoking command in '/home/jmj/ws_all/ws_px4_controls/build/uav_controller_pkg': AMENT_PREFIX_PATH=/home/jmj/ws_all/ws_px4_controls/install/px4_msgs:${AMENT_PREFIX_PATH} CMAKE_PREFIX_PATH=/home/jmj/ws_all/ws_px4_controls/install/px4_msgs:/opt/ros/humble LD_LIBRARY_PATH=/home/jmj/ws_all/ws_px4_controls/install/px4_msgs/lib:${LD_LIBRARY_PATH} PYTHONPATH=/home/jmj/ws_all/ws_px4_controls/install/px4_msgs/local/lib/python3.10/dist-packages:${PYTHONPATH} /usr/bin/cmake /home/jmj/ws_all/ws_px4_controls/src/uav_controller_pkg -DCMAKE_INSTALL_PREFIX=/home/jmj/ws_all/ws_px4_controls/install/uav_controller_pkg
[125.083s] DEBUG:colcon.colcon_core.event_handler.log_command:Invoked command in '/home/jmj/ws_all/ws_px4_controls/build/uav_controller_pkg' returned '0': AMENT_PREFIX_PATH=/home/jmj/ws_all/ws_px4_controls/install/px4_msgs:${AMENT_PREFIX_PATH} CMAKE_PREFIX_PATH=/home/jmj/ws_all/ws_px4_controls/install/px4_msgs:/opt/ros/humble LD_LIBRARY_PATH=/home/jmj/ws_all/ws_px4_controls/install/px4_msgs/lib:${LD_LIBRARY_PATH} PYTHONPATH=/home/jmj/ws_all/ws_px4_controls/install/px4_msgs/local/lib/python3.10/dist-packages:${PYTHONPATH} /usr/bin/cmake /home/jmj/ws_all/ws_px4_controls/src/uav_controller_pkg -DCMAKE_INSTALL_PREFIX=/home/jmj/ws_all/ws_px4_controls/install/uav_controller_pkg
[125.084s] DEBUG:colcon.colcon_core.event_handler.log_command:Invoking command in '/home/jmj/ws_all/ws_px4_controls/build/uav_controller_pkg': AMENT_PREFIX_PATH=/home/jmj/ws_all/ws_px4_controls/install/px4_msgs:${AMENT_PREFIX_PATH} CMAKE_PREFIX_PATH=/home/jmj/ws_all/ws_px4_controls/install/px4_msgs:/opt/ros/humble LD_LIBRARY_PATH=/home/jmj/ws_all/ws_px4_controls/install/px4_msgs/lib:${LD_LIBRARY_PATH} PYTHONPATH=/home/jmj/ws_all/ws_px4_controls/install/px4_msgs/local/lib/python3.10/dist-packages:${PYTHONPATH} /usr/bin/cmake --build /home/jmj/ws_all/ws_px4_controls/build/uav_controller_pkg -- -j20 -l20
[125.137s] DEBUG:colcon.colcon_core.event_handler.log_command:Invoked command in '/home/jmj/ws_all/ws_px4_controls/build/px4_ros_com' returned '0': AMENT_PREFIX_PATH=/home/jmj/ws_all/ws_px4_controls/install/px4_msgs:${AMENT_PREFIX_PATH} CMAKE_PREFIX_PATH=/home/jmj/ws_all/ws_px4_controls/install/px4_msgs:/opt/ros/humble LD_LIBRARY_PATH=/home/jmj/ws_all/ws_px4_controls/install/px4_msgs/lib:${LD_LIBRARY_PATH} PYTHONPATH=/home/jmj/ws_all/ws_px4_controls/install/px4_msgs/local/lib/python3.10/dist-packages:${PYTHONPATH} /usr/bin/cmake /home/jmj/ws_all/ws_px4_controls/src/px4_ros_com -DCMAKE_INSTALL_PREFIX=/home/jmj/ws_all/ws_px4_controls/install/px4_ros_com
[125.138s] DEBUG:colcon.colcon_core.event_handler.log_command:Invoking command in '/home/jmj/ws_all/ws_px4_controls/build/px4_ros_com': AMENT_PREFIX_PATH=/home/jmj/ws_all/ws_px4_controls/install/px4_msgs:${AMENT_PREFIX_PATH} CMAKE_PREFIX_PATH=/home/jmj/ws_all/ws_px4_controls/install/px4_msgs:/opt/ros/humble LD_LIBRARY_PATH=/home/jmj/ws_all/ws_px4_controls/install/px4_msgs/lib:${LD_LIBRARY_PATH} PYTHONPATH=/home/jmj/ws_all/ws_px4_controls/install/px4_msgs/local/lib/python3.10/dist-packages:${PYTHONPATH} /usr/bin/cmake --build /home/jmj/ws_all/ws_px4_controls/build/px4_ros_com -- -j20 -l20
[132.329s] DEBUG:colcon.colcon_core.event_handler.log_command:Invoked command in '/home/jmj/ws_all/ws_px4_controls/build/px4_ros_com' returned '0': AMENT_PREFIX_PATH=/home/jmj/ws_all/ws_px4_controls/install/px4_msgs:${AMENT_PREFIX_PATH} CMAKE_PREFIX_PATH=/home/jmj/ws_all/ws_px4_controls/install/px4_msgs:/opt/ros/humble LD_LIBRARY_PATH=/home/jmj/ws_all/ws_px4_controls/install/px4_msgs/lib:${LD_LIBRARY_PATH} PYTHONPATH=/home/jmj/ws_all/ws_px4_controls/install/px4_msgs/local/lib/python3.10/dist-packages:${PYTHONPATH} /usr/bin/cmake --build /home/jmj/ws_all/ws_px4_controls/build/px4_ros_com -- -j20 -l20
[132.330s] DEBUG:colcon.colcon_core.event_handler.log_command:Invoking command in '/home/jmj/ws_all/ws_px4_controls/build/px4_ros_com': AMENT_PREFIX_PATH=/home/jmj/ws_all/ws_px4_controls/install/px4_msgs:${AMENT_PREFIX_PATH} CMAKE_PREFIX_PATH=/home/jmj/ws_all/ws_px4_controls/install/px4_msgs:/opt/ros/humble LD_LIBRARY_PATH=/home/jmj/ws_all/ws_px4_controls/install/px4_msgs/lib:${LD_LIBRARY_PATH} PYTHONPATH=/home/jmj/ws_all/ws_px4_controls/install/px4_msgs/local/lib/python3.10/dist-packages:${PYTHONPATH} /usr/bin/cmake --install /home/jmj/ws_all/ws_px4_controls/build/px4_ros_com
[132.389s] Level 1:colcon.colcon_core.environment:create_environment_scripts_only(px4_ros_com)
[132.389s] Level 1:colcon.colcon_core.environment:checking '/home/jmj/ws_all/ws_px4_controls/install/px4_ros_com' for CMake module files
[132.389s] DEBUG:colcon.colcon_core.event_handler.log_command:Invoked command in '/home/jmj/ws_all/ws_px4_controls/build/px4_ros_com' returned '0': AMENT_PREFIX_PATH=/home/jmj/ws_all/ws_px4_controls/install/px4_msgs:${AMENT_PREFIX_PATH} CMAKE_PREFIX_PATH=/home/jmj/ws_all/ws_px4_controls/install/px4_msgs:/opt/ros/humble LD_LIBRARY_PATH=/home/jmj/ws_all/ws_px4_controls/install/px4_msgs/lib:${LD_LIBRARY_PATH} PYTHONPATH=/home/jmj/ws_all/ws_px4_controls/install/px4_msgs/local/lib/python3.10/dist-packages:${PYTHONPATH} /usr/bin/cmake --install /home/jmj/ws_all/ws_px4_controls/build/px4_ros_com
[132.390s] Level 1:colcon.colcon_core.environment:checking '/home/jmj/ws_all/ws_px4_controls/install/px4_ros_com' for CMake config files
[132.390s] Level 1:colcon.colcon_core.shell:create_environment_hook('px4_ros_com', 'cmake_prefix_path')
[132.391s] INFO:colcon.colcon_core.shell:Creating environment hook '/home/jmj/ws_all/ws_px4_controls/install/px4_ros_com/share/px4_ros_com/hook/cmake_prefix_path.ps1'
[132.391s] INFO:colcon.colcon_core.shell:Creating environment descriptor '/home/jmj/ws_all/ws_px4_controls/install/px4_ros_com/share/px4_ros_com/hook/cmake_prefix_path.dsv'
[132.392s] INFO:colcon.colcon_core.shell:Creating environment hook '/home/jmj/ws_all/ws_px4_controls/install/px4_ros_com/share/px4_ros_com/hook/cmake_prefix_path.sh'
[132.392s] Level 1:colcon.colcon_core.environment:checking '/home/jmj/ws_all/ws_px4_controls/install/px4_ros_com/lib'
[132.392s] Level 1:colcon.colcon_core.shell:create_environment_hook('px4_ros_com', 'ld_library_path_lib')
[132.392s] INFO:colcon.colcon_core.shell:Creating environment hook '/home/jmj/ws_all/ws_px4_controls/install/px4_ros_com/share/px4_ros_com/hook/ld_library_path_lib.ps1'
[132.392s] INFO:colcon.colcon_core.shell:Creating environment descriptor '/home/jmj/ws_all/ws_px4_controls/install/px4_ros_com/share/px4_ros_com/hook/ld_library_path_lib.dsv'
[132.392s] INFO:colcon.colcon_core.shell:Creating environment hook '/home/jmj/ws_all/ws_px4_controls/install/px4_ros_com/share/px4_ros_com/hook/ld_library_path_lib.sh'
[132.393s] Level 1:colcon.colcon_core.environment:checking '/home/jmj/ws_all/ws_px4_controls/install/px4_ros_com/bin'
[132.393s] Level 1:colcon.colcon_core.environment:checking '/home/jmj/ws_all/ws_px4_controls/install/px4_ros_com/lib/pkgconfig/px4_ros_com.pc'
[132.393s] Level 1:colcon.colcon_core.environment:checking '/home/jmj/ws_all/ws_px4_controls/install/px4_ros_com/lib/python3.10/site-packages'
[132.393s] Level 1:colcon.colcon_core.environment:checking '/home/jmj/ws_all/ws_px4_controls/install/px4_ros_com/bin'
[132.393s] INFO:colcon.colcon_core.shell:Creating package script '/home/jmj/ws_all/ws_px4_controls/install/px4_ros_com/share/px4_ros_com/package.ps1'
[132.393s] INFO:colcon.colcon_core.shell:Creating package descriptor '/home/jmj/ws_all/ws_px4_controls/install/px4_ros_com/share/px4_ros_com/package.dsv'
[132.394s] INFO:colcon.colcon_core.shell:Creating package script '/home/jmj/ws_all/ws_px4_controls/install/px4_ros_com/share/px4_ros_com/package.sh'
[132.394s] INFO:colcon.colcon_core.shell:Creating package script '/home/jmj/ws_all/ws_px4_controls/install/px4_ros_com/share/px4_ros_com/package.bash'
[132.394s] INFO:colcon.colcon_core.shell:Creating package script '/home/jmj/ws_all/ws_px4_controls/install/px4_ros_com/share/px4_ros_com/package.zsh'
[132.394s] Level 1:colcon.colcon_core.environment:create_file_with_runtime_dependencies(/home/jmj/ws_all/ws_px4_controls/install/px4_ros_com/share/colcon-core/packages/px4_ros_com)
[132.395s] Level 1:colcon.colcon_core.environment:create_environment_scripts_only(px4_ros_com)
[132.395s] Level 1:colcon.colcon_core.environment:checking '/home/jmj/ws_all/ws_px4_controls/install/px4_ros_com' for CMake module files
[132.395s] Level 1:colcon.colcon_core.environment:checking '/home/jmj/ws_all/ws_px4_controls/install/px4_ros_com' for CMake config files
[132.395s] Level 1:colcon.colcon_core.shell:create_environment_hook('px4_ros_com', 'cmake_prefix_path')
[132.396s] INFO:colcon.colcon_core.shell:Creating environment hook '/home/jmj/ws_all/ws_px4_controls/install/px4_ros_com/share/px4_ros_com/hook/cmake_prefix_path.ps1'
[132.396s] INFO:colcon.colcon_core.shell:Creating environment descriptor '/home/jmj/ws_all/ws_px4_controls/install/px4_ros_com/share/px4_ros_com/hook/cmake_prefix_path.dsv'
[132.396s] INFO:colcon.colcon_core.shell:Creating environment hook '/home/jmj/ws_all/ws_px4_controls/install/px4_ros_com/share/px4_ros_com/hook/cmake_prefix_path.sh'
[132.396s] Level 1:colcon.colcon_core.environment:checking '/home/jmj/ws_all/ws_px4_controls/install/px4_ros_com/lib'
[132.396s] Level 1:colcon.colcon_core.shell:create_environment_hook('px4_ros_com', 'ld_library_path_lib')
[132.396s] INFO:colcon.colcon_core.shell:Creating environment hook '/home/jmj/ws_all/ws_px4_controls/install/px4_ros_com/share/px4_ros_com/hook/ld_library_path_lib.ps1'
[132.397s] INFO:colcon.colcon_core.shell:Creating environment descriptor '/home/jmj/ws_all/ws_px4_controls/install/px4_ros_com/share/px4_ros_com/hook/ld_library_path_lib.dsv'
[132.397s] INFO:colcon.colcon_core.shell:Creating environment hook '/home/jmj/ws_all/ws_px4_controls/install/px4_ros_com/share/px4_ros_com/hook/ld_library_path_lib.sh'
[132.397s] Level 1:colcon.colcon_core.environment:checking '/home/jmj/ws_all/ws_px4_controls/install/px4_ros_com/bin'
[132.397s] Level 1:colcon.colcon_core.environment:checking '/home/jmj/ws_all/ws_px4_controls/install/px4_ros_com/lib/pkgconfig/px4_ros_com.pc'
[132.397s] Level 1:colcon.colcon_core.environment:checking '/home/jmj/ws_all/ws_px4_controls/install/px4_ros_com/lib/python3.10/site-packages'
[132.397s] Level 1:colcon.colcon_core.environment:checking '/home/jmj/ws_all/ws_px4_controls/install/px4_ros_com/bin'
[132.398s] INFO:colcon.colcon_core.shell:Creating package script '/home/jmj/ws_all/ws_px4_controls/install/px4_ros_com/share/px4_ros_com/package.ps1'
[132.398s] INFO:colcon.colcon_core.shell:Creating package descriptor '/home/jmj/ws_all/ws_px4_controls/install/px4_ros_com/share/px4_ros_com/package.dsv'
[132.398s] INFO:colcon.colcon_core.shell:Creating package script '/home/jmj/ws_all/ws_px4_controls/install/px4_ros_com/share/px4_ros_com/package.sh'
[132.398s] INFO:colcon.colcon_core.shell:Creating package script '/home/jmj/ws_all/ws_px4_controls/install/px4_ros_com/share/px4_ros_com/package.bash'
[132.398s] INFO:colcon.colcon_core.shell:Creating package script '/home/jmj/ws_all/ws_px4_controls/install/px4_ros_com/share/px4_ros_com/package.zsh'
[132.399s] Level 1:colcon.colcon_core.environment:create_file_with_runtime_dependencies(/home/jmj/ws_all/ws_px4_controls/install/px4_ros_com/share/colcon-core/packages/px4_ros_com)
[134.043s] DEBUG:colcon.colcon_core.event_handler.log_command:Invoked command in '/home/jmj/ws_all/ws_px4_controls/build/uav_controller_pkg' returned '0': AMENT_PREFIX_PATH=/home/jmj/ws_all/ws_px4_controls/install/px4_msgs:${AMENT_PREFIX_PATH} CMAKE_PREFIX_PATH=/home/jmj/ws_all/ws_px4_controls/install/px4_msgs:/opt/ros/humble LD_LIBRARY_PATH=/home/jmj/ws_all/ws_px4_controls/install/px4_msgs/lib:${LD_LIBRARY_PATH} PYTHONPATH=/home/jmj/ws_all/ws_px4_controls/install/px4_msgs/local/lib/python3.10/dist-packages:${PYTHONPATH} /usr/bin/cmake --build /home/jmj/ws_all/ws_px4_controls/build/uav_controller_pkg -- -j20 -l20
[134.044s] DEBUG:colcon.colcon_core.event_handler.log_command:Invoking command in '/home/jmj/ws_all/ws_px4_controls/build/uav_controller_pkg': AMENT_PREFIX_PATH=/home/jmj/ws_all/ws_px4_controls/install/px4_msgs:${AMENT_PREFIX_PATH} CMAKE_PREFIX_PATH=/home/jmj/ws_all/ws_px4_controls/install/px4_msgs:/opt/ros/humble LD_LIBRARY_PATH=/home/jmj/ws_all/ws_px4_controls/install/px4_msgs/lib:${LD_LIBRARY_PATH} PYTHONPATH=/home/jmj/ws_all/ws_px4_controls/install/px4_msgs/local/lib/python3.10/dist-packages:${PYTHONPATH} /usr/bin/cmake --install /home/jmj/ws_all/ws_px4_controls/build/uav_controller_pkg
[134.056s] Level 1:colcon.colcon_core.environment:create_environment_scripts_only(uav_controller_pkg)
[134.056s] Level 1:colcon.colcon_core.environment:checking '/home/jmj/ws_all/ws_px4_controls/install/uav_controller_pkg' for CMake module files
[134.057s] DEBUG:colcon.colcon_core.event_handler.log_command:Invoked command in '/home/jmj/ws_all/ws_px4_controls/build/uav_controller_pkg' returned '0': AMENT_PREFIX_PATH=/home/jmj/ws_all/ws_px4_controls/install/px4_msgs:${AMENT_PREFIX_PATH} CMAKE_PREFIX_PATH=/home/jmj/ws_all/ws_px4_controls/install/px4_msgs:/opt/ros/humble LD_LIBRARY_PATH=/home/jmj/ws_all/ws_px4_controls/install/px4_msgs/lib:${LD_LIBRARY_PATH} PYTHONPATH=/home/jmj/ws_all/ws_px4_controls/install/px4_msgs/local/lib/python3.10/dist-packages:${PYTHONPATH} /usr/bin/cmake --install /home/jmj/ws_all/ws_px4_controls/build/uav_controller_pkg
[134.057s] Level 1:colcon.colcon_core.environment:checking '/home/jmj/ws_all/ws_px4_controls/install/uav_controller_pkg' for CMake config files
[134.057s] Level 1:colcon.colcon_core.shell:create_environment_hook('uav_controller_pkg', 'cmake_prefix_path')
[134.057s] INFO:colcon.colcon_core.shell:Creating environment hook '/home/jmj/ws_all/ws_px4_controls/install/uav_controller_pkg/share/uav_controller_pkg/hook/cmake_prefix_path.ps1'
[134.057s] INFO:colcon.colcon_core.shell:Creating environment descriptor '/home/jmj/ws_all/ws_px4_controls/install/uav_controller_pkg/share/uav_controller_pkg/hook/cmake_prefix_path.dsv'
[134.058s] INFO:colcon.colcon_core.shell:Creating environment hook '/home/jmj/ws_all/ws_px4_controls/install/uav_controller_pkg/share/uav_controller_pkg/hook/cmake_prefix_path.sh'
[134.058s] Level 1:colcon.colcon_core.environment:checking '/home/jmj/ws_all/ws_px4_controls/install/uav_controller_pkg/lib'
[134.058s] Level 1:colcon.colcon_core.environment:checking '/home/jmj/ws_all/ws_px4_controls/install/uav_controller_pkg/bin'
[134.058s] Level 1:colcon.colcon_core.environment:checking '/home/jmj/ws_all/ws_px4_controls/install/uav_controller_pkg/lib/pkgconfig/uav_controller_pkg.pc'
[134.058s] Level 1:colcon.colcon_core.environment:checking '/home/jmj/ws_all/ws_px4_controls/install/uav_controller_pkg/lib/python3.10/site-packages'
[134.058s] Level 1:colcon.colcon_core.environment:checking '/home/jmj/ws_all/ws_px4_controls/install/uav_controller_pkg/bin'
[134.058s] INFO:colcon.colcon_core.shell:Creating package script '/home/jmj/ws_all/ws_px4_controls/install/uav_controller_pkg/share/uav_controller_pkg/package.ps1'
[134.059s] INFO:colcon.colcon_core.shell:Creating package descriptor '/home/jmj/ws_all/ws_px4_controls/install/uav_controller_pkg/share/uav_controller_pkg/package.dsv'
[134.059s] INFO:colcon.colcon_core.shell:Creating package script '/home/jmj/ws_all/ws_px4_controls/install/uav_controller_pkg/share/uav_controller_pkg/package.sh'
[134.059s] INFO:colcon.colcon_core.shell:Creating package script '/home/jmj/ws_all/ws_px4_controls/install/uav_controller_pkg/share/uav_controller_pkg/package.bash'
[134.059s] INFO:colcon.colcon_core.shell:Creating package script '/home/jmj/ws_all/ws_px4_controls/install/uav_controller_pkg/share/uav_controller_pkg/package.zsh'
[134.059s] Level 1:colcon.colcon_core.environment:create_file_with_runtime_dependencies(/home/jmj/ws_all/ws_px4_controls/install/uav_controller_pkg/share/colcon-core/packages/uav_controller_pkg)
[134.060s] Level 1:colcon.colcon_core.environment:create_environment_scripts_only(uav_controller_pkg)
[134.060s] Level 1:colcon.colcon_core.environment:checking '/home/jmj/ws_all/ws_px4_controls/install/uav_controller_pkg' for CMake module files
[134.060s] Level 1:colcon.colcon_core.environment:checking '/home/jmj/ws_all/ws_px4_controls/install/uav_controller_pkg' for CMake config files
[134.060s] Level 1:colcon.colcon_core.shell:create_environment_hook('uav_controller_pkg', 'cmake_prefix_path')
[134.060s] INFO:colcon.colcon_core.shell:Creating environment hook '/home/jmj/ws_all/ws_px4_controls/install/uav_controller_pkg/share/uav_controller_pkg/hook/cmake_prefix_path.ps1'
[134.060s] INFO:colcon.colcon_core.shell:Creating environment descriptor '/home/jmj/ws_all/ws_px4_controls/install/uav_controller_pkg/share/uav_controller_pkg/hook/cmake_prefix_path.dsv'
[134.060s] INFO:colcon.colcon_core.shell:Creating environment hook '/home/jmj/ws_all/ws_px4_controls/install/uav_controller_pkg/share/uav_controller_pkg/hook/cmake_prefix_path.sh'
[134.061s] Level 1:colcon.colcon_core.environment:checking '/home/jmj/ws_all/ws_px4_controls/install/uav_controller_pkg/lib'
[134.061s] Level 1:colcon.colcon_core.environment:checking '/home/jmj/ws_all/ws_px4_controls/install/uav_controller_pkg/bin'
[134.061s] Level 1:colcon.colcon_core.environment:checking '/home/jmj/ws_all/ws_px4_controls/install/uav_controller_pkg/lib/pkgconfig/uav_controller_pkg.pc'
[134.061s] Level 1:colcon.colcon_core.environment:checking '/home/jmj/ws_all/ws_px4_controls/install/uav_controller_pkg/lib/python3.10/site-packages'
[134.061s] Level 1:colcon.colcon_core.environment:checking '/home/jmj/ws_all/ws_px4_controls/install/uav_controller_pkg/bin'
[134.061s] INFO:colcon.colcon_core.shell:Creating package script '/home/jmj/ws_all/ws_px4_controls/install/uav_controller_pkg/share/uav_controller_pkg/package.ps1'
[134.061s] INFO:colcon.colcon_core.shell:Creating package descriptor '/home/jmj/ws_all/ws_px4_controls/install/uav_controller_pkg/share/uav_controller_pkg/package.dsv'
[134.062s] INFO:colcon.colcon_core.shell:Creating package script '/home/jmj/ws_all/ws_px4_controls/install/uav_controller_pkg/share/uav_controller_pkg/package.sh'
[134.062s] INFO:colcon.colcon_core.shell:Creating package script '/home/jmj/ws_all/ws_px4_controls/install/uav_controller_pkg/share/uav_controller_pkg/package.bash'
[134.062s] INFO:colcon.colcon_core.shell:Creating package script '/home/jmj/ws_all/ws_px4_controls/install/uav_controller_pkg/share/uav_controller_pkg/package.zsh'
[134.062s] Level 1:colcon.colcon_core.environment:create_file_with_runtime_dependencies(/home/jmj/ws_all/ws_px4_controls/install/uav_controller_pkg/share/colcon-core/packages/uav_controller_pkg)
[134.062s] DEBUG:colcon.colcon_parallel_executor.executor.parallel:closing loop
[134.063s] DEBUG:colcon.colcon_parallel_executor.executor.parallel:loop closed
[134.063s] DEBUG:colcon.colcon_parallel_executor.executor.parallel:run_until_complete finished with '0'
[134.063s] DEBUG:colcon.colcon_core.event_reactor:joining thread
[134.070s] INFO:colcon.colcon_core.plugin_system:Skipping extension 'colcon_notification.desktop_notification.terminal_notifier': Not used on non-Darwin systems
[134.070s] INFO:colcon.colcon_core.plugin_system:Skipping extension 'colcon_notification.desktop_notification.win32': Not used on non-Windows systems
[134.070s] INFO:colcon.colcon_notification.desktop_notification:Sending desktop notification using 'notify2'
[134.083s] DEBUG:colcon.colcon_core.event_reactor:joined thread
[134.083s] INFO:colcon.colcon_core.shell:Creating prefix script '/home/jmj/ws_all/ws_px4_controls/install/local_setup.ps1'
[134.084s] INFO:colcon.colcon_core.shell:Creating prefix util module '/home/jmj/ws_all/ws_px4_controls/install/_local_setup_util_ps1.py'
[134.085s] INFO:colcon.colcon_core.shell:Creating prefix chain script '/home/jmj/ws_all/ws_px4_controls/install/setup.ps1'
[134.085s] INFO:colcon.colcon_core.shell:Creating prefix script '/home/jmj/ws_all/ws_px4_controls/install/local_setup.sh'
[134.086s] INFO:colcon.colcon_core.shell:Creating prefix util module '/home/jmj/ws_all/ws_px4_controls/install/_local_setup_util_sh.py'
[134.086s] INFO:colcon.colcon_core.shell:Creating prefix chain script '/home/jmj/ws_all/ws_px4_controls/install/setup.sh'
[134.087s] INFO:colcon.colcon_core.shell:Creating prefix script '/home/jmj/ws_all/ws_px4_controls/install/local_setup.bash'
[134.087s] INFO:colcon.colcon_core.shell:Creating prefix chain script '/home/jmj/ws_all/ws_px4_controls/install/setup.bash'
[134.088s] INFO:colcon.colcon_core.shell:Creating prefix script '/home/jmj/ws_all/ws_px4_controls/install/local_setup.zsh'
[134.088s] INFO:colcon.colcon_core.shell:Creating prefix chain script '/home/jmj/ws_all/ws_px4_controls/install/setup.zsh'
