[0.010s] Invoking command in '/home/yoo/final_project/ugv_ws/build/gazebo_env_setup': CMAKE_PREFIX_PATH=${CMAKE_PREFIX_PATH}:/opt/ros/humble /usr/bin/cmake /home/yoo/final_project/ugv_ws/src/gazebo_env_setup -DAMENT_CMAKE_SYMLINK_INSTALL=1 -DCMAKE_INSTALL_PREFIX=/home/yoo/final_project/ugv_ws/install/gazebo_env_setup
[0.060s] -- The C compiler identification is GNU 11.4.0
[0.108s] -- The CXX compiler identification is GNU 11.4.0
[0.115s] -- Detecting C compiler ABI info
[0.178s] -- Detecting C compiler ABI info - done
[0.183s] -- Check for working C compiler: /usr/bin/cc - skipped
[0.183s] -- Detecting C compile features
[0.183s] -- Detecting C compile features - done
[0.185s] -- Detecting CXX compiler ABI info
[0.260s] -- Detecting CXX compiler ABI info - done
[0.266s] -- Check for working CXX compiler: /usr/bin/c++ - skipped
[0.266s] -- Detecting CXX compile features
[0.266s] -- Detecting CXX compile features - done
[0.268s] -- Found ament_cmake: 1.3.11 (/opt/ros/humble/share/ament_cmake/cmake)
[0.568s] -- Found Python3: /usr/bin/python3 (found version "3.10.12") found components: Interpreter 
[0.619s] -- Override CMake install command with custom implementation using symlinks instead of copying resources
[0.638s] -- Found rclcpp: 16.0.12 (/opt/ros/humble/share/rclcpp/cmake)
[0.667s] -- Found rosidl_generator_c: 3.1.6 (/opt/ros/humble/share/rosidl_generator_c/cmake)
[0.670s] -- Found rosidl_adapter: 3.1.6 (/opt/ros/humble/share/rosidl_adapter/cmake)
[0.676s] -- Found rosidl_generator_cpp: 3.1.6 (/opt/ros/humble/share/rosidl_generator_cpp/cmake)
[0.684s] -- Using all available rosidl_typesupport_c: rosidl_typesupport_fastrtps_c;rosidl_typesupport_introspection_c
[0.695s] -- Using all available rosidl_typesupport_cpp: rosidl_typesupport_fastrtps_cpp;rosidl_typesupport_introspection_cpp
[0.724s] -- Found rmw_implementation_cmake: 6.1.2 (/opt/ros/humble/share/rmw_implementation_cmake/cmake)
[0.725s] -- Found rmw_fastrtps_cpp: 6.2.7 (/opt/ros/humble/share/rmw_fastrtps_cpp/cmake)
[0.810s] -- Found OpenSSL: /usr/lib/x86_64-linux-gnu/libcrypto.so (found version "3.0.2")  
[0.836s] -- Found FastRTPS: /opt/ros/humble/include  
[0.875s] -- Using RMW implementation 'rmw_fastrtps_cpp' as default
[0.880s] -- Looking for pthread.h
[0.945s] -- Looking for pthread.h - found
[0.946s] -- Performing Test CMAKE_HAVE_LIBC_PTHREAD
[1.011s] -- Performing Test CMAKE_HAVE_LIBC_PTHREAD - Success
[1.012s] -- Found Threads: TRUE  
[1.050s] -- Found geometry_msgs: 4.8.0 (/opt/ros/humble/share/geometry_msgs/cmake)
[1.059s] -- Found tf2_ros: 0.25.13 (/opt/ros/humble/share/tf2_ros/cmake)
[1.187s] -- Configuring done
[1.196s] -- Generating done
[1.199s] -- Build files have been written to: /home/yoo/final_project/ugv_ws/build/gazebo_env_setup
[1.210s] Invoked command in '/home/yoo/final_project/ugv_ws/build/gazebo_env_setup' returned '0': CMAKE_PREFIX_PATH=${CMAKE_PREFIX_PATH}:/opt/ros/humble /usr/bin/cmake /home/yoo/final_project/ugv_ws/src/gazebo_env_setup -DAMENT_CMAKE_SYMLINK_INSTALL=1 -DCMAKE_INSTALL_PREFIX=/home/yoo/final_project/ugv_ws/install/gazebo_env_setup
[1.211s] Invoking command in '/home/yoo/final_project/ugv_ws/build/gazebo_env_setup': CMAKE_PREFIX_PATH=${CMAKE_PREFIX_PATH}:/opt/ros/humble /usr/bin/cmake --build /home/yoo/final_project/ugv_ws/build/gazebo_env_setup -- -j16 -l16
[1.263s] [ 50%] [32mBuilding CXX object CMakeFiles/pose_tf_broadcaster.dir/src/pose_tf_broadcaster.cpp.o[0m
[8.068s] [100%] [32m[1mLinking CXX executable pose_tf_broadcaster[0m
[8.392s] [100%] Built target pose_tf_broadcaster
[8.406s] Invoked command in '/home/yoo/final_project/ugv_ws/build/gazebo_env_setup' returned '0': CMAKE_PREFIX_PATH=${CMAKE_PREFIX_PATH}:/opt/ros/humble /usr/bin/cmake --build /home/yoo/final_project/ugv_ws/build/gazebo_env_setup -- -j16 -l16
[8.407s] Invoking command in '/home/yoo/final_project/ugv_ws/build/gazebo_env_setup': CMAKE_PREFIX_PATH=${CMAKE_PREFIX_PATH}:/opt/ros/humble /usr/bin/cmake --install /home/yoo/final_project/ugv_ws/build/gazebo_env_setup
[8.415s] -- Install configuration: ""
[8.415s] -- Execute custom install script
[8.416s] -- Symlinking: /home/yoo/final_project/ugv_ws/install/gazebo_env_setup/lib/gazebo_env_setup/pose_tf_broadcaster
[8.425s] -- Symlinking: /home/yoo/final_project/ugv_ws/install/gazebo_env_setup/share/gazebo_env_setup/launch/pose_tf_broadcaster.launch.py
[8.434s] -- Symlinking: /home/yoo/final_project/ugv_ws/install/gazebo_env_setup/share/gazebo_env_setup/launch/topic_bridge.launch.py
[8.444s] -- Symlinking: /home/yoo/final_project/ugv_ws/install/gazebo_env_setup/share/ament_index/resource_index/package_run_dependencies/gazebo_env_setup
[8.453s] -- Symlinking: /home/yoo/final_project/ugv_ws/install/gazebo_env_setup/share/ament_index/resource_index/parent_prefix_path/gazebo_env_setup
[8.461s] -- Symlinking: /home/yoo/final_project/ugv_ws/install/gazebo_env_setup/share/gazebo_env_setup/environment/ament_prefix_path.sh
[8.470s] -- Symlinking: /home/yoo/final_project/ugv_ws/install/gazebo_env_setup/share/gazebo_env_setup/environment/ament_prefix_path.dsv
[8.480s] -- Symlinking: /home/yoo/final_project/ugv_ws/install/gazebo_env_setup/share/gazebo_env_setup/environment/path.sh
[8.488s] -- Symlinking: /home/yoo/final_project/ugv_ws/install/gazebo_env_setup/share/gazebo_env_setup/environment/path.dsv
[8.498s] -- Symlinking: /home/yoo/final_project/ugv_ws/install/gazebo_env_setup/share/gazebo_env_setup/local_setup.bash
[8.507s] -- Symlinking: /home/yoo/final_project/ugv_ws/install/gazebo_env_setup/share/gazebo_env_setup/local_setup.sh
[8.516s] -- Symlinking: /home/yoo/final_project/ugv_ws/install/gazebo_env_setup/share/gazebo_env_setup/local_setup.zsh
[8.523s] -- Symlinking: /home/yoo/final_project/ugv_ws/install/gazebo_env_setup/share/gazebo_env_setup/local_setup.dsv
[8.533s] -- Symlinking: /home/yoo/final_project/ugv_ws/install/gazebo_env_setup/share/gazebo_env_setup/package.dsv
[8.541s] -- Symlinking: /home/yoo/final_project/ugv_ws/install/gazebo_env_setup/share/ament_index/resource_index/packages/gazebo_env_setup
[8.549s] -- Symlinking: /home/yoo/final_project/ugv_ws/install/gazebo_env_setup/share/gazebo_env_setup/cmake/gazebo_env_setupConfig.cmake
[8.558s] -- Symlinking: /home/yoo/final_project/ugv_ws/install/gazebo_env_setup/share/gazebo_env_setup/cmake/gazebo_env_setupConfig-version.cmake
[8.566s] -- Symlinking: /home/yoo/final_project/ugv_ws/install/gazebo_env_setup/share/gazebo_env_setup/package.xml
[8.577s] Invoked command in '/home/yoo/final_project/ugv_ws/build/gazebo_env_setup' returned '0': CMAKE_PREFIX_PATH=${CMAKE_PREFIX_PATH}:/opt/ros/humble /usr/bin/cmake --install /home/yoo/final_project/ugv_ws/build/gazebo_env_setup
