[0.152s] DEBUG:colcon:Command line arguments: ['/usr/bin/colcon', 'build', '--symlink-install']
[0.153s] DEBUG:colcon:Parsed command line arguments: Namespace(log_base=None, log_level=None, verb_name='build', build_base='build', install_base='install', merge_install=False, symlink_install=True, test_result_base=None, continue_on_error=False, executor='parallel', parallel_workers=16, event_handlers=None, ignore_user_meta=False, metas=['./colcon.meta'], base_paths=['.'], packages_ignore=None, packages_ignore_regex=None, paths=None, packages_up_to=None, packages_up_to_regex=None, packages_above=None, packages_above_and_dependencies=None, packages_above_depth=None, packages_select_by_dep=None, packages_skip_by_dep=None, packages_skip_up_to=None, packages_select_build_failed=False, packages_skip_build_finished=False, packages_select_test_failures=False, packages_skip_test_passed=False, packages_select=None, packages_skip=None, packages_select_regex=None, packages_skip_regex=None, packages_start=None, packages_end=None, allow_overriding=[], cmake_args=None, cmake_target=None, cmake_target_skip_unavailable=False, cmake_clean_cache=False, cmake_clean_first=False, cmake_force_configure=False, ament_cmake_args=None, catkin_cmake_args=None, catkin_skip_building_tests=False, verb_parser=<colcon_defaults.argument_parser.defaults.DefaultArgumentsDecorator object at 0x79c5d6859600>, verb_extension=<colcon_core.verb.build.BuildVerb object at 0x79c5d68590c0>, main=<bound method BuildVerb.main of <colcon_core.verb.build.BuildVerb object at 0x79c5d68590c0>>)
[0.215s] Level 1:colcon.colcon_core.package_discovery:discover_packages(colcon_meta) check parameters
[0.215s] Level 1:colcon.colcon_core.package_discovery:discover_packages(recursive) check parameters
[0.215s] Level 1:colcon.colcon_core.package_discovery:discover_packages(ignore) check parameters
[0.215s] Level 1:colcon.colcon_core.package_discovery:discover_packages(path) check parameters
[0.215s] Level 1:colcon.colcon_core.package_discovery:discover_packages(colcon_meta) discover
[0.216s] Level 1:colcon.colcon_core.package_discovery:discover_packages(recursive) discover
[0.216s] INFO:colcon.colcon_core.package_discovery:Crawling recursively for packages in '/home/yoo/final_project/ugv_ws'
[0.216s] Level 1:colcon.colcon_core.package_identification:_identify(.) by extensions ['ignore', 'ignore_ament_install']
[0.216s] Level 1:colcon.colcon_core.package_identification:_identify(.) by extension 'ignore'
[0.216s] Level 1:colcon.colcon_core.package_identification:_identify(.) by extension 'ignore_ament_install'
[0.216s] Level 1:colcon.colcon_core.package_identification:_identify(.) by extensions ['colcon_pkg']
[0.216s] Level 1:colcon.colcon_core.package_identification:_identify(.) by extension 'colcon_pkg'
[0.216s] Level 1:colcon.colcon_core.package_identification:_identify(.) by extensions ['colcon_meta']
[0.216s] Level 1:colcon.colcon_core.package_identification:_identify(.) by extension 'colcon_meta'
[0.216s] Level 1:colcon.colcon_core.package_identification:_identify(.) by extensions ['ros']
[0.217s] Level 1:colcon.colcon_core.package_identification:_identify(.) by extension 'ros'
[0.239s] Level 1:colcon.colcon_core.package_identification:_identify(.) by extensions ['cmake', 'python']
[0.239s] Level 1:colcon.colcon_core.package_identification:_identify(.) by extension 'cmake'
[0.239s] Level 1:colcon.colcon_core.package_identification:_identify(.) by extension 'python'
[0.239s] Level 1:colcon.colcon_core.package_identification:_identify(.) by extensions ['python_setup_py']
[0.239s] Level 1:colcon.colcon_core.package_identification:_identify(.) by extension 'python_setup_py'
[0.240s] Level 1:colcon.colcon_core.package_identification:_identify(build) by extensions ['ignore', 'ignore_ament_install']
[0.240s] Level 1:colcon.colcon_core.package_identification:_identify(build) by extension 'ignore'
[0.240s] Level 1:colcon.colcon_core.package_identification:_identify(build) ignored
[0.240s] Level 1:colcon.colcon_core.package_identification:_identify(install) by extensions ['ignore', 'ignore_ament_install']
[0.240s] Level 1:colcon.colcon_core.package_identification:_identify(install) by extension 'ignore'
[0.240s] Level 1:colcon.colcon_core.package_identification:_identify(install) ignored
[0.240s] Level 1:colcon.colcon_core.package_identification:_identify(log) by extensions ['ignore', 'ignore_ament_install']
[0.241s] Level 1:colcon.colcon_core.package_identification:_identify(log) by extension 'ignore'
[0.241s] Level 1:colcon.colcon_core.package_identification:_identify(log) ignored
[0.241s] Level 1:colcon.colcon_core.package_identification:_identify(src) by extensions ['ignore', 'ignore_ament_install']
[0.241s] Level 1:colcon.colcon_core.package_identification:_identify(src) by extension 'ignore'
[0.241s] Level 1:colcon.colcon_core.package_identification:_identify(src) by extension 'ignore_ament_install'
[0.241s] Level 1:colcon.colcon_core.package_identification:_identify(src) by extensions ['colcon_pkg']
[0.241s] Level 1:colcon.colcon_core.package_identification:_identify(src) by extension 'colcon_pkg'
[0.241s] Level 1:colcon.colcon_core.package_identification:_identify(src) by extensions ['colcon_meta']
[0.241s] Level 1:colcon.colcon_core.package_identification:_identify(src) by extension 'colcon_meta'
[0.241s] Level 1:colcon.colcon_core.package_identification:_identify(src) by extensions ['ros']
[0.241s] Level 1:colcon.colcon_core.package_identification:_identify(src) by extension 'ros'
[0.241s] Level 1:colcon.colcon_core.package_identification:_identify(src) by extensions ['cmake', 'python']
[0.241s] Level 1:colcon.colcon_core.package_identification:_identify(src) by extension 'cmake'
[0.241s] Level 1:colcon.colcon_core.package_identification:_identify(src) by extension 'python'
[0.241s] Level 1:colcon.colcon_core.package_identification:_identify(src) by extensions ['python_setup_py']
[0.241s] Level 1:colcon.colcon_core.package_identification:_identify(src) by extension 'python_setup_py'
[0.241s] Level 1:colcon.colcon_core.package_identification:_identify(src/gazebo_env_setup) by extensions ['ignore', 'ignore_ament_install']
[0.242s] Level 1:colcon.colcon_core.package_identification:_identify(src/gazebo_env_setup) by extension 'ignore'
[0.242s] Level 1:colcon.colcon_core.package_identification:_identify(src/gazebo_env_setup) by extension 'ignore_ament_install'
[0.242s] Level 1:colcon.colcon_core.package_identification:_identify(src/gazebo_env_setup) by extensions ['colcon_pkg']
[0.242s] Level 1:colcon.colcon_core.package_identification:_identify(src/gazebo_env_setup) by extension 'colcon_pkg'
[0.242s] Level 1:colcon.colcon_core.package_identification:_identify(src/gazebo_env_setup) by extensions ['colcon_meta']
[0.242s] Level 1:colcon.colcon_core.package_identification:_identify(src/gazebo_env_setup) by extension 'colcon_meta'
[0.242s] Level 1:colcon.colcon_core.package_identification:_identify(src/gazebo_env_setup) by extensions ['ros']
[0.242s] Level 1:colcon.colcon_core.package_identification:_identify(src/gazebo_env_setup) by extension 'ros'
[0.245s] DEBUG:colcon.colcon_core.package_identification:Package 'src/gazebo_env_setup' with type 'ros.ament_cmake' and name 'gazebo_env_setup'
[0.246s] Level 1:colcon.colcon_core.package_identification:_identify(src/ugv_controller) by extensions ['ignore', 'ignore_ament_install']
[0.246s] Level 1:colcon.colcon_core.package_identification:_identify(src/ugv_controller) by extension 'ignore'
[0.246s] Level 1:colcon.colcon_core.package_identification:_identify(src/ugv_controller) by extension 'ignore_ament_install'
[0.246s] Level 1:colcon.colcon_core.package_identification:_identify(src/ugv_controller) by extensions ['colcon_pkg']
[0.246s] Level 1:colcon.colcon_core.package_identification:_identify(src/ugv_controller) by extension 'colcon_pkg'
[0.246s] Level 1:colcon.colcon_core.package_identification:_identify(src/ugv_controller) by extensions ['colcon_meta']
[0.246s] Level 1:colcon.colcon_core.package_identification:_identify(src/ugv_controller) by extension 'colcon_meta'
[0.246s] Level 1:colcon.colcon_core.package_identification:_identify(src/ugv_controller) by extensions ['ros']
[0.246s] Level 1:colcon.colcon_core.package_identification:_identify(src/ugv_controller) by extension 'ros'
[0.247s] DEBUG:colcon.colcon_core.package_identification:Package 'src/ugv_controller' with type 'ros.ament_cmake' and name 'ugv_controller'
[0.247s] Level 1:colcon.colcon_core.package_discovery:discover_packages(recursive) using defaults
[0.247s] Level 1:colcon.colcon_core.package_discovery:discover_packages(ignore) discover
[0.247s] Level 1:colcon.colcon_core.package_discovery:discover_packages(ignore) using defaults
[0.247s] Level 1:colcon.colcon_core.package_discovery:discover_packages(path) discover
[0.247s] Level 1:colcon.colcon_core.package_discovery:discover_packages(path) using defaults
[0.276s] Level 1:colcon.colcon_core.package_discovery:discover_packages(prefix_path) check parameters
[0.276s] Level 1:colcon.colcon_core.package_discovery:discover_packages(prefix_path) discover
[0.279s] DEBUG:colcon.colcon_installed_package_information.package_discovery:Found 2 installed packages in /home/yoo/final_project/ugv_ws/install
[0.282s] DEBUG:colcon.colcon_installed_package_information.package_discovery:Found 285 installed packages in /opt/ros/humble
[0.283s] Level 1:colcon.colcon_core.package_discovery:discover_packages(prefix_path) using defaults
[0.345s] Level 5:colcon.colcon_core.verb:set package 'gazebo_env_setup' build argument 'cmake_args' from command line to 'None'
[0.345s] Level 5:colcon.colcon_core.verb:set package 'gazebo_env_setup' build argument 'cmake_target' from command line to 'None'
[0.345s] Level 5:colcon.colcon_core.verb:set package 'gazebo_env_setup' build argument 'cmake_target_skip_unavailable' from command line to 'False'
[0.345s] Level 5:colcon.colcon_core.verb:set package 'gazebo_env_setup' build argument 'cmake_clean_cache' from command line to 'False'
[0.345s] Level 5:colcon.colcon_core.verb:set package 'gazebo_env_setup' build argument 'cmake_clean_first' from command line to 'False'
[0.345s] Level 5:colcon.colcon_core.verb:set package 'gazebo_env_setup' build argument 'cmake_force_configure' from command line to 'False'
[0.345s] Level 5:colcon.colcon_core.verb:set package 'gazebo_env_setup' build argument 'ament_cmake_args' from command line to 'None'
[0.345s] Level 5:colcon.colcon_core.verb:set package 'gazebo_env_setup' build argument 'catkin_cmake_args' from command line to 'None'
[0.345s] Level 5:colcon.colcon_core.verb:set package 'gazebo_env_setup' build argument 'catkin_skip_building_tests' from command line to 'False'
[0.346s] DEBUG:colcon.colcon_core.verb:Building package 'gazebo_env_setup' with the following arguments: {'ament_cmake_args': None, 'build_base': '/home/yoo/final_project/ugv_ws/build/gazebo_env_setup', 'catkin_cmake_args': None, 'catkin_skip_building_tests': False, 'cmake_args': None, 'cmake_clean_cache': False, 'cmake_clean_first': False, 'cmake_force_configure': False, 'cmake_target': None, 'cmake_target_skip_unavailable': False, 'install_base': '/home/yoo/final_project/ugv_ws/install/gazebo_env_setup', 'merge_install': False, 'path': '/home/yoo/final_project/ugv_ws/src/gazebo_env_setup', 'symlink_install': True, 'test_result_base': None}
[0.346s] Level 5:colcon.colcon_core.verb:set package 'ugv_controller' build argument 'cmake_args' from command line to 'None'
[0.346s] Level 5:colcon.colcon_core.verb:set package 'ugv_controller' build argument 'cmake_target' from command line to 'None'
[0.346s] Level 5:colcon.colcon_core.verb:set package 'ugv_controller' build argument 'cmake_target_skip_unavailable' from command line to 'False'
[0.346s] Level 5:colcon.colcon_core.verb:set package 'ugv_controller' build argument 'cmake_clean_cache' from command line to 'False'
[0.346s] Level 5:colcon.colcon_core.verb:set package 'ugv_controller' build argument 'cmake_clean_first' from command line to 'False'
[0.347s] Level 5:colcon.colcon_core.verb:set package 'ugv_controller' build argument 'cmake_force_configure' from command line to 'False'
[0.347s] Level 5:colcon.colcon_core.verb:set package 'ugv_controller' build argument 'ament_cmake_args' from command line to 'None'
[0.347s] Level 5:colcon.colcon_core.verb:set package 'ugv_controller' build argument 'catkin_cmake_args' from command line to 'None'
[0.347s] Level 5:colcon.colcon_core.verb:set package 'ugv_controller' build argument 'catkin_skip_building_tests' from command line to 'False'
[0.347s] DEBUG:colcon.colcon_core.verb:Building package 'ugv_controller' with the following arguments: {'ament_cmake_args': None, 'build_base': '/home/yoo/final_project/ugv_ws/build/ugv_controller', 'catkin_cmake_args': None, 'catkin_skip_building_tests': False, 'cmake_args': None, 'cmake_clean_cache': False, 'cmake_clean_first': False, 'cmake_force_configure': False, 'cmake_target': None, 'cmake_target_skip_unavailable': False, 'install_base': '/home/yoo/final_project/ugv_ws/install/ugv_controller', 'merge_install': False, 'path': '/home/yoo/final_project/ugv_ws/src/ugv_controller', 'symlink_install': True, 'test_result_base': None}
[0.347s] INFO:colcon.colcon_core.executor:Executing jobs using 'parallel' executor
[0.350s] DEBUG:colcon.colcon_parallel_executor.executor.parallel:run_until_complete
[0.351s] INFO:colcon.colcon_ros.task.ament_cmake.build:Building ROS package in '/home/yoo/final_project/ugv_ws/src/gazebo_env_setup' with build type 'ament_cmake'
[0.351s] INFO:colcon.colcon_cmake.task.cmake.build:Building CMake package in '/home/yoo/final_project/ugv_ws/src/gazebo_env_setup'
[0.355s] INFO:colcon.colcon_core.plugin_system:Skipping extension 'colcon_core.shell.bat': Not used on non-Windows systems
[0.355s] INFO:colcon.colcon_core.shell:Skip shell extension 'powershell' for command environment: Not usable outside of PowerShell
[0.355s] DEBUG:colcon.colcon_core.shell:Skip shell extension 'dsv' for command environment
[0.362s] INFO:colcon.colcon_ros.task.ament_cmake.build:Building ROS package in '/home/yoo/final_project/ugv_ws/src/ugv_controller' with build type 'ament_cmake'
[0.363s] INFO:colcon.colcon_cmake.task.cmake.build:Building CMake package in '/home/yoo/final_project/ugv_ws/src/ugv_controller'
[0.364s] INFO:colcon.colcon_core.shell:Skip shell extension 'powershell' for command environment: Not usable outside of PowerShell
[0.364s] DEBUG:colcon.colcon_core.shell:Skip shell extension 'dsv' for command environment
[0.382s] DEBUG:colcon.colcon_core.event_handler.log_command:Invoking command in '/home/yoo/final_project/ugv_ws/build/gazebo_env_setup': CMAKE_PREFIX_PATH=${CMAKE_PREFIX_PATH}:/opt/ros/humble /usr/bin/cmake --build /home/yoo/final_project/ugv_ws/build/gazebo_env_setup -- -j16 -l16
[0.400s] DEBUG:colcon.colcon_core.event_handler.log_command:Invoking command in '/home/yoo/final_project/ugv_ws/build/ugv_controller': CMAKE_PREFIX_PATH=${CMAKE_PREFIX_PATH}:/opt/ros/humble /usr/bin/cmake --build /home/yoo/final_project/ugv_ws/build/ugv_controller -- -j16 -l16
[0.553s] DEBUG:colcon.colcon_core.event_handler.log_command:Invoked command in '/home/yoo/final_project/ugv_ws/build/ugv_controller' returned '0': CMAKE_PREFIX_PATH=${CMAKE_PREFIX_PATH}:/opt/ros/humble /usr/bin/cmake --build /home/yoo/final_project/ugv_ws/build/ugv_controller -- -j16 -l16
[0.582s] DEBUG:colcon.colcon_core.event_handler.log_command:Invoking command in '/home/yoo/final_project/ugv_ws/build/ugv_controller': CMAKE_PREFIX_PATH=${CMAKE_PREFIX_PATH}:/opt/ros/humble /usr/bin/cmake --install /home/yoo/final_project/ugv_ws/build/ugv_controller
[0.583s] DEBUG:colcon.colcon_core.event_handler.log_command:Invoked command in '/home/yoo/final_project/ugv_ws/build/gazebo_env_setup' returned '0': CMAKE_PREFIX_PATH=${CMAKE_PREFIX_PATH}:/opt/ros/humble /usr/bin/cmake --build /home/yoo/final_project/ugv_ws/build/gazebo_env_setup -- -j16 -l16
[0.586s] DEBUG:colcon.colcon_core.event_handler.log_command:Invoking command in '/home/yoo/final_project/ugv_ws/build/gazebo_env_setup': CMAKE_PREFIX_PATH=${CMAKE_PREFIX_PATH}:/opt/ros/humble /usr/bin/cmake --install /home/yoo/final_project/ugv_ws/build/gazebo_env_setup
[0.630s] Level 1:colcon.colcon_core.environment:create_environment_scripts_only(ugv_controller)
[0.631s] DEBUG:colcon.colcon_core.event_handler.log_command:Invoked command in '/home/yoo/final_project/ugv_ws/build/ugv_controller' returned '0': CMAKE_PREFIX_PATH=${CMAKE_PREFIX_PATH}:/opt/ros/humble /usr/bin/cmake --install /home/yoo/final_project/ugv_ws/build/ugv_controller
[0.634s] Level 1:colcon.colcon_core.environment:checking '/home/yoo/final_project/ugv_ws/install/ugv_controller' for CMake module files
[0.635s] Level 1:colcon.colcon_core.environment:checking '/home/yoo/final_project/ugv_ws/install/ugv_controller' for CMake config files
[0.636s] Level 1:colcon.colcon_core.shell:create_environment_hook('ugv_controller', 'cmake_prefix_path')
[0.636s] INFO:colcon.colcon_core.shell:Creating environment hook '/home/yoo/final_project/ugv_ws/install/ugv_controller/share/ugv_controller/hook/cmake_prefix_path.ps1'
[0.637s] INFO:colcon.colcon_core.shell:Creating environment descriptor '/home/yoo/final_project/ugv_ws/install/ugv_controller/share/ugv_controller/hook/cmake_prefix_path.dsv'
[0.639s] INFO:colcon.colcon_core.shell:Creating environment hook '/home/yoo/final_project/ugv_ws/install/ugv_controller/share/ugv_controller/hook/cmake_prefix_path.sh'
[0.642s] Level 1:colcon.colcon_core.environment:checking '/home/yoo/final_project/ugv_ws/install/ugv_controller/lib'
[0.642s] Level 1:colcon.colcon_core.environment:checking '/home/yoo/final_project/ugv_ws/install/ugv_controller/bin'
[0.642s] Level 1:colcon.colcon_core.environment:checking '/home/yoo/final_project/ugv_ws/install/ugv_controller/lib/pkgconfig/ugv_controller.pc'
[0.643s] Level 1:colcon.colcon_core.environment:checking '/home/yoo/final_project/ugv_ws/install/ugv_controller/lib/python3.10/site-packages'
[0.643s] Level 1:colcon.colcon_core.environment:checking '/home/yoo/final_project/ugv_ws/install/ugv_controller/bin'
[0.644s] INFO:colcon.colcon_core.shell:Creating package script '/home/yoo/final_project/ugv_ws/install/ugv_controller/share/ugv_controller/package.ps1'
[0.646s] INFO:colcon.colcon_core.shell:Creating package descriptor '/home/yoo/final_project/ugv_ws/install/ugv_controller/share/ugv_controller/package.dsv'
[0.647s] INFO:colcon.colcon_core.shell:Creating package script '/home/yoo/final_project/ugv_ws/install/ugv_controller/share/ugv_controller/package.sh'
[0.649s] INFO:colcon.colcon_core.shell:Creating package script '/home/yoo/final_project/ugv_ws/install/ugv_controller/share/ugv_controller/package.bash'
[0.652s] INFO:colcon.colcon_core.shell:Creating package script '/home/yoo/final_project/ugv_ws/install/ugv_controller/share/ugv_controller/package.zsh'
[0.653s] Level 1:colcon.colcon_core.environment:create_file_with_runtime_dependencies(/home/yoo/final_project/ugv_ws/install/ugv_controller/share/colcon-core/packages/ugv_controller)
[0.655s] Level 1:colcon.colcon_core.environment:create_environment_scripts_only(ugv_controller)
[0.656s] Level 1:colcon.colcon_core.environment:checking '/home/yoo/final_project/ugv_ws/install/ugv_controller' for CMake module files
[0.656s] Level 1:colcon.colcon_core.environment:checking '/home/yoo/final_project/ugv_ws/install/ugv_controller' for CMake config files
[0.657s] Level 1:colcon.colcon_core.shell:create_environment_hook('ugv_controller', 'cmake_prefix_path')
[0.657s] INFO:colcon.colcon_core.shell:Creating environment hook '/home/yoo/final_project/ugv_ws/install/ugv_controller/share/ugv_controller/hook/cmake_prefix_path.ps1'
[0.659s] INFO:colcon.colcon_core.shell:Creating environment descriptor '/home/yoo/final_project/ugv_ws/install/ugv_controller/share/ugv_controller/hook/cmake_prefix_path.dsv'
[0.659s] INFO:colcon.colcon_core.shell:Creating environment hook '/home/yoo/final_project/ugv_ws/install/ugv_controller/share/ugv_controller/hook/cmake_prefix_path.sh'
[0.660s] Level 1:colcon.colcon_core.environment:checking '/home/yoo/final_project/ugv_ws/install/ugv_controller/lib'
[0.661s] Level 1:colcon.colcon_core.environment:checking '/home/yoo/final_project/ugv_ws/install/ugv_controller/bin'
[0.661s] Level 1:colcon.colcon_core.environment:checking '/home/yoo/final_project/ugv_ws/install/ugv_controller/lib/pkgconfig/ugv_controller.pc'
[0.661s] Level 1:colcon.colcon_core.environment:checking '/home/yoo/final_project/ugv_ws/install/ugv_controller/lib/python3.10/site-packages'
[0.662s] Level 1:colcon.colcon_core.environment:checking '/home/yoo/final_project/ugv_ws/install/ugv_controller/bin'
[0.663s] INFO:colcon.colcon_core.shell:Creating package script '/home/yoo/final_project/ugv_ws/install/ugv_controller/share/ugv_controller/package.ps1'
[0.664s] INFO:colcon.colcon_core.shell:Creating package descriptor '/home/yoo/final_project/ugv_ws/install/ugv_controller/share/ugv_controller/package.dsv'
[0.665s] INFO:colcon.colcon_core.shell:Creating package script '/home/yoo/final_project/ugv_ws/install/ugv_controller/share/ugv_controller/package.sh'
[0.666s] INFO:colcon.colcon_core.shell:Creating package script '/home/yoo/final_project/ugv_ws/install/ugv_controller/share/ugv_controller/package.bash'
[0.667s] INFO:colcon.colcon_core.shell:Creating package script '/home/yoo/final_project/ugv_ws/install/ugv_controller/share/ugv_controller/package.zsh'
[0.668s] Level 1:colcon.colcon_core.environment:create_file_with_runtime_dependencies(/home/yoo/final_project/ugv_ws/install/ugv_controller/share/colcon-core/packages/ugv_controller)
[0.669s] Level 1:colcon.colcon_core.environment:create_environment_scripts_only(gazebo_env_setup)
[0.670s] Level 1:colcon.colcon_core.environment:checking '/home/yoo/final_project/ugv_ws/install/gazebo_env_setup' for CMake module files
[0.672s] DEBUG:colcon.colcon_core.event_handler.log_command:Invoked command in '/home/yoo/final_project/ugv_ws/build/gazebo_env_setup' returned '0': CMAKE_PREFIX_PATH=${CMAKE_PREFIX_PATH}:/opt/ros/humble /usr/bin/cmake --install /home/yoo/final_project/ugv_ws/build/gazebo_env_setup
[0.672s] Level 1:colcon.colcon_core.environment:checking '/home/yoo/final_project/ugv_ws/install/gazebo_env_setup' for CMake config files
[0.673s] Level 1:colcon.colcon_core.shell:create_environment_hook('gazebo_env_setup', 'cmake_prefix_path')
[0.674s] INFO:colcon.colcon_core.shell:Creating environment hook '/home/yoo/final_project/ugv_ws/install/gazebo_env_setup/share/gazebo_env_setup/hook/cmake_prefix_path.ps1'
[0.675s] INFO:colcon.colcon_core.shell:Creating environment descriptor '/home/yoo/final_project/ugv_ws/install/gazebo_env_setup/share/gazebo_env_setup/hook/cmake_prefix_path.dsv'
[0.676s] INFO:colcon.colcon_core.shell:Creating environment hook '/home/yoo/final_project/ugv_ws/install/gazebo_env_setup/share/gazebo_env_setup/hook/cmake_prefix_path.sh'
[0.678s] Level 1:colcon.colcon_core.environment:checking '/home/yoo/final_project/ugv_ws/install/gazebo_env_setup/lib'
[0.678s] Level 1:colcon.colcon_core.environment:checking '/home/yoo/final_project/ugv_ws/install/gazebo_env_setup/bin'
[0.678s] Level 1:colcon.colcon_core.environment:checking '/home/yoo/final_project/ugv_ws/install/gazebo_env_setup/lib/pkgconfig/gazebo_env_setup.pc'
[0.679s] Level 1:colcon.colcon_core.environment:checking '/home/yoo/final_project/ugv_ws/install/gazebo_env_setup/lib/python3.10/site-packages'
[0.679s] Level 1:colcon.colcon_core.environment:checking '/home/yoo/final_project/ugv_ws/install/gazebo_env_setup/bin'
[0.680s] INFO:colcon.colcon_core.shell:Creating package script '/home/yoo/final_project/ugv_ws/install/gazebo_env_setup/share/gazebo_env_setup/package.ps1'
[0.682s] INFO:colcon.colcon_core.shell:Creating package descriptor '/home/yoo/final_project/ugv_ws/install/gazebo_env_setup/share/gazebo_env_setup/package.dsv'
[0.683s] INFO:colcon.colcon_core.shell:Creating package script '/home/yoo/final_project/ugv_ws/install/gazebo_env_setup/share/gazebo_env_setup/package.sh'
[0.684s] INFO:colcon.colcon_core.shell:Creating package script '/home/yoo/final_project/ugv_ws/install/gazebo_env_setup/share/gazebo_env_setup/package.bash'
[0.685s] INFO:colcon.colcon_core.shell:Creating package script '/home/yoo/final_project/ugv_ws/install/gazebo_env_setup/share/gazebo_env_setup/package.zsh'
[0.685s] Level 1:colcon.colcon_core.environment:create_file_with_runtime_dependencies(/home/yoo/final_project/ugv_ws/install/gazebo_env_setup/share/colcon-core/packages/gazebo_env_setup)
[0.686s] Level 1:colcon.colcon_core.environment:create_environment_scripts_only(gazebo_env_setup)
[0.686s] Level 1:colcon.colcon_core.environment:checking '/home/yoo/final_project/ugv_ws/install/gazebo_env_setup' for CMake module files
[0.687s] Level 1:colcon.colcon_core.environment:checking '/home/yoo/final_project/ugv_ws/install/gazebo_env_setup' for CMake config files
[0.688s] Level 1:colcon.colcon_core.shell:create_environment_hook('gazebo_env_setup', 'cmake_prefix_path')
[0.688s] INFO:colcon.colcon_core.shell:Creating environment hook '/home/yoo/final_project/ugv_ws/install/gazebo_env_setup/share/gazebo_env_setup/hook/cmake_prefix_path.ps1'
[0.689s] INFO:colcon.colcon_core.shell:Creating environment descriptor '/home/yoo/final_project/ugv_ws/install/gazebo_env_setup/share/gazebo_env_setup/hook/cmake_prefix_path.dsv'
[0.689s] INFO:colcon.colcon_core.shell:Creating environment hook '/home/yoo/final_project/ugv_ws/install/gazebo_env_setup/share/gazebo_env_setup/hook/cmake_prefix_path.sh'
[0.690s] Level 1:colcon.colcon_core.environment:checking '/home/yoo/final_project/ugv_ws/install/gazebo_env_setup/lib'
[0.690s] Level 1:colcon.colcon_core.environment:checking '/home/yoo/final_project/ugv_ws/install/gazebo_env_setup/bin'
[0.690s] Level 1:colcon.colcon_core.environment:checking '/home/yoo/final_project/ugv_ws/install/gazebo_env_setup/lib/pkgconfig/gazebo_env_setup.pc'
[0.690s] Level 1:colcon.colcon_core.environment:checking '/home/yoo/final_project/ugv_ws/install/gazebo_env_setup/lib/python3.10/site-packages'
[0.690s] Level 1:colcon.colcon_core.environment:checking '/home/yoo/final_project/ugv_ws/install/gazebo_env_setup/bin'
[0.691s] INFO:colcon.colcon_core.shell:Creating package script '/home/yoo/final_project/ugv_ws/install/gazebo_env_setup/share/gazebo_env_setup/package.ps1'
[0.691s] INFO:colcon.colcon_core.shell:Creating package descriptor '/home/yoo/final_project/ugv_ws/install/gazebo_env_setup/share/gazebo_env_setup/package.dsv'
[0.692s] INFO:colcon.colcon_core.shell:Creating package script '/home/yoo/final_project/ugv_ws/install/gazebo_env_setup/share/gazebo_env_setup/package.sh'
[0.693s] INFO:colcon.colcon_core.shell:Creating package script '/home/yoo/final_project/ugv_ws/install/gazebo_env_setup/share/gazebo_env_setup/package.bash'
[0.694s] INFO:colcon.colcon_core.shell:Creating package script '/home/yoo/final_project/ugv_ws/install/gazebo_env_setup/share/gazebo_env_setup/package.zsh'
[0.695s] Level 1:colcon.colcon_core.environment:create_file_with_runtime_dependencies(/home/yoo/final_project/ugv_ws/install/gazebo_env_setup/share/colcon-core/packages/gazebo_env_setup)
[0.696s] DEBUG:colcon.colcon_parallel_executor.executor.parallel:closing loop
[0.697s] DEBUG:colcon.colcon_parallel_executor.executor.parallel:loop closed
[0.697s] DEBUG:colcon.colcon_parallel_executor.executor.parallel:run_until_complete finished with '0'
[0.697s] DEBUG:colcon.colcon_core.event_reactor:joining thread
[0.710s] INFO:colcon.colcon_core.plugin_system:Skipping extension 'colcon_notification.desktop_notification.terminal_notifier': Not used on non-Darwin systems
[0.710s] INFO:colcon.colcon_core.plugin_system:Skipping extension 'colcon_notification.desktop_notification.win32': Not used on non-Windows systems
[0.710s] INFO:colcon.colcon_notification.desktop_notification:Sending desktop notification using 'notify2'
[0.740s] DEBUG:colcon.colcon_core.event_reactor:joined thread
[0.741s] INFO:colcon.colcon_core.shell:Creating prefix script '/home/yoo/final_project/ugv_ws/install/local_setup.ps1'
[0.743s] INFO:colcon.colcon_core.shell:Creating prefix util module '/home/yoo/final_project/ugv_ws/install/_local_setup_util_ps1.py'
[0.746s] INFO:colcon.colcon_core.shell:Creating prefix chain script '/home/yoo/final_project/ugv_ws/install/setup.ps1'
[0.748s] INFO:colcon.colcon_core.shell:Creating prefix script '/home/yoo/final_project/ugv_ws/install/local_setup.sh'
[0.749s] INFO:colcon.colcon_core.shell:Creating prefix util module '/home/yoo/final_project/ugv_ws/install/_local_setup_util_sh.py'
[0.750s] INFO:colcon.colcon_core.shell:Creating prefix chain script '/home/yoo/final_project/ugv_ws/install/setup.sh'
[0.752s] INFO:colcon.colcon_core.shell:Creating prefix script '/home/yoo/final_project/ugv_ws/install/local_setup.bash'
[0.753s] INFO:colcon.colcon_core.shell:Creating prefix chain script '/home/yoo/final_project/ugv_ws/install/setup.bash'
[0.755s] INFO:colcon.colcon_core.shell:Creating prefix script '/home/yoo/final_project/ugv_ws/install/local_setup.zsh'
[0.757s] INFO:colcon.colcon_core.shell:Creating prefix chain script '/home/yoo/final_project/ugv_ws/install/setup.zsh'
