[0.006s] Invoking command in '/home/jmj/ws_all/ws_px4_controls/build/uav_controller_pkg': AMENT_PREFIX_PATH=/home/jmj/ws_all/ws_px4_controls/install/px4_msgs:${AMENT_PREFIX_PATH} CMAKE_PREFIX_PATH=/home/jmj/ws_all/ws_px4_controls/install/px4_msgs:/opt/ros/humble LD_LIBRARY_PATH=/home/jmj/ws_all/ws_px4_controls/install/px4_msgs/lib:${LD_LIBRARY_PATH} PYTHONPATH=/home/jmj/ws_all/ws_px4_controls/install/px4_msgs/local/lib/python3.10/dist-packages:${PYTHONPATH} /usr/bin/cmake /home/jmj/ws_all/ws_px4_controls/src/uav_controller_pkg -DCMAKE_INSTALL_PREFIX=/home/jmj/ws_all/ws_px4_controls/install/uav_controller_pkg
[0.043s] -- The C compiler identification is GNU 11.4.0
[0.082s] -- The CXX compiler identification is GNU 11.4.0
[0.089s] -- Detecting C compiler ABI info
[0.134s] -- Detecting C compiler ABI info - done
[0.140s] -- Check for working C compiler: /usr/lib/ccache/gcc - skipped
[0.140s] -- Detecting C compile features
[0.140s] -- Detecting C compile features - done
[0.142s] -- Detecting CXX compiler ABI info
[0.195s] -- Detecting CXX compiler ABI info - done
[0.202s] -- Check for working CXX compiler: /usr/lib/ccache/g++ - skipped
[0.202s] -- Detecting CXX compile features
[0.202s] -- Detecting CXX compile features - done
[0.204s] -- Found ament_cmake: 1.3.11 (/opt/ros/humble/share/ament_cmake/cmake)
[0.344s] -- Found Python3: /usr/bin/python3 (found version "3.10.12") found components: Interpreter 
[0.403s] -- Found rclcpp: 16.0.12 (/opt/ros/humble/share/rclcpp/cmake)
[0.438s] -- Found rosidl_generator_c: 3.1.6 (/opt/ros/humble/share/rosidl_generator_c/cmake)
[0.441s] -- Found rosidl_adapter: 3.1.6 (/opt/ros/humble/share/rosidl_adapter/cmake)
[0.446s] -- Found rosidl_generator_cpp: 3.1.6 (/opt/ros/humble/share/rosidl_generator_cpp/cmake)
[0.453s] -- Using all available rosidl_typesupport_c: rosidl_typesupport_fastrtps_c;rosidl_typesupport_introspection_c
[0.462s] -- Using all available rosidl_typesupport_cpp: rosidl_typesupport_fastrtps_cpp;rosidl_typesupport_introspection_cpp
[0.490s] -- Found rmw_implementation_cmake: 6.1.2 (/opt/ros/humble/share/rmw_implementation_cmake/cmake)
[0.491s] -- Found rmw_fastrtps_cpp: 6.2.7 (/opt/ros/humble/share/rmw_fastrtps_cpp/cmake)
[0.550s] -- Found OpenSSL: /usr/lib/x86_64-linux-gnu/libcrypto.so (found version "3.0.2")  
[0.574s] -- Found FastRTPS: /opt/ros/humble/include  
[0.605s] -- Using RMW implementation 'rmw_fastrtps_cpp' as default
[0.610s] -- Looking for pthread.h
[0.671s] -- Looking for pthread.h - found
[0.672s] -- Performing Test CMAKE_HAVE_LIBC_PTHREAD
[0.763s] -- Performing Test CMAKE_HAVE_LIBC_PTHREAD - Success
[0.763s] -- Found Threads: TRUE  
[0.797s] -- Found geometry_msgs: 4.8.0 (/opt/ros/humble/share/geometry_msgs/cmake)
[0.805s] -- Found px4_msgs: 2.0.1 (/home/jmj/ws_all/ws_px4_controls/install/px4_msgs/share/px4_msgs/cmake)
[0.813s] -- Found ament_lint_auto: 0.12.12 (/opt/ros/humble/share/ament_lint_auto/cmake)
[0.866s] -- Added test 'cppcheck' to perform static code analysis on C / C++ code
[0.867s] -- Configured cppcheck include dirs: 
[0.867s] -- Configured cppcheck exclude dirs and/or files: 
[0.867s] -- Added test 'flake8' to check Python code syntax and style conventions
[0.868s] -- Added test 'lint_cmake' to check CMake code style
[0.868s] -- Added test 'pep257' to check Python code against some of the docstring style conventions in PEP 257
[0.870s] -- Added test 'uncrustify' to check C / C++ code style
[0.870s] -- Configured uncrustify additional arguments: 
[0.871s] -- Added test 'xmllint' to check XML markup files
[0.871s] -- Configuring done
[0.878s] -- Generating done
[0.882s] -- Build files have been written to: /home/jmj/ws_all/ws_px4_controls/build/uav_controller_pkg
[0.892s] Invoked command in '/home/jmj/ws_all/ws_px4_controls/build/uav_controller_pkg' returned '0': AMENT_PREFIX_PATH=/home/jmj/ws_all/ws_px4_controls/install/px4_msgs:${AMENT_PREFIX_PATH} CMAKE_PREFIX_PATH=/home/jmj/ws_all/ws_px4_controls/install/px4_msgs:/opt/ros/humble LD_LIBRARY_PATH=/home/jmj/ws_all/ws_px4_controls/install/px4_msgs/lib:${LD_LIBRARY_PATH} PYTHONPATH=/home/jmj/ws_all/ws_px4_controls/install/px4_msgs/local/lib/python3.10/dist-packages:${PYTHONPATH} /usr/bin/cmake /home/jmj/ws_all/ws_px4_controls/src/uav_controller_pkg -DCMAKE_INSTALL_PREFIX=/home/jmj/ws_all/ws_px4_controls/install/uav_controller_pkg
[0.892s] Invoking command in '/home/jmj/ws_all/ws_px4_controls/build/uav_controller_pkg': AMENT_PREFIX_PATH=/home/jmj/ws_all/ws_px4_controls/install/px4_msgs:${AMENT_PREFIX_PATH} CMAKE_PREFIX_PATH=/home/jmj/ws_all/ws_px4_controls/install/px4_msgs:/opt/ros/humble LD_LIBRARY_PATH=/home/jmj/ws_all/ws_px4_controls/install/px4_msgs/lib:${LD_LIBRARY_PATH} PYTHONPATH=/home/jmj/ws_all/ws_px4_controls/install/px4_msgs/local/lib/python3.10/dist-packages:${PYTHONPATH} /usr/bin/cmake --build /home/jmj/ws_all/ws_px4_controls/build/uav_controller_pkg -- -j20 -l20
[0.928s] [ 25%] [32mBuilding CXX object CMakeFiles/uav_controller.dir/src/uav_controller.cpp.o[0m
[0.929s] [ 50%] [32mBuilding CXX object CMakeFiles/offboard_control_node.dir/src/offboard_control_node.cpp.o[0m
[8.359s] [ 75%] [32m[1mLinking CXX executable offboard_control_node[0m
[8.665s] [ 75%] Built target offboard_control_node
[9.468s] [100%] [32m[1mLinking CXX executable uav_controller[0m
[9.844s] [100%] Built target uav_controller
[9.852s] Invoked command in '/home/jmj/ws_all/ws_px4_controls/build/uav_controller_pkg' returned '0': AMENT_PREFIX_PATH=/home/jmj/ws_all/ws_px4_controls/install/px4_msgs:${AMENT_PREFIX_PATH} CMAKE_PREFIX_PATH=/home/jmj/ws_all/ws_px4_controls/install/px4_msgs:/opt/ros/humble LD_LIBRARY_PATH=/home/jmj/ws_all/ws_px4_controls/install/px4_msgs/lib:${LD_LIBRARY_PATH} PYTHONPATH=/home/jmj/ws_all/ws_px4_controls/install/px4_msgs/local/lib/python3.10/dist-packages:${PYTHONPATH} /usr/bin/cmake --build /home/jmj/ws_all/ws_px4_controls/build/uav_controller_pkg -- -j20 -l20
[9.853s] Invoking command in '/home/jmj/ws_all/ws_px4_controls/build/uav_controller_pkg': AMENT_PREFIX_PATH=/home/jmj/ws_all/ws_px4_controls/install/px4_msgs:${AMENT_PREFIX_PATH} CMAKE_PREFIX_PATH=/home/jmj/ws_all/ws_px4_controls/install/px4_msgs:/opt/ros/humble LD_LIBRARY_PATH=/home/jmj/ws_all/ws_px4_controls/install/px4_msgs/lib:${LD_LIBRARY_PATH} PYTHONPATH=/home/jmj/ws_all/ws_px4_controls/install/px4_msgs/local/lib/python3.10/dist-packages:${PYTHONPATH} /usr/bin/cmake --install /home/jmj/ws_all/ws_px4_controls/build/uav_controller_pkg
[9.858s] -- Install configuration: ""
[9.858s] -- Installing: /home/jmj/ws_all/ws_px4_controls/install/uav_controller_pkg/lib/uav_controller_pkg/offboard_control_node
[9.860s] -- Set runtime path of "/home/jmj/ws_all/ws_px4_controls/install/uav_controller_pkg/lib/uav_controller_pkg/offboard_control_node" to ""
[9.860s] -- Installing: /home/jmj/ws_all/ws_px4_controls/install/uav_controller_pkg/lib/uav_controller_pkg/uav_controller
[9.862s] -- Set runtime path of "/home/jmj/ws_all/ws_px4_controls/install/uav_controller_pkg/lib/uav_controller_pkg/uav_controller" to ""
[9.862s] -- Installing: /home/jmj/ws_all/ws_px4_controls/install/uav_controller_pkg/share/ament_index/resource_index/package_run_dependencies/uav_controller_pkg
[9.862s] -- Installing: /home/jmj/ws_all/ws_px4_controls/install/uav_controller_pkg/share/ament_index/resource_index/parent_prefix_path/uav_controller_pkg
[9.862s] -- Installing: /home/jmj/ws_all/ws_px4_controls/install/uav_controller_pkg/share/uav_controller_pkg/environment/ament_prefix_path.sh
[9.863s] -- Installing: /home/jmj/ws_all/ws_px4_controls/install/uav_controller_pkg/share/uav_controller_pkg/environment/ament_prefix_path.dsv
[9.863s] -- Installing: /home/jmj/ws_all/ws_px4_controls/install/uav_controller_pkg/share/uav_controller_pkg/environment/path.sh
[9.863s] -- Installing: /home/jmj/ws_all/ws_px4_controls/install/uav_controller_pkg/share/uav_controller_pkg/environment/path.dsv
[9.863s] -- Installing: /home/jmj/ws_all/ws_px4_controls/install/uav_controller_pkg/share/uav_controller_pkg/local_setup.bash
[9.863s] -- Installing: /home/jmj/ws_all/ws_px4_controls/install/uav_controller_pkg/share/uav_controller_pkg/local_setup.sh
[9.863s] -- Installing: /home/jmj/ws_all/ws_px4_controls/install/uav_controller_pkg/share/uav_controller_pkg/local_setup.zsh
[9.863s] -- Installing: /home/jmj/ws_all/ws_px4_controls/install/uav_controller_pkg/share/uav_controller_pkg/local_setup.dsv
[9.863s] -- Installing: /home/jmj/ws_all/ws_px4_controls/install/uav_controller_pkg/share/uav_controller_pkg/package.dsv
[9.863s] -- Installing: /home/jmj/ws_all/ws_px4_controls/install/uav_controller_pkg/share/ament_index/resource_index/packages/uav_controller_pkg
[9.863s] -- Installing: /home/jmj/ws_all/ws_px4_controls/install/uav_controller_pkg/share/uav_controller_pkg/cmake/uav_controller_pkgConfig.cmake
[9.863s] -- Installing: /home/jmj/ws_all/ws_px4_controls/install/uav_controller_pkg/share/uav_controller_pkg/cmake/uav_controller_pkgConfig-version.cmake
[9.863s] -- Installing: /home/jmj/ws_all/ws_px4_controls/install/uav_controller_pkg/share/uav_controller_pkg/package.xml
[9.865s] Invoked command in '/home/jmj/ws_all/ws_px4_controls/build/uav_controller_pkg' returned '0': AMENT_PREFIX_PATH=/home/jmj/ws_all/ws_px4_controls/install/px4_msgs:${AMENT_PREFIX_PATH} CMAKE_PREFIX_PATH=/home/jmj/ws_all/ws_px4_controls/install/px4_msgs:/opt/ros/humble LD_LIBRARY_PATH=/home/jmj/ws_all/ws_px4_controls/install/px4_msgs/lib:${LD_LIBRARY_PATH} PYTHONPATH=/home/jmj/ws_all/ws_px4_controls/install/px4_msgs/local/lib/python3.10/dist-packages:${PYTHONPATH} /usr/bin/cmake --install /home/jmj/ws_all/ws_px4_controls/build/uav_controller_pkg
