[0.006s] Invoking command in '/home/acdl1/ws_all/ws_px4_controls/build/px4_ros_com': AMENT_PREFIX_PATH=/home/acdl1/ws_all/ws_px4_controls/install/px4_msgs:${AMENT_PREFIX_PATH} CMAKE_PREFIX_PATH=/home/acdl1/ws_all/ws_px4_controls/install/px4_msgs:/opt/ros/humble LD_LIBRARY_PATH=/home/acdl1/ws_all/ws_px4_controls/install/px4_msgs/lib:${LD_LIBRARY_PATH} PYTHONPATH=/home/acdl1/ws_all/ws_px4_controls/install/px4_msgs/local/lib/python3.10/dist-packages:${PYTHONPATH} /usr/bin/cmake /home/acdl1/ws_all/ws_px4_controls/src/px4_ros_com -DCMAKE_INSTALL_PREFIX=/home/acdl1/ws_all/ws_px4_controls/install/px4_ros_com
[0.039s] -- The C compiler identification is GNU 11.4.0
[0.075s] -- The CXX compiler identification is GNU 11.4.0
[0.080s] -- Detecting C compiler ABI info
[0.123s] -- Detecting C compiler ABI info - done
[0.129s] -- Check for working C compiler: /usr/bin/cc - skipped
[0.129s] -- Detecting C compile features
[0.129s] -- Detecting C compile features - done
[0.131s] -- Detecting CXX compiler ABI info
[0.182s] -- Detecting CXX compiler ABI info - done
[0.187s] -- Check for working CXX compiler: /usr/bin/c++ - skipped
[0.188s] -- Detecting CXX compile features
[0.188s] -- Detecting CXX compile features - done
[0.189s] -- Found ament_cmake: 1.3.11 (/opt/ros/humble/share/ament_cmake/cmake)
[0.451s] -- Found Python3: /usr/bin/python3 (found version "3.10.12") found components: Interpreter 
[0.511s] -- Found builtin_interfaces: 1.2.1 (/opt/ros/humble/share/builtin_interfaces/cmake)
[0.532s] -- Found rosidl_generator_c: 3.1.6 (/opt/ros/humble/share/rosidl_generator_c/cmake)
[0.535s] -- Found rosidl_adapter: 3.1.6 (/opt/ros/humble/share/rosidl_adapter/cmake)
[0.540s] -- Found rosidl_generator_cpp: 3.1.6 (/opt/ros/humble/share/rosidl_generator_cpp/cmake)
[0.548s] -- Using all available rosidl_typesupport_c: rosidl_typesupport_fastrtps_c;rosidl_typesupport_introspection_c
[0.559s] -- Using all available rosidl_typesupport_cpp: rosidl_typesupport_fastrtps_cpp;rosidl_typesupport_introspection_cpp
[0.573s] -- Found eigen3_cmake_module: 0.1.1 (/opt/ros/humble/share/eigen3_cmake_module/cmake)
[0.579s] -- Found Eigen3: TRUE (found version "3.4.0") 
[0.580s] -- Found geometry_msgs: 4.8.0 (/opt/ros/humble/share/geometry_msgs/cmake)
[0.599s] -- Found px4_msgs: 2.0.1 (/home/acdl1/ws_all/ws_px4_controls/install/px4_msgs/share/px4_msgs/cmake)
[0.608s] -- Found rclcpp: 16.0.12 (/opt/ros/humble/share/rclcpp/cmake)
[0.633s] -- Found rmw_implementation_cmake: 6.1.2 (/opt/ros/humble/share/rmw_implementation_cmake/cmake)
[0.634s] -- Found rmw_fastrtps_cpp: 6.2.7 (/opt/ros/humble/share/rmw_fastrtps_cpp/cmake)
[0.686s] -- Found OpenSSL: /usr/lib/x86_64-linux-gnu/libcrypto.so (found version "3.0.2")  
[0.706s] -- Found FastRTPS: /opt/ros/humble/include  
[0.737s] -- Using RMW implementation 'rmw_fastrtps_cpp' as default
[0.742s] -- Looking for pthread.h
[0.788s] -- Looking for pthread.h - found
[0.788s] -- Performing Test CMAKE_HAVE_LIBC_PTHREAD
[0.834s] -- Performing Test CMAKE_HAVE_LIBC_PTHREAD - Success
[0.835s] -- Found Threads: TRUE  
[0.864s] -- Found sensor_msgs: 4.8.0 (/opt/ros/humble/share/sensor_msgs/cmake)
[0.881s] -- Found rclpy: 3.3.16 (/opt/ros/humble/share/rclpy/cmake)
[0.887s] -- Found ament_lint_auto: 0.12.12 (/opt/ros/humble/share/ament_lint_auto/cmake)
[0.965s] -- Added test 'copyright' to check source files copyright and LICENSE
[0.968s] -- Added test 'cppcheck' to perform static code analysis on C / C++ code
[0.968s] -- Configured cppcheck include dirs: /home/acdl1/ws_all/ws_px4_controls/src/px4_ros_com/include;$<BUILD_INTERFACE:/home/acdl1/ws_all/ws_px4_controls/src/px4_ros_com/include/px4_ros_com>
[0.968s] -- Configured cppcheck exclude dirs and/or files: 
[0.971s] -- Added test 'cpplint' to check C / C++ code against the Google style
[0.971s] -- Configured cpplint exclude dirs and/or files: 
[0.972s] -- Added test 'flake8' to check Python code syntax and style conventions
[0.972s] -- Added test 'lint_cmake' to check CMake code style
[0.973s] -- Added test 'pep257' to check Python code against some of the docstring style conventions in PEP 257
[0.975s] -- Added test 'uncrustify' to check C / C++ code style
[0.975s] -- Configured uncrustify additional arguments: 
[0.976s] -- Added test 'xmllint' to check XML markup files
[0.977s] -- Configuring done
[0.994s] -- Generating done
[1.001s] -- Build files have been written to: /home/acdl1/ws_all/ws_px4_controls/build/px4_ros_com
[1.008s] Invoked command in '/home/acdl1/ws_all/ws_px4_controls/build/px4_ros_com' returned '0': AMENT_PREFIX_PATH=/home/acdl1/ws_all/ws_px4_controls/install/px4_msgs:${AMENT_PREFIX_PATH} CMAKE_PREFIX_PATH=/home/acdl1/ws_all/ws_px4_controls/install/px4_msgs:/opt/ros/humble LD_LIBRARY_PATH=/home/acdl1/ws_all/ws_px4_controls/install/px4_msgs/lib:${LD_LIBRARY_PATH} PYTHONPATH=/home/acdl1/ws_all/ws_px4_controls/install/px4_msgs/local/lib/python3.10/dist-packages:${PYTHONPATH} /usr/bin/cmake /home/acdl1/ws_all/ws_px4_controls/src/px4_ros_com -DCMAKE_INSTALL_PREFIX=/home/acdl1/ws_all/ws_px4_controls/install/px4_ros_com
[1.009s] Invoking command in '/home/acdl1/ws_all/ws_px4_controls/build/px4_ros_com': AMENT_PREFIX_PATH=/home/acdl1/ws_all/ws_px4_controls/install/px4_msgs:${AMENT_PREFIX_PATH} CMAKE_PREFIX_PATH=/home/acdl1/ws_all/ws_px4_controls/install/px4_msgs:/opt/ros/humble LD_LIBRARY_PATH=/home/acdl1/ws_all/ws_px4_controls/install/px4_msgs/lib:${LD_LIBRARY_PATH} PYTHONPATH=/home/acdl1/ws_all/ws_px4_controls/install/px4_msgs/local/lib/python3.10/dist-packages:${PYTHONPATH} /usr/bin/cmake --build /home/acdl1/ws_all/ws_px4_controls/build/px4_ros_com -- -j16 -l16
[1.042s] [ 41%] [32mBuilding CXX object CMakeFiles/offboard_control_srv.dir/src/examples/offboard/offboard_control_srv.cpp.o[0m
[1.042s] [ 41%] [32mBuilding CXX object CMakeFiles/frame_transforms.dir/src/lib/frame_transforms.cpp.o[0m
[1.042s] [ 41%] [32mBuilding CXX object CMakeFiles/vehicle_gps_position_listener.dir/src/examples/listeners/vehicle_gps_position_listener.cpp.o[0m
[1.042s] [ 41%] [32mBuilding CXX object CMakeFiles/offboard_control.dir/src/examples/offboard/offboard_control.cpp.o[0m
[1.042s] [ 41%] [32mBuilding CXX object CMakeFiles/sensor_combined_listener.dir/src/examples/listeners/sensor_combined_listener.cpp.o[0m
[1.042s] [ 50%] [32mBuilding CXX object CMakeFiles/debug_vect_advertiser.dir/src/examples/advertisers/debug_vect_advertiser.cpp.o[0m
[1.050s] [ 50%] Built target ament_cmake_python_copy_px4_ros_com
[1.217s] running egg_info
[1.231s] creating px4_ros_com.egg-info
[1.231s] writing px4_ros_com.egg-info/PKG-INFO
[1.231s] writing dependency_links to px4_ros_com.egg-info/dependency_links.txt
[1.231s] writing top-level names to px4_ros_com.egg-info/top_level.txt
[1.232s] writing manifest file 'px4_ros_com.egg-info/SOURCES.txt'
[1.274s] reading manifest file 'px4_ros_com.egg-info/SOURCES.txt'
[1.275s] writing manifest file 'px4_ros_com.egg-info/SOURCES.txt'
[1.305s] [ 50%] Built target ament_cmake_python_build_px4_ros_com_egg
[4.778s] [ 58%] [32m[1mLinking CXX executable debug_vect_advertiser[0m
[4.982s] [ 58%] Built target debug_vect_advertiser
[5.379s] [ 66%] [32m[1mLinking CXX executable offboard_control[0m
[5.596s] [ 66%] Built target offboard_control
[6.198s] [ 75%] [32m[1mLinking CXX executable offboard_control_srv[0m
[6.391s] [ 75%] Built target offboard_control_srv
[7.208s] [ 83%] [32m[1mLinking CXX shared library libframe_transforms.so[0m
[7.405s] [ 83%] Built target frame_transforms
[8.010s] [ 91%] [32m[1mLinking CXX executable vehicle_gps_position_listener[0m
[8.042s] [100%] [32m[1mLinking CXX executable sensor_combined_listener[0m
[8.297s] [100%] Built target vehicle_gps_position_listener
[8.325s] [100%] Built target sensor_combined_listener
[8.333s] Invoked command in '/home/acdl1/ws_all/ws_px4_controls/build/px4_ros_com' returned '0': AMENT_PREFIX_PATH=/home/acdl1/ws_all/ws_px4_controls/install/px4_msgs:${AMENT_PREFIX_PATH} CMAKE_PREFIX_PATH=/home/acdl1/ws_all/ws_px4_controls/install/px4_msgs:/opt/ros/humble LD_LIBRARY_PATH=/home/acdl1/ws_all/ws_px4_controls/install/px4_msgs/lib:${LD_LIBRARY_PATH} PYTHONPATH=/home/acdl1/ws_all/ws_px4_controls/install/px4_msgs/local/lib/python3.10/dist-packages:${PYTHONPATH} /usr/bin/cmake --build /home/acdl1/ws_all/ws_px4_controls/build/px4_ros_com -- -j16 -l16
[8.334s] Invoking command in '/home/acdl1/ws_all/ws_px4_controls/build/px4_ros_com': AMENT_PREFIX_PATH=/home/acdl1/ws_all/ws_px4_controls/install/px4_msgs:${AMENT_PREFIX_PATH} CMAKE_PREFIX_PATH=/home/acdl1/ws_all/ws_px4_controls/install/px4_msgs:/opt/ros/humble LD_LIBRARY_PATH=/home/acdl1/ws_all/ws_px4_controls/install/px4_msgs/lib:${LD_LIBRARY_PATH} PYTHONPATH=/home/acdl1/ws_all/ws_px4_controls/install/px4_msgs/local/lib/python3.10/dist-packages:${PYTHONPATH} /usr/bin/cmake --install /home/acdl1/ws_all/ws_px4_controls/build/px4_ros_com
[8.338s] -- Install configuration: ""
[8.338s] -- Installing: /home/acdl1/ws_all/ws_px4_controls/install/px4_ros_com/lib/px4_ros_com/sensor_combined_listener
[8.340s] -- Set runtime path of "/home/acdl1/ws_all/ws_px4_controls/install/px4_ros_com/lib/px4_ros_com/sensor_combined_listener" to ""
[8.340s] -- Installing: /home/acdl1/ws_all/ws_px4_controls/install/px4_ros_com/lib/px4_ros_com/vehicle_gps_position_listener
[8.342s] -- Set runtime path of "/home/acdl1/ws_all/ws_px4_controls/install/px4_ros_com/lib/px4_ros_com/vehicle_gps_position_listener" to ""
[8.342s] -- Installing: /home/acdl1/ws_all/ws_px4_controls/install/px4_ros_com/lib/px4_ros_com/debug_vect_advertiser
[8.342s] -- Set runtime path of "/home/acdl1/ws_all/ws_px4_controls/install/px4_ros_com/lib/px4_ros_com/debug_vect_advertiser" to ""
[8.342s] -- Installing: /home/acdl1/ws_all/ws_px4_controls/install/px4_ros_com/lib/px4_ros_com/offboard_control
[8.343s] -- Set runtime path of "/home/acdl1/ws_all/ws_px4_controls/install/px4_ros_com/lib/px4_ros_com/offboard_control" to ""
[8.343s] -- Installing: /home/acdl1/ws_all/ws_px4_controls/install/px4_ros_com/lib/px4_ros_com/offboard_control_srv
[8.344s] -- Set runtime path of "/home/acdl1/ws_all/ws_px4_controls/install/px4_ros_com/lib/px4_ros_com/offboard_control_srv" to ""
[8.344s] -- Installing: /home/acdl1/ws_all/ws_px4_controls/install/px4_ros_com/share/px4_ros_com/environment/library_path.sh
[8.344s] -- Installing: /home/acdl1/ws_all/ws_px4_controls/install/px4_ros_com/share/px4_ros_com/environment/library_path.dsv
[8.344s] -- Installing: /home/acdl1/ws_all/ws_px4_controls/install/px4_ros_com/include/px4_ros_com
[8.344s] -- Installing: /home/acdl1/ws_all/ws_px4_controls/install/px4_ros_com/include/px4_ros_com/frame_transforms.h
[8.344s] -- Installing: /home/acdl1/ws_all/ws_px4_controls/install/px4_ros_com/lib/libframe_transforms.so
[8.346s] -- Set runtime path of "/home/acdl1/ws_all/ws_px4_controls/install/px4_ros_com/lib/libframe_transforms.so" to ""
[8.346s] -- Installing: /home/acdl1/ws_all/ws_px4_controls/install/px4_ros_com/share/px4_ros_com//launch
[8.346s] -- Installing: /home/acdl1/ws_all/ws_px4_controls/install/px4_ros_com/share/px4_ros_com//launch/sensor_combined_listener.launch.py
[8.346s] -- Installing: /home/acdl1/ws_all/ws_px4_controls/install/px4_ros_com/share/px4_ros_com//launch/offboard_control_launch.yaml
[8.347s] -- Installing: /home/acdl1/ws_all/ws_px4_controls/install/px4_ros_com/share/px4_ros_com//test
[8.347s] -- Installing: /home/acdl1/ws_all/ws_px4_controls/install/px4_ros_com/share/px4_ros_com//test/test_output.py
[8.347s] -- Installing: /home/acdl1/ws_all/ws_px4_controls/install/px4_ros_com/share/px4_ros_com//test/test_input.py
[8.347s] -- Installing: /home/acdl1/ws_all/ws_px4_controls/install/px4_ros_com/share/px4_ros_com//test/pipeline_io_test.py
[8.347s] -- Installing: /home/acdl1/ws_all/ws_px4_controls/install/px4_ros_com/share/px4_ros_com//test/__init__.py
[8.347s] -- Installing: /home/acdl1/ws_all/ws_px4_controls/install/px4_ros_com/share/px4_ros_com/environment/pythonpath.sh
[8.347s] -- Installing: /home/acdl1/ws_all/ws_px4_controls/install/px4_ros_com/share/px4_ros_com/environment/pythonpath.dsv
[8.347s] -- Installing: /home/acdl1/ws_all/ws_px4_controls/install/px4_ros_com/local/lib/python3.10/dist-packages/px4_ros_com-0.1.0-py3.10.egg-info
[8.347s] -- Installing: /home/acdl1/ws_all/ws_px4_controls/install/px4_ros_com/local/lib/python3.10/dist-packages/px4_ros_com-0.1.0-py3.10.egg-info/SOURCES.txt
[8.347s] -- Installing: /home/acdl1/ws_all/ws_px4_controls/install/px4_ros_com/local/lib/python3.10/dist-packages/px4_ros_com-0.1.0-py3.10.egg-info/PKG-INFO
[8.347s] -- Installing: /home/acdl1/ws_all/ws_px4_controls/install/px4_ros_com/local/lib/python3.10/dist-packages/px4_ros_com-0.1.0-py3.10.egg-info/dependency_links.txt
[8.347s] -- Installing: /home/acdl1/ws_all/ws_px4_controls/install/px4_ros_com/local/lib/python3.10/dist-packages/px4_ros_com-0.1.0-py3.10.egg-info/top_level.txt
[8.347s] -- Installing: /home/acdl1/ws_all/ws_px4_controls/install/px4_ros_com/local/lib/python3.10/dist-packages/px4_ros_com
[8.347s] -- Installing: /home/acdl1/ws_all/ws_px4_controls/install/px4_ros_com/local/lib/python3.10/dist-packages/px4_ros_com/module_to_import.py
[8.347s] -- Installing: /home/acdl1/ws_all/ws_px4_controls/install/px4_ros_com/local/lib/python3.10/dist-packages/px4_ros_com/__init__.py
[8.370s] Listing '/home/acdl1/ws_all/ws_px4_controls/install/px4_ros_com/local/lib/python3.10/dist-packages/px4_ros_com'...
[8.370s] Compiling '/home/acdl1/ws_all/ws_px4_controls/install/px4_ros_com/local/lib/python3.10/dist-packages/px4_ros_com/__init__.py'...
[8.370s] Compiling '/home/acdl1/ws_all/ws_px4_controls/install/px4_ros_com/local/lib/python3.10/dist-packages/px4_ros_com/module_to_import.py'...
[8.373s] -- Installing: /home/acdl1/ws_all/ws_px4_controls/install/px4_ros_com/lib/px4_ros_com/offboard_control.py
[8.374s] -- Installing: /home/acdl1/ws_all/ws_px4_controls/install/px4_ros_com/share/ament_index/resource_index/package_run_dependencies/px4_ros_com
[8.374s] -- Installing: /home/acdl1/ws_all/ws_px4_controls/install/px4_ros_com/share/ament_index/resource_index/parent_prefix_path/px4_ros_com
[8.374s] -- Installing: /home/acdl1/ws_all/ws_px4_controls/install/px4_ros_com/share/px4_ros_com/environment/ament_prefix_path.sh
[8.374s] -- Installing: /home/acdl1/ws_all/ws_px4_controls/install/px4_ros_com/share/px4_ros_com/environment/ament_prefix_path.dsv
[8.374s] -- Installing: /home/acdl1/ws_all/ws_px4_controls/install/px4_ros_com/share/px4_ros_com/environment/path.sh
[8.374s] -- Installing: /home/acdl1/ws_all/ws_px4_controls/install/px4_ros_com/share/px4_ros_com/environment/path.dsv
[8.374s] -- Installing: /home/acdl1/ws_all/ws_px4_controls/install/px4_ros_com/share/px4_ros_com/local_setup.bash
[8.374s] -- Installing: /home/acdl1/ws_all/ws_px4_controls/install/px4_ros_com/share/px4_ros_com/local_setup.sh
[8.374s] -- Installing: /home/acdl1/ws_all/ws_px4_controls/install/px4_ros_com/share/px4_ros_com/local_setup.zsh
[8.374s] -- Installing: /home/acdl1/ws_all/ws_px4_controls/install/px4_ros_com/share/px4_ros_com/local_setup.dsv
[8.374s] -- Installing: /home/acdl1/ws_all/ws_px4_controls/install/px4_ros_com/share/px4_ros_com/package.dsv
[8.374s] -- Installing: /home/acdl1/ws_all/ws_px4_controls/install/px4_ros_com/share/ament_index/resource_index/packages/px4_ros_com
[8.374s] -- Installing: /home/acdl1/ws_all/ws_px4_controls/install/px4_ros_com/share/px4_ros_com/cmake/export_frame_transformsExport.cmake
[8.375s] -- Installing: /home/acdl1/ws_all/ws_px4_controls/install/px4_ros_com/share/px4_ros_com/cmake/export_frame_transformsExport-noconfig.cmake
[8.375s] -- Installing: /home/acdl1/ws_all/ws_px4_controls/install/px4_ros_com/share/px4_ros_com/cmake/ament_cmake_export_dependencies-extras.cmake
[8.375s] -- Installing: /home/acdl1/ws_all/ws_px4_controls/install/px4_ros_com/share/px4_ros_com/cmake/ament_cmake_export_targets-extras.cmake
[8.375s] -- Installing: /home/acdl1/ws_all/ws_px4_controls/install/px4_ros_com/share/px4_ros_com/cmake/ament_cmake_export_include_directories-extras.cmake
[8.375s] -- Installing: /home/acdl1/ws_all/ws_px4_controls/install/px4_ros_com/share/px4_ros_com/cmake/ament_cmake_export_libraries-extras.cmake
[8.375s] -- Installing: /home/acdl1/ws_all/ws_px4_controls/install/px4_ros_com/share/px4_ros_com/cmake/px4_ros_comConfig.cmake
[8.375s] -- Installing: /home/acdl1/ws_all/ws_px4_controls/install/px4_ros_com/share/px4_ros_com/cmake/px4_ros_comConfig-version.cmake
[8.375s] -- Installing: /home/acdl1/ws_all/ws_px4_controls/install/px4_ros_com/share/px4_ros_com/package.xml
[8.377s] Invoked command in '/home/acdl1/ws_all/ws_px4_controls/build/px4_ros_com' returned '0': AMENT_PREFIX_PATH=/home/acdl1/ws_all/ws_px4_controls/install/px4_msgs:${AMENT_PREFIX_PATH} CMAKE_PREFIX_PATH=/home/acdl1/ws_all/ws_px4_controls/install/px4_msgs:/opt/ros/humble LD_LIBRARY_PATH=/home/acdl1/ws_all/ws_px4_controls/install/px4_msgs/lib:${LD_LIBRARY_PATH} PYTHONPATH=/home/acdl1/ws_all/ws_px4_controls/install/px4_msgs/local/lib/python3.10/dist-packages:${PYTHONPATH} /usr/bin/cmake --install /home/acdl1/ws_all/ws_px4_controls/build/px4_ros_com
