[0.095s] DEBUG:colcon:Command line arguments: ['/usr/bin/colcon', 'build', '--packages-select', 'px4_ros_com']
[0.095s] DEBUG:colcon:Parsed command line arguments: Namespace(log_base=None, log_level=None, verb_name='build', build_base='build', install_base='install', merge_install=False, symlink_install=False, test_result_base=None, continue_on_error=False, executor='parallel', parallel_workers=20, event_handlers=None, ignore_user_meta=False, metas=['./colcon.meta'], base_paths=['.'], packages_ignore=None, packages_ignore_regex=None, paths=None, packages_up_to=None, packages_up_to_regex=None, packages_above=None, packages_above_and_dependencies=None, packages_above_depth=None, packages_select_by_dep=None, packages_skip_by_dep=None, packages_skip_up_to=None, packages_select_build_failed=False, packages_skip_build_finished=False, packages_select_test_failures=False, packages_skip_test_passed=False, packages_select=['px4_ros_com'], packages_skip=None, packages_select_regex=None, packages_skip_regex=None, packages_start=None, packages_end=None, allow_overriding=[], cmake_args=None, cmake_target=None, cmake_target_skip_unavailable=False, cmake_clean_cache=False, cmake_clean_first=False, cmake_force_configure=False, ament_cmake_args=None, catkin_cmake_args=None, catkin_skip_building_tests=False, mixin_files=None, mixin=None, verb_parser=<colcon_mixin.mixin.mixin_argument.MixinArgumentDecorator object at 0x71f03f140370>, verb_extension=<colcon_core.verb.build.BuildVerb object at 0x71f03f234b80>, main=<bound method BuildVerb.main of <colcon_core.verb.build.BuildVerb object at 0x71f03f234b80>>, mixin_verb=('build',))
[0.219s] Level 1:colcon.colcon_core.package_discovery:discover_packages(colcon_meta) check parameters
[0.219s] Level 1:colcon.colcon_core.package_discovery:discover_packages(recursive) check parameters
[0.219s] Level 1:colcon.colcon_core.package_discovery:discover_packages(ignore) check parameters
[0.219s] Level 1:colcon.colcon_core.package_discovery:discover_packages(path) check parameters
[0.219s] Level 1:colcon.colcon_core.package_discovery:discover_packages(colcon_meta) discover
[0.219s] Level 1:colcon.colcon_core.package_discovery:discover_packages(recursive) discover
[0.219s] INFO:colcon.colcon_core.package_discovery:Crawling recursively for packages in '/home/jmj/ws_all/ws_px4_controls'
[0.219s] Level 1:colcon.colcon_core.package_identification:_identify(.) by extensions ['ignore', 'ignore_ament_install']
[0.219s] Level 1:colcon.colcon_core.package_identification:_identify(.) by extension 'ignore'
[0.219s] Level 1:colcon.colcon_core.package_identification:_identify(.) by extension 'ignore_ament_install'
[0.219s] Level 1:colcon.colcon_core.package_identification:_identify(.) by extensions ['colcon_pkg']
[0.219s] Level 1:colcon.colcon_core.package_identification:_identify(.) by extension 'colcon_pkg'
[0.219s] Level 1:colcon.colcon_core.package_identification:_identify(.) by extensions ['colcon_meta']
[0.219s] Level 1:colcon.colcon_core.package_identification:_identify(.) by extension 'colcon_meta'
[0.219s] Level 1:colcon.colcon_core.package_identification:_identify(.) by extensions ['ros']
[0.219s] Level 1:colcon.colcon_core.package_identification:_identify(.) by extension 'ros'
[0.232s] Level 1:colcon.colcon_core.package_identification:_identify(.) by extensions ['cmake', 'python']
[0.232s] Level 1:colcon.colcon_core.package_identification:_identify(.) by extension 'cmake'
[0.232s] Level 1:colcon.colcon_core.package_identification:_identify(.) by extension 'python'
[0.232s] Level 1:colcon.colcon_core.package_identification:_identify(.) by extensions ['python_setup_py']
[0.232s] Level 1:colcon.colcon_core.package_identification:_identify(.) by extension 'python_setup_py'
[0.232s] Level 1:colcon.colcon_core.package_identification:_identify(build) by extensions ['ignore', 'ignore_ament_install']
[0.232s] Level 1:colcon.colcon_core.package_identification:_identify(build) by extension 'ignore'
[0.232s] Level 1:colcon.colcon_core.package_identification:_identify(build) ignored
[0.232s] Level 1:colcon.colcon_core.package_identification:_identify(install) by extensions ['ignore', 'ignore_ament_install']
[0.232s] Level 1:colcon.colcon_core.package_identification:_identify(install) by extension 'ignore'
[0.232s] Level 1:colcon.colcon_core.package_identification:_identify(install) ignored
[0.232s] Level 1:colcon.colcon_core.package_identification:_identify(log) by extensions ['ignore', 'ignore_ament_install']
[0.232s] Level 1:colcon.colcon_core.package_identification:_identify(log) by extension 'ignore'
[0.232s] Level 1:colcon.colcon_core.package_identification:_identify(log) ignored
[0.232s] Level 1:colcon.colcon_core.package_identification:_identify(src) by extensions ['ignore', 'ignore_ament_install']
[0.232s] Level 1:colcon.colcon_core.package_identification:_identify(src) by extension 'ignore'
[0.232s] Level 1:colcon.colcon_core.package_identification:_identify(src) by extension 'ignore_ament_install'
[0.232s] Level 1:colcon.colcon_core.package_identification:_identify(src) by extensions ['colcon_pkg']
[0.232s] Level 1:colcon.colcon_core.package_identification:_identify(src) by extension 'colcon_pkg'
[0.233s] Level 1:colcon.colcon_core.package_identification:_identify(src) by extensions ['colcon_meta']
[0.233s] Level 1:colcon.colcon_core.package_identification:_identify(src) by extension 'colcon_meta'
[0.233s] Level 1:colcon.colcon_core.package_identification:_identify(src) by extensions ['ros']
[0.233s] Level 1:colcon.colcon_core.package_identification:_identify(src) by extension 'ros'
[0.233s] Level 1:colcon.colcon_core.package_identification:_identify(src) by extensions ['cmake', 'python']
[0.233s] Level 1:colcon.colcon_core.package_identification:_identify(src) by extension 'cmake'
[0.233s] Level 1:colcon.colcon_core.package_identification:_identify(src) by extension 'python'
[0.233s] Level 1:colcon.colcon_core.package_identification:_identify(src) by extensions ['python_setup_py']
[0.233s] Level 1:colcon.colcon_core.package_identification:_identify(src) by extension 'python_setup_py'
[0.233s] Level 1:colcon.colcon_core.package_identification:_identify(src/px4_msgs) by extensions ['ignore', 'ignore_ament_install']
[0.233s] Level 1:colcon.colcon_core.package_identification:_identify(src/px4_msgs) by extension 'ignore'
[0.233s] Level 1:colcon.colcon_core.package_identification:_identify(src/px4_msgs) by extension 'ignore_ament_install'
[0.233s] Level 1:colcon.colcon_core.package_identification:_identify(src/px4_msgs) by extensions ['colcon_pkg']
[0.233s] Level 1:colcon.colcon_core.package_identification:_identify(src/px4_msgs) by extension 'colcon_pkg'
[0.233s] Level 1:colcon.colcon_core.package_identification:_identify(src/px4_msgs) by extensions ['colcon_meta']
[0.233s] Level 1:colcon.colcon_core.package_identification:_identify(src/px4_msgs) by extension 'colcon_meta'
[0.233s] Level 1:colcon.colcon_core.package_identification:_identify(src/px4_msgs) by extensions ['ros']
[0.233s] Level 1:colcon.colcon_core.package_identification:_identify(src/px4_msgs) by extension 'ros'
[0.236s] DEBUG:colcon.colcon_core.package_identification:Package 'src/px4_msgs' with type 'ros.ament_cmake' and name 'px4_msgs'
[0.236s] Level 1:colcon.colcon_core.package_identification:_identify(src/px4_ros_com) by extensions ['ignore', 'ignore_ament_install']
[0.236s] Level 1:colcon.colcon_core.package_identification:_identify(src/px4_ros_com) by extension 'ignore'
[0.236s] Level 1:colcon.colcon_core.package_identification:_identify(src/px4_ros_com) by extension 'ignore_ament_install'
[0.236s] Level 1:colcon.colcon_core.package_identification:_identify(src/px4_ros_com) by extensions ['colcon_pkg']
[0.236s] Level 1:colcon.colcon_core.package_identification:_identify(src/px4_ros_com) by extension 'colcon_pkg'
[0.236s] Level 1:colcon.colcon_core.package_identification:_identify(src/px4_ros_com) by extensions ['colcon_meta']
[0.236s] Level 1:colcon.colcon_core.package_identification:_identify(src/px4_ros_com) by extension 'colcon_meta'
[0.237s] Level 1:colcon.colcon_core.package_identification:_identify(src/px4_ros_com) by extensions ['ros']
[0.237s] Level 1:colcon.colcon_core.package_identification:_identify(src/px4_ros_com) by extension 'ros'
[0.238s] DEBUG:colcon.colcon_core.package_identification:Package 'src/px4_ros_com' with type 'ros.ament_cmake' and name 'px4_ros_com'
[0.238s] Level 1:colcon.colcon_core.package_identification:_identify(src/uav_controller_pkg) by extensions ['ignore', 'ignore_ament_install']
[0.238s] Level 1:colcon.colcon_core.package_identification:_identify(src/uav_controller_pkg) by extension 'ignore'
[0.238s] Level 1:colcon.colcon_core.package_identification:_identify(src/uav_controller_pkg) by extension 'ignore_ament_install'
[0.238s] Level 1:colcon.colcon_core.package_identification:_identify(src/uav_controller_pkg) by extensions ['colcon_pkg']
[0.238s] Level 1:colcon.colcon_core.package_identification:_identify(src/uav_controller_pkg) by extension 'colcon_pkg'
[0.238s] Level 1:colcon.colcon_core.package_identification:_identify(src/uav_controller_pkg) by extensions ['colcon_meta']
[0.238s] Level 1:colcon.colcon_core.package_identification:_identify(src/uav_controller_pkg) by extension 'colcon_meta'
[0.238s] Level 1:colcon.colcon_core.package_identification:_identify(src/uav_controller_pkg) by extensions ['ros']
[0.238s] Level 1:colcon.colcon_core.package_identification:_identify(src/uav_controller_pkg) by extension 'ros'
[0.238s] DEBUG:colcon.colcon_core.package_identification:Package 'src/uav_controller_pkg' with type 'ros.ament_cmake' and name 'uav_controller_pkg'
[0.238s] Level 1:colcon.colcon_core.package_discovery:discover_packages(recursive) using defaults
[0.238s] Level 1:colcon.colcon_core.package_discovery:discover_packages(ignore) discover
[0.238s] Level 1:colcon.colcon_core.package_discovery:discover_packages(ignore) using defaults
[0.238s] Level 1:colcon.colcon_core.package_discovery:discover_packages(path) discover
[0.239s] Level 1:colcon.colcon_core.package_discovery:discover_packages(path) using defaults
[0.256s] INFO:colcon.colcon_core.package_selection:Skipping not selected package 'px4_msgs' in 'src/px4_msgs'
[0.256s] INFO:colcon.colcon_core.package_selection:Skipping not selected package 'uav_controller_pkg' in 'src/uav_controller_pkg'
[0.256s] Level 1:colcon.colcon_core.package_discovery:discover_packages(prefix_path) check parameters
[0.256s] Level 1:colcon.colcon_core.package_discovery:discover_packages(prefix_path) discover
[0.258s] DEBUG:colcon.colcon_installed_package_information.package_discovery:Found 3 installed packages in /home/jmj/ws_all/ws_px4_controls/install
[0.259s] DEBUG:colcon.colcon_installed_package_information.package_discovery:Found 367 installed packages in /opt/ros/humble
[0.260s] Level 1:colcon.colcon_core.package_discovery:discover_packages(prefix_path) using defaults
[0.290s] Level 5:colcon.colcon_core.verb:set package 'px4_ros_com' build argument 'cmake_args' from command line to 'None'
[0.291s] Level 5:colcon.colcon_core.verb:set package 'px4_ros_com' build argument 'cmake_target' from command line to 'None'
[0.291s] Level 5:colcon.colcon_core.verb:set package 'px4_ros_com' build argument 'cmake_target_skip_unavailable' from command line to 'False'
[0.291s] Level 5:colcon.colcon_core.verb:set package 'px4_ros_com' build argument 'cmake_clean_cache' from command line to 'False'
[0.291s] Level 5:colcon.colcon_core.verb:set package 'px4_ros_com' build argument 'cmake_clean_first' from command line to 'False'
[0.291s] Level 5:colcon.colcon_core.verb:set package 'px4_ros_com' build argument 'cmake_force_configure' from command line to 'False'
[0.291s] Level 5:colcon.colcon_core.verb:set package 'px4_ros_com' build argument 'ament_cmake_args' from command line to 'None'
[0.291s] Level 5:colcon.colcon_core.verb:set package 'px4_ros_com' build argument 'catkin_cmake_args' from command line to 'None'
[0.291s] Level 5:colcon.colcon_core.verb:set package 'px4_ros_com' build argument 'catkin_skip_building_tests' from command line to 'False'
[0.291s] DEBUG:colcon.colcon_core.verb:Building package 'px4_ros_com' with the following arguments: {'ament_cmake_args': None, 'build_base': '/home/jmj/ws_all/ws_px4_controls/build/px4_ros_com', 'catkin_cmake_args': None, 'catkin_skip_building_tests': False, 'cmake_args': None, 'cmake_clean_cache': False, 'cmake_clean_first': False, 'cmake_force_configure': False, 'cmake_target': None, 'cmake_target_skip_unavailable': False, 'install_base': '/home/jmj/ws_all/ws_px4_controls/install/px4_ros_com', 'merge_install': False, 'path': '/home/jmj/ws_all/ws_px4_controls/src/px4_ros_com', 'symlink_install': False, 'test_result_base': None}
[0.291s] INFO:colcon.colcon_core.executor:Executing jobs using 'parallel' executor
[0.292s] DEBUG:colcon.colcon_parallel_executor.executor.parallel:run_until_complete
[0.292s] INFO:colcon.colcon_ros.task.ament_cmake.build:Building ROS package in '/home/jmj/ws_all/ws_px4_controls/src/px4_ros_com' with build type 'ament_cmake'
[0.292s] INFO:colcon.colcon_cmake.task.cmake.build:Building CMake package in '/home/jmj/ws_all/ws_px4_controls/src/px4_ros_com'
[0.294s] INFO:colcon.colcon_core.plugin_system:Skipping extension 'colcon_core.shell.bat': Not used on non-Windows systems
[0.294s] INFO:colcon.colcon_core.shell:Skip shell extension 'powershell' for command environment: Not usable outside of PowerShell
[0.294s] DEBUG:colcon.colcon_core.shell:Skip shell extension 'dsv' for command environment
[0.304s] DEBUG:colcon.colcon_core.event_handler.log_command:Invoking command in '/home/jmj/ws_all/ws_px4_controls/build/px4_ros_com': CMAKE_PREFIX_PATH=/home/jmj/ws_all/ws_px4_controls/install/px4_msgs:/home/jmj/ws_all/ws_px4_controls/install/uav_controller_pkg:/home/jmj/ws_all/ws_px4_controls/install/px4_ros_com:/opt/ros/humble LD_LIBRARY_PATH=/home/jmj/ws_all/ws_px4_controls/install/px4_msgs/lib:/home/jmj/ws_all/ws_px4_controls/install/px4_ros_com/lib:/opt/ros/humble/opt/rviz_ogre_vendor/lib:/opt/ros/humble/lib/x86_64-linux-gnu:/opt/ros/humble/lib:/usr/local/cuda/lib64 /usr/bin/cmake --build /home/jmj/ws_all/ws_px4_controls/build/px4_ros_com -- -j20 -l20
[0.590s] DEBUG:colcon.colcon_core.event_handler.log_command:Invoked command in '/home/jmj/ws_all/ws_px4_controls/build/px4_ros_com' returned '0': CMAKE_PREFIX_PATH=/home/jmj/ws_all/ws_px4_controls/install/px4_msgs:/home/jmj/ws_all/ws_px4_controls/install/uav_controller_pkg:/home/jmj/ws_all/ws_px4_controls/install/px4_ros_com:/opt/ros/humble LD_LIBRARY_PATH=/home/jmj/ws_all/ws_px4_controls/install/px4_msgs/lib:/home/jmj/ws_all/ws_px4_controls/install/px4_ros_com/lib:/opt/ros/humble/opt/rviz_ogre_vendor/lib:/opt/ros/humble/lib/x86_64-linux-gnu:/opt/ros/humble/lib:/usr/local/cuda/lib64 /usr/bin/cmake --build /home/jmj/ws_all/ws_px4_controls/build/px4_ros_com -- -j20 -l20
[0.601s] DEBUG:colcon.colcon_core.event_handler.log_command:Invoking command in '/home/jmj/ws_all/ws_px4_controls/build/px4_ros_com': CMAKE_PREFIX_PATH=/home/jmj/ws_all/ws_px4_controls/install/px4_msgs:/home/jmj/ws_all/ws_px4_controls/install/uav_controller_pkg:/home/jmj/ws_all/ws_px4_controls/install/px4_ros_com:/opt/ros/humble LD_LIBRARY_PATH=/home/jmj/ws_all/ws_px4_controls/install/px4_msgs/lib:/home/jmj/ws_all/ws_px4_controls/install/px4_ros_com/lib:/opt/ros/humble/opt/rviz_ogre_vendor/lib:/opt/ros/humble/lib/x86_64-linux-gnu:/opt/ros/humble/lib:/usr/local/cuda/lib64 /usr/bin/cmake --install /home/jmj/ws_all/ws_px4_controls/build/px4_ros_com
[0.640s] Level 1:colcon.colcon_core.environment:create_environment_scripts_only(px4_ros_com)
[0.640s] DEBUG:colcon.colcon_core.event_handler.log_command:Invoked command in '/home/jmj/ws_all/ws_px4_controls/build/px4_ros_com' returned '0': CMAKE_PREFIX_PATH=/home/jmj/ws_all/ws_px4_controls/install/px4_msgs:/home/jmj/ws_all/ws_px4_controls/install/uav_controller_pkg:/home/jmj/ws_all/ws_px4_controls/install/px4_ros_com:/opt/ros/humble LD_LIBRARY_PATH=/home/jmj/ws_all/ws_px4_controls/install/px4_msgs/lib:/home/jmj/ws_all/ws_px4_controls/install/px4_ros_com/lib:/opt/ros/humble/opt/rviz_ogre_vendor/lib:/opt/ros/humble/lib/x86_64-linux-gnu:/opt/ros/humble/lib:/usr/local/cuda/lib64 /usr/bin/cmake --install /home/jmj/ws_all/ws_px4_controls/build/px4_ros_com
[0.643s] Level 1:colcon.colcon_core.environment:checking '/home/jmj/ws_all/ws_px4_controls/install/px4_ros_com' for CMake module files
[0.643s] Level 1:colcon.colcon_core.environment:checking '/home/jmj/ws_all/ws_px4_controls/install/px4_ros_com' for CMake config files
[0.643s] Level 1:colcon.colcon_core.shell:create_environment_hook('px4_ros_com', 'cmake_prefix_path')
[0.644s] INFO:colcon.colcon_core.shell:Creating environment hook '/home/jmj/ws_all/ws_px4_controls/install/px4_ros_com/share/px4_ros_com/hook/cmake_prefix_path.ps1'
[0.644s] INFO:colcon.colcon_core.shell:Creating environment descriptor '/home/jmj/ws_all/ws_px4_controls/install/px4_ros_com/share/px4_ros_com/hook/cmake_prefix_path.dsv'
[0.644s] INFO:colcon.colcon_core.shell:Creating environment hook '/home/jmj/ws_all/ws_px4_controls/install/px4_ros_com/share/px4_ros_com/hook/cmake_prefix_path.sh'
[0.645s] Level 1:colcon.colcon_core.environment:checking '/home/jmj/ws_all/ws_px4_controls/install/px4_ros_com/lib'
[0.645s] Level 1:colcon.colcon_core.shell:create_environment_hook('px4_ros_com', 'ld_library_path_lib')
[0.645s] INFO:colcon.colcon_core.shell:Creating environment hook '/home/jmj/ws_all/ws_px4_controls/install/px4_ros_com/share/px4_ros_com/hook/ld_library_path_lib.ps1'
[0.646s] INFO:colcon.colcon_core.shell:Creating environment descriptor '/home/jmj/ws_all/ws_px4_controls/install/px4_ros_com/share/px4_ros_com/hook/ld_library_path_lib.dsv'
[0.646s] INFO:colcon.colcon_core.shell:Creating environment hook '/home/jmj/ws_all/ws_px4_controls/install/px4_ros_com/share/px4_ros_com/hook/ld_library_path_lib.sh'
[0.646s] Level 1:colcon.colcon_core.environment:checking '/home/jmj/ws_all/ws_px4_controls/install/px4_ros_com/bin'
[0.646s] Level 1:colcon.colcon_core.environment:checking '/home/jmj/ws_all/ws_px4_controls/install/px4_ros_com/lib/pkgconfig/px4_ros_com.pc'
[0.646s] Level 1:colcon.colcon_core.environment:checking '/home/jmj/ws_all/ws_px4_controls/install/px4_ros_com/lib/python3.10/site-packages'
[0.647s] Level 1:colcon.colcon_core.environment:checking '/home/jmj/ws_all/ws_px4_controls/install/px4_ros_com/bin'
[0.647s] INFO:colcon.colcon_core.shell:Creating package script '/home/jmj/ws_all/ws_px4_controls/install/px4_ros_com/share/px4_ros_com/package.ps1'
[0.647s] INFO:colcon.colcon_core.shell:Creating package descriptor '/home/jmj/ws_all/ws_px4_controls/install/px4_ros_com/share/px4_ros_com/package.dsv'
[0.648s] INFO:colcon.colcon_core.shell:Creating package script '/home/jmj/ws_all/ws_px4_controls/install/px4_ros_com/share/px4_ros_com/package.sh'
[0.648s] INFO:colcon.colcon_core.shell:Creating package script '/home/jmj/ws_all/ws_px4_controls/install/px4_ros_com/share/px4_ros_com/package.bash'
[0.649s] INFO:colcon.colcon_core.shell:Creating package script '/home/jmj/ws_all/ws_px4_controls/install/px4_ros_com/share/px4_ros_com/package.zsh'
[0.649s] Level 1:colcon.colcon_core.environment:create_file_with_runtime_dependencies(/home/jmj/ws_all/ws_px4_controls/install/px4_ros_com/share/colcon-core/packages/px4_ros_com)
[0.650s] Level 1:colcon.colcon_core.environment:create_environment_scripts_only(px4_ros_com)
[0.650s] Level 1:colcon.colcon_core.environment:checking '/home/jmj/ws_all/ws_px4_controls/install/px4_ros_com' for CMake module files
[0.650s] Level 1:colcon.colcon_core.environment:checking '/home/jmj/ws_all/ws_px4_controls/install/px4_ros_com' for CMake config files
[0.650s] Level 1:colcon.colcon_core.shell:create_environment_hook('px4_ros_com', 'cmake_prefix_path')
[0.651s] INFO:colcon.colcon_core.shell:Creating environment hook '/home/jmj/ws_all/ws_px4_controls/install/px4_ros_com/share/px4_ros_com/hook/cmake_prefix_path.ps1'
[0.651s] INFO:colcon.colcon_core.shell:Creating environment descriptor '/home/jmj/ws_all/ws_px4_controls/install/px4_ros_com/share/px4_ros_com/hook/cmake_prefix_path.dsv'
[0.651s] INFO:colcon.colcon_core.shell:Creating environment hook '/home/jmj/ws_all/ws_px4_controls/install/px4_ros_com/share/px4_ros_com/hook/cmake_prefix_path.sh'
[0.651s] Level 1:colcon.colcon_core.environment:checking '/home/jmj/ws_all/ws_px4_controls/install/px4_ros_com/lib'
[0.651s] Level 1:colcon.colcon_core.shell:create_environment_hook('px4_ros_com', 'ld_library_path_lib')
[0.652s] INFO:colcon.colcon_core.shell:Creating environment hook '/home/jmj/ws_all/ws_px4_controls/install/px4_ros_com/share/px4_ros_com/hook/ld_library_path_lib.ps1'
[0.652s] INFO:colcon.colcon_core.shell:Creating environment descriptor '/home/jmj/ws_all/ws_px4_controls/install/px4_ros_com/share/px4_ros_com/hook/ld_library_path_lib.dsv'
[0.652s] INFO:colcon.colcon_core.shell:Creating environment hook '/home/jmj/ws_all/ws_px4_controls/install/px4_ros_com/share/px4_ros_com/hook/ld_library_path_lib.sh'
[0.652s] Level 1:colcon.colcon_core.environment:checking '/home/jmj/ws_all/ws_px4_controls/install/px4_ros_com/bin'
[0.652s] Level 1:colcon.colcon_core.environment:checking '/home/jmj/ws_all/ws_px4_controls/install/px4_ros_com/lib/pkgconfig/px4_ros_com.pc'
[0.652s] Level 1:colcon.colcon_core.environment:checking '/home/jmj/ws_all/ws_px4_controls/install/px4_ros_com/lib/python3.10/site-packages'
[0.653s] Level 1:colcon.colcon_core.environment:checking '/home/jmj/ws_all/ws_px4_controls/install/px4_ros_com/bin'
[0.653s] INFO:colcon.colcon_core.shell:Creating package script '/home/jmj/ws_all/ws_px4_controls/install/px4_ros_com/share/px4_ros_com/package.ps1'
[0.653s] INFO:colcon.colcon_core.shell:Creating package descriptor '/home/jmj/ws_all/ws_px4_controls/install/px4_ros_com/share/px4_ros_com/package.dsv'
[0.653s] INFO:colcon.colcon_core.shell:Creating package script '/home/jmj/ws_all/ws_px4_controls/install/px4_ros_com/share/px4_ros_com/package.sh'
[0.654s] INFO:colcon.colcon_core.shell:Creating package script '/home/jmj/ws_all/ws_px4_controls/install/px4_ros_com/share/px4_ros_com/package.bash'
[0.654s] INFO:colcon.colcon_core.shell:Creating package script '/home/jmj/ws_all/ws_px4_controls/install/px4_ros_com/share/px4_ros_com/package.zsh'
[0.654s] Level 1:colcon.colcon_core.environment:create_file_with_runtime_dependencies(/home/jmj/ws_all/ws_px4_controls/install/px4_ros_com/share/colcon-core/packages/px4_ros_com)
[0.654s] DEBUG:colcon.colcon_parallel_executor.executor.parallel:closing loop
[0.655s] DEBUG:colcon.colcon_parallel_executor.executor.parallel:loop closed
[0.655s] DEBUG:colcon.colcon_parallel_executor.executor.parallel:run_until_complete finished with '0'
[0.655s] DEBUG:colcon.colcon_core.event_reactor:joining thread
[0.659s] INFO:colcon.colcon_core.plugin_system:Skipping extension 'colcon_notification.desktop_notification.terminal_notifier': Not used on non-Darwin systems
[0.659s] INFO:colcon.colcon_core.plugin_system:Skipping extension 'colcon_notification.desktop_notification.win32': Not used on non-Windows systems
[0.659s] INFO:colcon.colcon_notification.desktop_notification:Sending desktop notification using 'notify2'
[0.665s] DEBUG:colcon.colcon_core.event_reactor:joined thread
[0.666s] INFO:colcon.colcon_core.shell:Creating prefix script '/home/jmj/ws_all/ws_px4_controls/install/local_setup.ps1'
[0.667s] INFO:colcon.colcon_core.shell:Creating prefix util module '/home/jmj/ws_all/ws_px4_controls/install/_local_setup_util_ps1.py'
[0.667s] INFO:colcon.colcon_core.shell:Creating prefix chain script '/home/jmj/ws_all/ws_px4_controls/install/setup.ps1'
[0.668s] INFO:colcon.colcon_core.shell:Creating prefix script '/home/jmj/ws_all/ws_px4_controls/install/local_setup.sh'
[0.669s] INFO:colcon.colcon_core.shell:Creating prefix util module '/home/jmj/ws_all/ws_px4_controls/install/_local_setup_util_sh.py'
[0.669s] INFO:colcon.colcon_core.shell:Creating prefix chain script '/home/jmj/ws_all/ws_px4_controls/install/setup.sh'
[0.670s] INFO:colcon.colcon_core.shell:Creating prefix script '/home/jmj/ws_all/ws_px4_controls/install/local_setup.bash'
[0.670s] INFO:colcon.colcon_core.shell:Creating prefix chain script '/home/jmj/ws_all/ws_px4_controls/install/setup.bash'
[0.670s] INFO:colcon.colcon_core.shell:Creating prefix script '/home/jmj/ws_all/ws_px4_controls/install/local_setup.zsh'
[0.671s] INFO:colcon.colcon_core.shell:Creating prefix chain script '/home/jmj/ws_all/ws_px4_controls/install/setup.zsh'
