[0.009s] Invoking command in '/home/jmj/ws_all/ws_px4_controls/build/px4_ros_com': CMAKE_PREFIX_PATH=/home/jmj/ws_all/ws_px4_controls/install/px4_msgs:/home/jmj/ws_all/ws_px4_controls/install/uav_controller_pkg:/home/jmj/ws_all/ws_px4_controls/install/px4_ros_com:/opt/ros/humble LD_LIBRARY_PATH=/home/jmj/ws_all/ws_px4_controls/install/px4_msgs/lib:/home/jmj/ws_all/ws_px4_controls/install/px4_ros_com/lib:/opt/ros/humble/opt/rviz_ogre_vendor/lib:/opt/ros/humble/lib/x86_64-linux-gnu:/opt/ros/humble/lib:/usr/local/cuda/lib64 /usr/bin/cmake --build /home/jmj/ws_all/ws_px4_controls/build/px4_ros_com -- -j20 -l20
[0.050s] [ 66%] Built target offboard_control
[0.050s] [ 66%] Built target debug_vect_advertiser
[0.050s] [ 66%] Built target offboard_control_srv
[0.050s] [ 66%] Built target frame_transforms
[0.052s] [ 83%] Built target vehicle_gps_position_listener
[0.053s] [100%] Built target sensor_combined_listener
[0.054s] [100%] Built target ament_cmake_python_copy_px4_ros_com
[0.227s] running egg_info
[0.228s] writing px4_ros_com.egg-info/PKG-INFO
[0.228s] writing dependency_links to px4_ros_com.egg-info/dependency_links.txt
[0.228s] writing top-level names to px4_ros_com.egg-info/top_level.txt
[0.231s] reading manifest file 'px4_ros_com.egg-info/SOURCES.txt'
[0.232s] writing manifest file 'px4_ros_com.egg-info/SOURCES.txt'
[0.250s] [100%] Built target ament_cmake_python_build_px4_ros_com_egg
[0.260s] Invoked command in '/home/jmj/ws_all/ws_px4_controls/build/px4_ros_com' returned '0': CMAKE_PREFIX_PATH=/home/jmj/ws_all/ws_px4_controls/install/px4_msgs:/home/jmj/ws_all/ws_px4_controls/install/uav_controller_pkg:/home/jmj/ws_all/ws_px4_controls/install/px4_ros_com:/opt/ros/humble LD_LIBRARY_PATH=/home/jmj/ws_all/ws_px4_controls/install/px4_msgs/lib:/home/jmj/ws_all/ws_px4_controls/install/px4_ros_com/lib:/opt/ros/humble/opt/rviz_ogre_vendor/lib:/opt/ros/humble/lib/x86_64-linux-gnu:/opt/ros/humble/lib:/usr/local/cuda/lib64 /usr/bin/cmake --build /home/jmj/ws_all/ws_px4_controls/build/px4_ros_com -- -j20 -l20
[0.266s] Invoking command in '/home/jmj/ws_all/ws_px4_controls/build/px4_ros_com': CMAKE_PREFIX_PATH=/home/jmj/ws_all/ws_px4_controls/install/px4_msgs:/home/jmj/ws_all/ws_px4_controls/install/uav_controller_pkg:/home/jmj/ws_all/ws_px4_controls/install/px4_ros_com:/opt/ros/humble LD_LIBRARY_PATH=/home/jmj/ws_all/ws_px4_controls/install/px4_msgs/lib:/home/jmj/ws_all/ws_px4_controls/install/px4_ros_com/lib:/opt/ros/humble/opt/rviz_ogre_vendor/lib:/opt/ros/humble/lib/x86_64-linux-gnu:/opt/ros/humble/lib:/usr/local/cuda/lib64 /usr/bin/cmake --install /home/jmj/ws_all/ws_px4_controls/build/px4_ros_com
[0.272s] -- Install configuration: ""
[0.272s] -- Up-to-date: /home/jmj/ws_all/ws_px4_controls/install/px4_ros_com/lib/px4_ros_com/sensor_combined_listener
[0.272s] -- Up-to-date: /home/jmj/ws_all/ws_px4_controls/install/px4_ros_com/lib/px4_ros_com/vehicle_gps_position_listener
[0.272s] -- Up-to-date: /home/jmj/ws_all/ws_px4_controls/install/px4_ros_com/lib/px4_ros_com/debug_vect_advertiser
[0.273s] -- Up-to-date: /home/jmj/ws_all/ws_px4_controls/install/px4_ros_com/lib/px4_ros_com/offboard_control
[0.273s] -- Up-to-date: /home/jmj/ws_all/ws_px4_controls/install/px4_ros_com/lib/px4_ros_com/offboard_control_srv
[0.273s] -- Up-to-date: /home/jmj/ws_all/ws_px4_controls/install/px4_ros_com/share/px4_ros_com/environment/library_path.sh
[0.273s] -- Up-to-date: /home/jmj/ws_all/ws_px4_controls/install/px4_ros_com/share/px4_ros_com/environment/library_path.dsv
[0.273s] -- Up-to-date: /home/jmj/ws_all/ws_px4_controls/install/px4_ros_com/include/px4_ros_com
[0.273s] -- Up-to-date: /home/jmj/ws_all/ws_px4_controls/install/px4_ros_com/include/px4_ros_com/frame_transforms.h
[0.273s] -- Up-to-date: /home/jmj/ws_all/ws_px4_controls/install/px4_ros_com/lib/libframe_transforms.so
[0.273s] -- Up-to-date: /home/jmj/ws_all/ws_px4_controls/install/px4_ros_com/share/px4_ros_com//launch
[0.273s] -- Up-to-date: /home/jmj/ws_all/ws_px4_controls/install/px4_ros_com/share/px4_ros_com//launch/sensor_combined_listener.launch.py
[0.273s] -- Up-to-date: /home/jmj/ws_all/ws_px4_controls/install/px4_ros_com/share/px4_ros_com//launch/offboard_control_launch.yaml
[0.273s] -- Up-to-date: /home/jmj/ws_all/ws_px4_controls/install/px4_ros_com/share/px4_ros_com//test
[0.273s] -- Up-to-date: /home/jmj/ws_all/ws_px4_controls/install/px4_ros_com/share/px4_ros_com//test/test_input.py
[0.273s] -- Up-to-date: /home/jmj/ws_all/ws_px4_controls/install/px4_ros_com/share/px4_ros_com//test/__init__.py
[0.273s] -- Up-to-date: /home/jmj/ws_all/ws_px4_controls/install/px4_ros_com/share/px4_ros_com//test/test_output.py
[0.273s] -- Up-to-date: /home/jmj/ws_all/ws_px4_controls/install/px4_ros_com/share/px4_ros_com//test/pipeline_io_test.py
[0.273s] -- Up-to-date: /home/jmj/ws_all/ws_px4_controls/install/px4_ros_com/share/px4_ros_com/environment/pythonpath.sh
[0.273s] -- Up-to-date: /home/jmj/ws_all/ws_px4_controls/install/px4_ros_com/share/px4_ros_com/environment/pythonpath.dsv
[0.273s] -- Up-to-date: /home/jmj/ws_all/ws_px4_controls/install/px4_ros_com/local/lib/python3.10/dist-packages/px4_ros_com-0.1.0-py3.10.egg-info
[0.273s] -- Installing: /home/jmj/ws_all/ws_px4_controls/install/px4_ros_com/local/lib/python3.10/dist-packages/px4_ros_com-0.1.0-py3.10.egg-info/dependency_links.txt
[0.274s] -- Installing: /home/jmj/ws_all/ws_px4_controls/install/px4_ros_com/local/lib/python3.10/dist-packages/px4_ros_com-0.1.0-py3.10.egg-info/top_level.txt
[0.274s] -- Installing: /home/jmj/ws_all/ws_px4_controls/install/px4_ros_com/local/lib/python3.10/dist-packages/px4_ros_com-0.1.0-py3.10.egg-info/PKG-INFO
[0.274s] -- Installing: /home/jmj/ws_all/ws_px4_controls/install/px4_ros_com/local/lib/python3.10/dist-packages/px4_ros_com-0.1.0-py3.10.egg-info/SOURCES.txt
[0.274s] -- Up-to-date: /home/jmj/ws_all/ws_px4_controls/install/px4_ros_com/local/lib/python3.10/dist-packages/px4_ros_com
[0.274s] -- Up-to-date: /home/jmj/ws_all/ws_px4_controls/install/px4_ros_com/local/lib/python3.10/dist-packages/px4_ros_com/__init__.py
[0.274s] -- Up-to-date: /home/jmj/ws_all/ws_px4_controls/install/px4_ros_com/local/lib/python3.10/dist-packages/px4_ros_com/module_to_import.py
[0.296s] Listing '/home/jmj/ws_all/ws_px4_controls/install/px4_ros_com/local/lib/python3.10/dist-packages/px4_ros_com'...
[0.299s] -- Up-to-date: /home/jmj/ws_all/ws_px4_controls/install/px4_ros_com/lib/px4_ros_com/offboard_control.py
[0.299s] -- Up-to-date: /home/jmj/ws_all/ws_px4_controls/install/px4_ros_com/share/ament_index/resource_index/package_run_dependencies/px4_ros_com
[0.299s] -- Up-to-date: /home/jmj/ws_all/ws_px4_controls/install/px4_ros_com/share/ament_index/resource_index/parent_prefix_path/px4_ros_com
[0.299s] -- Up-to-date: /home/jmj/ws_all/ws_px4_controls/install/px4_ros_com/share/px4_ros_com/environment/ament_prefix_path.sh
[0.299s] -- Up-to-date: /home/jmj/ws_all/ws_px4_controls/install/px4_ros_com/share/px4_ros_com/environment/ament_prefix_path.dsv
[0.299s] -- Up-to-date: /home/jmj/ws_all/ws_px4_controls/install/px4_ros_com/share/px4_ros_com/environment/path.sh
[0.299s] -- Up-to-date: /home/jmj/ws_all/ws_px4_controls/install/px4_ros_com/share/px4_ros_com/environment/path.dsv
[0.299s] -- Up-to-date: /home/jmj/ws_all/ws_px4_controls/install/px4_ros_com/share/px4_ros_com/local_setup.bash
[0.299s] -- Up-to-date: /home/jmj/ws_all/ws_px4_controls/install/px4_ros_com/share/px4_ros_com/local_setup.sh
[0.299s] -- Up-to-date: /home/jmj/ws_all/ws_px4_controls/install/px4_ros_com/share/px4_ros_com/local_setup.zsh
[0.299s] -- Up-to-date: /home/jmj/ws_all/ws_px4_controls/install/px4_ros_com/share/px4_ros_com/local_setup.dsv
[0.299s] -- Installing: /home/jmj/ws_all/ws_px4_controls/install/px4_ros_com/share/px4_ros_com/package.dsv
[0.299s] -- Up-to-date: /home/jmj/ws_all/ws_px4_controls/install/px4_ros_com/share/ament_index/resource_index/packages/px4_ros_com
[0.299s] -- Up-to-date: /home/jmj/ws_all/ws_px4_controls/install/px4_ros_com/share/px4_ros_com/cmake/export_frame_transformsExport.cmake
[0.299s] -- Up-to-date: /home/jmj/ws_all/ws_px4_controls/install/px4_ros_com/share/px4_ros_com/cmake/export_frame_transformsExport-noconfig.cmake
[0.299s] -- Up-to-date: /home/jmj/ws_all/ws_px4_controls/install/px4_ros_com/share/px4_ros_com/cmake/ament_cmake_export_dependencies-extras.cmake
[0.299s] -- Up-to-date: /home/jmj/ws_all/ws_px4_controls/install/px4_ros_com/share/px4_ros_com/cmake/ament_cmake_export_targets-extras.cmake
[0.299s] -- Up-to-date: /home/jmj/ws_all/ws_px4_controls/install/px4_ros_com/share/px4_ros_com/cmake/ament_cmake_export_include_directories-extras.cmake
[0.299s] -- Up-to-date: /home/jmj/ws_all/ws_px4_controls/install/px4_ros_com/share/px4_ros_com/cmake/ament_cmake_export_libraries-extras.cmake
[0.299s] -- Up-to-date: /home/jmj/ws_all/ws_px4_controls/install/px4_ros_com/share/px4_ros_com/cmake/px4_ros_comConfig.cmake
[0.299s] -- Up-to-date: /home/jmj/ws_all/ws_px4_controls/install/px4_ros_com/share/px4_ros_com/cmake/px4_ros_comConfig-version.cmake
[0.299s] -- Up-to-date: /home/jmj/ws_all/ws_px4_controls/install/px4_ros_com/share/px4_ros_com/package.xml
[0.301s] Invoked command in '/home/jmj/ws_all/ws_px4_controls/build/px4_ros_com' returned '0': CMAKE_PREFIX_PATH=/home/jmj/ws_all/ws_px4_controls/install/px4_msgs:/home/jmj/ws_all/ws_px4_controls/install/uav_controller_pkg:/home/jmj/ws_all/ws_px4_controls/install/px4_ros_com:/opt/ros/humble LD_LIBRARY_PATH=/home/jmj/ws_all/ws_px4_controls/install/px4_msgs/lib:/home/jmj/ws_all/ws_px4_controls/install/px4_ros_com/lib:/opt/ros/humble/opt/rviz_ogre_vendor/lib:/opt/ros/humble/lib/x86_64-linux-gnu:/opt/ros/humble/lib:/usr/local/cuda/lib64 /usr/bin/cmake --install /home/jmj/ws_all/ws_px4_controls/build/px4_ros_com
